[debug] [2024-09-03T09:15:04.518Z] ----------------------------------------------------------------------
[debug] [2024-09-03T09:15:04.523Z] Command:       /usr/local/bin/node /usr/local/bin/firebase deploy --only functions
[debug] [2024-09-03T09:15:04.523Z] CLI Version:   13.16.0
[debug] [2024-09-03T09:15:04.523Z] Platform:      darwin
[debug] [2024-09-03T09:15:04.524Z] Node Version:  v20.11.0
[debug] [2024-09-03T09:15:04.524Z] Time:          Tue Sep 03 2024 18:15:04 GMT+0900 (Korean Standard Time)
[debug] [2024-09-03T09:15:04.524Z] ----------------------------------------------------------------------
[debug] 
[debug] [2024-09-03T09:15:04.558Z] > command requires scopes: ["email","openid","https://www.googleapis.com/auth/cloudplatformprojects.readonly","https://www.googleapis.com/auth/firebase","https://www.googleapis.com/auth/cloud-platform"]
[debug] [2024-09-03T09:15:04.558Z] > authorizing via signed-in user (wonhong1996@gmail.com)
[debug] [2024-09-03T09:15:04.558Z] [iam] checking project x-news-korea-f1830 for permissions ["cloudfunctions.functions.create","cloudfunctions.functions.delete","cloudfunctions.functions.get","cloudfunctions.functions.list","cloudfunctions.functions.update","cloudfunctions.operations.get","firebase.projects.get"]
[debug] [2024-09-03T09:15:04.559Z] >>> [apiv2][query] POST https://cloudresourcemanager.googleapis.com/v1/projects/x-news-korea-f1830:testIamPermissions [none]
[debug] [2024-09-03T09:15:04.559Z] >>> [apiv2][(partial)header] POST https://cloudresourcemanager.googleapis.com/v1/projects/x-news-korea-f1830:testIamPermissions x-goog-quota-user=projects/x-news-korea-f1830
[debug] [2024-09-03T09:15:04.559Z] >>> [apiv2][body] POST https://cloudresourcemanager.googleapis.com/v1/projects/x-news-korea-f1830:testIamPermissions {"permissions":["cloudfunctions.functions.create","cloudfunctions.functions.delete","cloudfunctions.functions.get","cloudfunctions.functions.list","cloudfunctions.functions.update","cloudfunctions.operations.get","firebase.projects.get"]}
[debug] [2024-09-03T09:15:05.251Z] <<< [apiv2][status] POST https://cloudresourcemanager.googleapis.com/v1/projects/x-news-korea-f1830:testIamPermissions 200
[debug] [2024-09-03T09:15:05.252Z] <<< [apiv2][body] POST https://cloudresourcemanager.googleapis.com/v1/projects/x-news-korea-f1830:testIamPermissions {"permissions":["cloudfunctions.functions.create","cloudfunctions.functions.delete","cloudfunctions.functions.get","cloudfunctions.functions.list","cloudfunctions.functions.update","cloudfunctions.operations.get","firebase.projects.get"]}
[debug] [2024-09-03T09:15:05.252Z] >>> [apiv2][query] POST https://iam.googleapis.com/v1/projects/x-news-korea-f1830/serviceAccounts/x-news-korea-f1830@appspot.gserviceaccount.com:testIamPermissions [none]
[debug] [2024-09-03T09:15:05.253Z] >>> [apiv2][body] POST https://iam.googleapis.com/v1/projects/x-news-korea-f1830/serviceAccounts/x-news-korea-f1830@appspot.gserviceaccount.com:testIamPermissions {"permissions":["iam.serviceAccounts.actAs"]}
[debug] [2024-09-03T09:15:06.010Z] <<< [apiv2][status] POST https://iam.googleapis.com/v1/projects/x-news-korea-f1830/serviceAccounts/x-news-korea-f1830@appspot.gserviceaccount.com:testIamPermissions 200
[debug] [2024-09-03T09:15:06.011Z] <<< [apiv2][body] POST https://iam.googleapis.com/v1/projects/x-news-korea-f1830/serviceAccounts/x-news-korea-f1830@appspot.gserviceaccount.com:testIamPermissions {"permissions":["iam.serviceAccounts.actAs"]}
[info] 
[info] === Deploying to 'x-news-korea-f1830'...
[info] 
[info] i  deploying functions 
[debug] [2024-09-03T09:15:06.015Z] >>> [apiv2][query] GET https://firebase.googleapis.com/v1beta1/projects/x-news-korea-f1830 [none]
[debug] [2024-09-03T09:15:06.779Z] <<< [apiv2][status] GET https://firebase.googleapis.com/v1beta1/projects/x-news-korea-f1830 200
[debug] [2024-09-03T09:15:06.779Z] <<< [apiv2][body] GET https://firebase.googleapis.com/v1beta1/projects/x-news-korea-f1830 {"projectId":"x-news-korea-f1830","projectNumber":"459934345714","displayName":"x-news-korea","name":"projects/x-news-korea-f1830","resources":{"hostingSite":"x-news-korea-f1830","storageBucket":"x-news-korea-f1830.appspot.com","locationId":"asia-northeast3"},"state":"ACTIVE","etag":"1_ad487e21-f99f-4048-85ec-04bc2536caff"}
[info] i  functions: preparing codebase default for deployment 
[info] i  functions: ensuring required API cloudfunctions.googleapis.com is enabled... 
[info] i  functions: ensuring required API cloudbuild.googleapis.com is enabled... 
[info] i  artifactregistry: ensuring required API artifactregistry.googleapis.com is enabled... 
[debug] [2024-09-03T09:15:06.781Z] >>> [apiv2][query] GET https://serviceusage.googleapis.com/v1/projects/x-news-korea-f1830/services/cloudfunctions.googleapis.com [none]
[debug] [2024-09-03T09:15:06.781Z] >>> [apiv2][(partial)header] GET https://serviceusage.googleapis.com/v1/projects/x-news-korea-f1830/services/cloudfunctions.googleapis.com x-goog-quota-user=projects/x-news-korea-f1830
[debug] [2024-09-03T09:15:06.783Z] >>> [apiv2][query] GET https://serviceusage.googleapis.com/v1/projects/x-news-korea-f1830/services/runtimeconfig.googleapis.com [none]
[debug] [2024-09-03T09:15:06.783Z] >>> [apiv2][(partial)header] GET https://serviceusage.googleapis.com/v1/projects/x-news-korea-f1830/services/runtimeconfig.googleapis.com x-goog-quota-user=projects/x-news-korea-f1830
[debug] [2024-09-03T09:15:06.784Z] >>> [apiv2][query] GET https://serviceusage.googleapis.com/v1/projects/x-news-korea-f1830/services/cloudbuild.googleapis.com [none]
[debug] [2024-09-03T09:15:06.784Z] >>> [apiv2][(partial)header] GET https://serviceusage.googleapis.com/v1/projects/x-news-korea-f1830/services/cloudbuild.googleapis.com x-goog-quota-user=projects/x-news-korea-f1830
[debug] [2024-09-03T09:15:06.785Z] >>> [apiv2][query] GET https://serviceusage.googleapis.com/v1/projects/x-news-korea-f1830/services/artifactregistry.googleapis.com [none]
[debug] [2024-09-03T09:15:06.785Z] >>> [apiv2][(partial)header] GET https://serviceusage.googleapis.com/v1/projects/x-news-korea-f1830/services/artifactregistry.googleapis.com x-goog-quota-user=projects/x-news-korea-f1830
[debug] [2024-09-03T09:15:07.838Z] <<< [apiv2][status] GET https://serviceusage.googleapis.com/v1/projects/x-news-korea-f1830/services/artifactregistry.googleapis.com 200
[debug] [2024-09-03T09:15:07.838Z] <<< [apiv2][body] GET https://serviceusage.googleapis.com/v1/projects/x-news-korea-f1830/services/artifactregistry.googleapis.com [omitted]
[info] ✔  artifactregistry: required API artifactregistry.googleapis.com is enabled 
[debug] [2024-09-03T09:15:07.840Z] <<< [apiv2][status] GET https://serviceusage.googleapis.com/v1/projects/x-news-korea-f1830/services/cloudfunctions.googleapis.com 200
[debug] [2024-09-03T09:15:07.840Z] <<< [apiv2][body] GET https://serviceusage.googleapis.com/v1/projects/x-news-korea-f1830/services/cloudfunctions.googleapis.com [omitted]
[info] ✔  functions: required API cloudfunctions.googleapis.com is enabled 
[debug] [2024-09-03T09:15:07.841Z] <<< [apiv2][status] GET https://serviceusage.googleapis.com/v1/projects/x-news-korea-f1830/services/cloudbuild.googleapis.com 200
[debug] [2024-09-03T09:15:07.841Z] <<< [apiv2][body] GET https://serviceusage.googleapis.com/v1/projects/x-news-korea-f1830/services/cloudbuild.googleapis.com [omitted]
[info] ✔  functions: required API cloudbuild.googleapis.com is enabled 
[debug] [2024-09-03T09:15:07.841Z] <<< [apiv2][status] GET https://serviceusage.googleapis.com/v1/projects/x-news-korea-f1830/services/runtimeconfig.googleapis.com 200
[debug] [2024-09-03T09:15:07.841Z] <<< [apiv2][body] GET https://serviceusage.googleapis.com/v1/projects/x-news-korea-f1830/services/runtimeconfig.googleapis.com [omitted]
[debug] [2024-09-03T09:15:07.842Z] >>> [apiv2][query] GET https://firebase.googleapis.com/v1beta1/projects/x-news-korea-f1830/adminSdkConfig [none]
[debug] [2024-09-03T09:15:08.887Z] <<< [apiv2][status] GET https://firebase.googleapis.com/v1beta1/projects/x-news-korea-f1830/adminSdkConfig 200
[debug] [2024-09-03T09:15:08.888Z] <<< [apiv2][body] GET https://firebase.googleapis.com/v1beta1/projects/x-news-korea-f1830/adminSdkConfig {"projectId":"x-news-korea-f1830","storageBucket":"x-news-korea-f1830.appspot.com","locationId":"asia-northeast3"}
[debug] [2024-09-03T09:15:08.889Z] >>> [apiv2][query] GET https://runtimeconfig.googleapis.com/v1beta1/projects/x-news-korea-f1830/configs [none]
[debug] [2024-09-03T09:15:09.582Z] <<< [apiv2][status] GET https://runtimeconfig.googleapis.com/v1beta1/projects/x-news-korea-f1830/configs 200
[debug] [2024-09-03T09:15:09.582Z] <<< [apiv2][body] GET https://runtimeconfig.googleapis.com/v1beta1/projects/x-news-korea-f1830/configs {}
[debug] [2024-09-03T09:15:09.585Z] Validating nodejs source
[warn] ⚠  functions: package.json indicates an outdated version of firebase-functions. Please upgrade using npm install --save firebase-functions@latest in your functions directory. 
[debug] [2024-09-03T09:15:10.596Z] > [functions] package.json contents: {
  "name": "functions",
  "description": "Cloud Functions for Firebase",
  "scripts": {
    "serve": "firebase emulators:start --only functions",
    "shell": "firebase functions:shell",
    "start": "npm run shell",
    "deploy": "firebase deploy --only functions",
    "logs": "firebase functions:log"
  },
  "engines": {
    "node": "18"
  },
  "main": "index.js",
  "dependencies": {
    "@google-cloud/secret-manager": "^5.6.0",
    "axios": "^1.7.7",
    "firebase-admin": "^12.1.0",
    "firebase-functions": "^5.0.0"
  },
  "devDependencies": {
    "firebase-functions-test": "^3.1.0"
  },
  "private": true
}
[debug] [2024-09-03T09:15:10.596Z] Building nodejs source
[info] i  functions: Loading and analyzing source code for codebase default to determine what to deploy 
[debug] [2024-09-03T09:15:10.597Z] Could not find functions.yaml. Must use http discovery
[debug] [2024-09-03T09:15:10.601Z] Found firebase-functions binary at '/Users/wonjonghong/StudioProjects/x_newskorea/functions/node_modules/.bin/firebase-functions'
[info] Serving at port 8713

[debug] [2024-09-03T09:15:10.937Z] Got response from /__/functions.yaml {"endpoints":{"getSecretsFunction":{"platform":"gcfv1","labels":{},"availableMemoryMb":null,"timeoutSeconds":null,"minInstances":null,"maxInstances":null,"ingressSettings":null,"serviceAccountEmail":null,"vpc":null,"callableTrigger":{},"entryPoint":"getSecretsFunction"},"fetchCommunityPostsFunction":{"platform":"gcfv1","availableMemoryMb":null,"timeoutSeconds":null,"minInstances":null,"maxInstances":null,"ingressSettings":null,"serviceAccountEmail":null,"vpc":null,"scheduleTrigger":{"schedule":"every 5 minutes","retryConfig":{"retryCount":null,"maxDoublings":null,"maxRetryDuration":null,"maxBackoffDuration":null,"minBackoffDuration":null},"timeZone":null},"labels":{},"entryPoint":"fetchCommunityPostsFunction"}},"specVersion":"v1alpha1","requiredAPIs":[{"api":"cloudscheduler.googleapis.com","reason":"Needed for scheduled functions."}],"extensions":{}}
[info] i  functions: preparing functions directory for uploading... 
[info] i  functions: packaged /Users/wonjonghong/StudioProjects/x_newskorea/functions (64.38 KB) for uploading 
[debug] [2024-09-03T09:15:15.976Z] >>> [apiv2][query] GET https://cloudfunctions.googleapis.com/v1/projects/x-news-korea-f1830/locations/-/functions [none]
[debug] [2024-09-03T09:15:17.044Z] <<< [apiv2][status] GET https://cloudfunctions.googleapis.com/v1/projects/x-news-korea-f1830/locations/-/functions 200
[debug] [2024-09-03T09:15:17.044Z] <<< [apiv2][body] GET https://cloudfunctions.googleapis.com/v1/projects/x-news-korea-f1830/locations/-/functions {"functions":[{"name":"projects/x-news-korea-f1830/locations/us-central1/functions/fetchCommunityPostsFunction","eventTrigger":{"eventType":"google.pubsub.topic.publish","resource":"projects/x-news-korea-f1830/topics/firebase-schedule-fetchCommunityPostsFunction-us-central1","service":"pubsub.googleapis.com","failurePolicy":{}},"status":"ACTIVE","entryPoint":"fetchCommunityPostsFunction","timeout":"60s","availableMemoryMb":256,"serviceAccountEmail":"x-news-korea-f1830@appspot.gserviceaccount.com","updateTime":"2024-09-03T09:04:08.686Z","versionId":"3","labels":{"deployment-tool":"cli-firebase","deployment-scheduled":"true","firebase-functions-hash":"525d9624e169bb2b1d92fd9592f9fcd2ebca6fda"},"sourceUploadUrl":"https://storage.googleapis.com/uploads-993892563940.us-central1.cloudfunctions.appspot.com/45cd6380-f6ee-42ff-b083-7433b70e0735.zip","environmentVariables":{"FIREBASE_CONFIG":"{\"projectId\":\"x-news-korea-f1830\",\"storageBucket\":\"x-news-korea-f1830.appspot.com\",\"locationId\":\"asia-northeast3\"}","GCLOUD_PROJECT":"x-news-korea-f1830","EVENTARC_CLOUD_EVENT_SOURCE":"projects/x-news-korea-f1830/locations/us-central1/functions/fetchCommunityPostsFunction"},"runtime":"nodejs18","maxInstances":3000,"ingressSettings":"ALLOW_ALL","buildId":"a2ced038-47e9-4040-84c6-c2947388dbde","buildEnvironmentVariables":{"GOOGLE_NODE_RUN_SCRIPTS":""},"buildName":"projects/459934345714/locations/us-central1/builds/a2ced038-47e9-4040-84c6-c2947388dbde","dockerRegistry":"ARTIFACT_REGISTRY","automaticUpdatePolicy":{},"buildServiceAccount":"459934345714-compute@developer.gserviceaccount.com"},{"name":"projects/x-news-korea-f1830/locations/us-central1/functions/getSecretsFunction","httpsTrigger":{"url":"https://us-central1-x-news-korea-f1830.cloudfunctions.net/getSecretsFunction","securityLevel":"SECURE_ALWAYS"},"status":"ACTIVE","entryPoint":"getSecretsFunction","timeout":"60s","availableMemoryMb":256,"serviceAccountEmail":"x-news-korea-f1830@appspot.gserviceaccount.com","updateTime":"2024-09-03T09:03:37.326Z","versionId":"14","labels":{"deployment-tool":"cli-firebase","deployment-callable":"true","firebase-functions-hash":"525d9624e169bb2b1d92fd9592f9fcd2ebca6fda"},"sourceUploadUrl":"https://storage.googleapis.com/uploads-993892563940.us-central1.cloudfunctions.appspot.com/45cd6380-f6ee-42ff-b083-7433b70e0735.zip","environmentVariables":{"FIREBASE_CONFIG":"{\"projectId\":\"x-news-korea-f1830\",\"storageBucket\":\"x-news-korea-f1830.appspot.com\",\"locationId\":\"asia-northeast3\"}","GCLOUD_PROJECT":"x-news-korea-f1830","EVENTARC_CLOUD_EVENT_SOURCE":"projects/x-news-korea-f1830/locations/us-central1/functions/getSecretsFunction"},"runtime":"nodejs18","ingressSettings":"ALLOW_ALL","buildId":"a2ced038-47e9-4040-84c6-c2947388dbde","buildEnvironmentVariables":{"GOOGLE_NODE_RUN_SCRIPTS":""},"buildName":"projects/459934345714/locations/us-central1/builds/a2ced038-47e9-4040-84c6-c2947388dbde","dockerRegistry":"ARTIFACT_REGISTRY","automaticUpdatePolicy":{},"buildServiceAccount":"459934345714-compute@developer.gserviceaccount.com"}]}
[debug] [2024-09-03T09:15:17.046Z] >>> [apiv2][query] GET https://cloudfunctions.googleapis.com/v2/projects/x-news-korea-f1830/locations/-/functions filter=environment%3D%22GEN_2%22
[debug] [2024-09-03T09:15:17.776Z] <<< [apiv2][status] GET https://cloudfunctions.googleapis.com/v2/projects/x-news-korea-f1830/locations/-/functions 200
[debug] [2024-09-03T09:15:17.776Z] <<< [apiv2][body] GET https://cloudfunctions.googleapis.com/v2/projects/x-news-korea-f1830/locations/-/functions {}
[info] i  functions: ensuring required API cloudscheduler.googleapis.com is enabled... 
[debug] [2024-09-03T09:15:17.780Z] >>> [apiv2][query] GET https://serviceusage.googleapis.com/v1/projects/x-news-korea-f1830/services/cloudscheduler.googleapis.com [none]
[debug] [2024-09-03T09:15:17.780Z] >>> [apiv2][(partial)header] GET https://serviceusage.googleapis.com/v1/projects/x-news-korea-f1830/services/cloudscheduler.googleapis.com x-goog-quota-user=projects/x-news-korea-f1830
[debug] [2024-09-03T09:15:18.574Z] <<< [apiv2][status] GET https://serviceusage.googleapis.com/v1/projects/x-news-korea-f1830/services/cloudscheduler.googleapis.com 200
[debug] [2024-09-03T09:15:18.574Z] <<< [apiv2][body] GET https://serviceusage.googleapis.com/v1/projects/x-news-korea-f1830/services/cloudscheduler.googleapis.com [omitted]
[info] ✔  functions: required API cloudscheduler.googleapis.com is enabled 
[debug] [2024-09-03T09:15:18.579Z] >>> [apiv2][query] GET https://firebase.googleapis.com/v1beta1/projects/x-news-korea-f1830 [none]
[debug] [2024-09-03T09:15:19.093Z] <<< [apiv2][status] GET https://firebase.googleapis.com/v1beta1/projects/x-news-korea-f1830 200
[debug] [2024-09-03T09:15:19.094Z] <<< [apiv2][body] GET https://firebase.googleapis.com/v1beta1/projects/x-news-korea-f1830 {"projectId":"x-news-korea-f1830","projectNumber":"459934345714","displayName":"x-news-korea","name":"projects/x-news-korea-f1830","resources":{"hostingSite":"x-news-korea-f1830","storageBucket":"x-news-korea-f1830.appspot.com","locationId":"asia-northeast3"},"state":"ACTIVE","etag":"1_ad487e21-f99f-4048-85ec-04bc2536caff"}
[debug] [2024-09-03T09:15:19.097Z] >>> [apiv2][query] POST https://cloudfunctions.googleapis.com/v1/projects/x-news-korea-f1830/locations/us-central1/functions:generateUploadUrl [none]
[debug] [2024-09-03T09:15:19.098Z] >>> [apiv2][body] POST https://cloudfunctions.googleapis.com/v1/projects/x-news-korea-f1830/locations/us-central1/functions:generateUploadUrl {}
[debug] [2024-09-03T09:15:19.786Z] <<< [apiv2][status] POST https://cloudfunctions.googleapis.com/v1/projects/x-news-korea-f1830/locations/us-central1/functions:generateUploadUrl 200
[debug] [2024-09-03T09:15:19.787Z] <<< [apiv2][body] POST https://cloudfunctions.googleapis.com/v1/projects/x-news-korea-f1830/locations/us-central1/functions:generateUploadUrl {"uploadUrl":"https://storage.googleapis.com/uploads-993892563940.us-central1.cloudfunctions.appspot.com/56c469c3-4c7d-4287-a5f4-c20a6aeb8675.zip?GoogleAccessId=service-459934345714@gcf-admin-robot.iam.gserviceaccount.com&Expires=1725356719&Signature=P5o%2F0XcFjaLZEPH%2BDMid7eseOsG5EpsLf6hGffh365a5yfV6OX7k8ybanNHyhV4jlx198LQ%2BYtv6qX%2BiOrny6bAYMnxRPWK9rLO%2B%2BxDsGcFLk7OOz2R4%2BGtM1BgoxNJJMfY%2BG8vy79YeP%2BlFudYniKpwOSFpTXwUsIQXaM8xh7N0V2ULtceaKxO08wqZFyU08CKqlgZtxEnMVDGWfiPfZFw9%2F296URyEfaickpmmM7U4tsYlmUdLbJqTpDw3Aa2ZimzMNjqsnKumWZVMifEKGoXz8LRmpq2rv9XKuYDRImXFei9kWElDXE%2BkEhFLjgkrX5LG5DlY0SG83%2Fpz%2BDTcMw%3D%3D"}
[debug] [2024-09-03T09:15:19.791Z] >>> [apiv2][query] PUT https://storage.googleapis.com/uploads-993892563940.us-central1.cloudfunctions.appspot.com/56c469c3-4c7d-4287-a5f4-c20a6aeb8675.zip GoogleAccessId=service-459934345714%40gcf-admin-robot.iam.gserviceaccount.com&Expires=1725356719&Signature=P5o%2F0XcFjaLZEPH%2BDMid7eseOsG5EpsLf6hGffh365a5yfV6OX7k8ybanNHyhV4jlx198LQ%2BYtv6qX%2BiOrny6bAYMnxRPWK9rLO%2B%2BxDsGcFLk7OOz2R4%2BGtM1BgoxNJJMfY%2BG8vy79YeP%2BlFudYniKpwOSFpTXwUsIQXaM8xh7N0V2ULtceaKxO08wqZFyU08CKqlgZtxEnMVDGWfiPfZFw9%2F296URyEfaickpmmM7U4tsYlmUdLbJqTpDw3Aa2ZimzMNjqsnKumWZVMifEKGoXz8LRmpq2rv9XKuYDRImXFei9kWElDXE%2BkEhFLjgkrX5LG5DlY0SG83%2Fpz%2BDTcMw%3D%3D
[debug] [2024-09-03T09:15:19.791Z] >>> [apiv2][body] PUT https://storage.googleapis.com/uploads-993892563940.us-central1.cloudfunctions.appspot.com/56c469c3-4c7d-4287-a5f4-c20a6aeb8675.zip [stream]
[debug] [2024-09-03T09:15:20.768Z] <<< [apiv2][status] PUT https://storage.googleapis.com/uploads-993892563940.us-central1.cloudfunctions.appspot.com/56c469c3-4c7d-4287-a5f4-c20a6aeb8675.zip 200
[debug] [2024-09-03T09:15:20.768Z] <<< [apiv2][body] PUT https://storage.googleapis.com/uploads-993892563940.us-central1.cloudfunctions.appspot.com/56c469c3-4c7d-4287-a5f4-c20a6aeb8675.zip [omitted]
[info] ✔  functions: functions folder uploaded successfully 
[info] i  functions: updating Node.js 18 (1st Gen) function getSecretsFunction(us-central1)... 
[info] i  functions: updating Node.js 18 (1st Gen) function fetchCommunityPostsFunction(us-central1)... 
[debug] [2024-09-03T09:15:20.779Z] >>> [apiv2][query] PATCH https://cloudfunctions.googleapis.com/v1/projects/x-news-korea-f1830/locations/us-central1/functions/getSecretsFunction updateMask=name%2CsourceUploadUrl%2CentryPoint%2Cruntime%2CdockerRegistry%2Clabels%2ChttpsTrigger.securityLevel%2CminInstances%2CmaxInstances%2CingressSettings%2CenvironmentVariables%2CserviceAccountEmail%2CavailableMemoryMb%2Ctimeout%2CvpcConnector%2CvpcConnectorEgressSettings%2CsourceToken%2CbuildEnvironmentVariables
[debug] [2024-09-03T09:15:20.780Z] >>> [apiv2][body] PATCH https://cloudfunctions.googleapis.com/v1/projects/x-news-korea-f1830/locations/us-central1/functions/getSecretsFunction {"name":"projects/x-news-korea-f1830/locations/us-central1/functions/getSecretsFunction","sourceUploadUrl":"https://storage.googleapis.com/uploads-993892563940.us-central1.cloudfunctions.appspot.com/56c469c3-4c7d-4287-a5f4-c20a6aeb8675.zip?GoogleAccessId=service-459934345714@gcf-admin-robot.iam.gserviceaccount.com&Expires=1725356719&Signature=P5o%2F0XcFjaLZEPH%2BDMid7eseOsG5EpsLf6hGffh365a5yfV6OX7k8ybanNHyhV4jlx198LQ%2BYtv6qX%2BiOrny6bAYMnxRPWK9rLO%2B%2BxDsGcFLk7OOz2R4%2BGtM1BgoxNJJMfY%2BG8vy79YeP%2BlFudYniKpwOSFpTXwUsIQXaM8xh7N0V2ULtceaKxO08wqZFyU08CKqlgZtxEnMVDGWfiPfZFw9%2F296URyEfaickpmmM7U4tsYlmUdLbJqTpDw3Aa2ZimzMNjqsnKumWZVMifEKGoXz8LRmpq2rv9XKuYDRImXFei9kWElDXE%2BkEhFLjgkrX5LG5DlY0SG83%2Fpz%2BDTcMw%3D%3D","entryPoint":"getSecretsFunction","runtime":"nodejs18","dockerRegistry":"ARTIFACT_REGISTRY","labels":{"deployment-tool":"cli-firebase","deployment-callable":"true","firebase-functions-hash":"8fddf2ccc5394c42564580ff631e5f665d58f7a4"},"httpsTrigger":{"securityLevel":"SECURE_ALWAYS"},"minInstances":null,"maxInstances":null,"ingressSettings":null,"environmentVariables":{"FIREBASE_CONFIG":"{\"projectId\":\"x-news-korea-f1830\",\"storageBucket\":\"x-news-korea-f1830.appspot.com\",\"locationId\":\"asia-northeast3\"}","GCLOUD_PROJECT":"x-news-korea-f1830","EVENTARC_CLOUD_EVENT_SOURCE":"projects/x-news-korea-f1830/locations/us-central1/functions/getSecretsFunction"},"serviceAccountEmail":null,"availableMemoryMb":null,"timeout":null,"vpcConnector":null,"vpcConnectorEgressSettings":null,"buildEnvironmentVariables":{"GOOGLE_NODE_RUN_SCRIPTS":""}}
[debug] [2024-09-03T09:15:21.354Z] <<< [apiv2][status] PATCH https://cloudfunctions.googleapis.com/v1/projects/x-news-korea-f1830/locations/us-central1/functions/getSecretsFunction 200
[debug] [2024-09-03T09:15:21.355Z] <<< [apiv2][body] PATCH https://cloudfunctions.googleapis.com/v1/projects/x-news-korea-f1830/locations/us-central1/functions/getSecretsFunction {"name":"operations/eC1uZXdzLWtvcmVhLWYxODMwL3VzLWNlbnRyYWwxL2dldFNlY3JldHNGdW5jdGlvbi9HbnBPYXBNdXdTYw","metadata":{"@type":"type.googleapis.com/google.cloud.functions.v1.OperationMetadataV1","target":"projects/x-news-korea-f1830/locations/us-central1/functions/getSecretsFunction","type":"UPDATE_FUNCTION","request":{"@type":"type.googleapis.com/google.cloud.functions.v1.CloudFunction","name":"projects/x-news-korea-f1830/locations/us-central1/functions/getSecretsFunction","httpsTrigger":{"url":"https://us-central1-x-news-korea-f1830.cloudfunctions.net/getSecretsFunction","securityLevel":"SECURE_ALWAYS"},"status":"ACTIVE","entryPoint":"getSecretsFunction","updateTime":"2024-09-03T09:03:37.326Z","versionId":"14","labels":{"deployment-tool":"cli-firebase","deployment-callable":"true","firebase-functions-hash":"8fddf2ccc5394c42564580ff631e5f665d58f7a4"},"sourceUploadUrl":"https://storage.googleapis.com/uploads-993892563940.us-central1.cloudfunctions.appspot.com/56c469c3-4c7d-4287-a5f4-c20a6aeb8675.zip?GoogleAccessId=service-459934345714@gcf-admin-robot.iam.gserviceaccount.com&Expires=1725356719&Signature=P5o%2F0XcFjaLZEPH%2BDMid7eseOsG5EpsLf6hGffh365a5yfV6OX7k8ybanNHyhV4jlx198LQ%2BYtv6qX%2BiOrny6bAYMnxRPWK9rLO%2B%2BxDsGcFLk7OOz2R4%2BGtM1BgoxNJJMfY%2BG8vy79YeP%2BlFudYniKpwOSFpTXwUsIQXaM8xh7N0V2ULtceaKxO08wqZFyU08CKqlgZtxEnMVDGWfiPfZFw9%2F296URyEfaickpmmM7U4tsYlmUdLbJqTpDw3Aa2ZimzMNjqsnKumWZVMifEKGoXz8LRmpq2rv9XKuYDRImXFei9kWElDXE%2BkEhFLjgkrX5LG5DlY0SG83%2Fpz%2BDTcMw%3D%3D","environmentVariables":{"FIREBASE_CONFIG":"{\"projectId\":\"x-news-korea-f1830\",\"storageBucket\":\"x-news-korea-f1830.appspot.com\",\"locationId\":\"asia-northeast3\"}","GCLOUD_PROJECT":"x-news-korea-f1830","EVENTARC_CLOUD_EVENT_SOURCE":"projects/x-news-korea-f1830/locations/us-central1/functions/getSecretsFunction"},"runtime":"nodejs18","buildId":"a2ced038-47e9-4040-84c6-c2947388dbde","buildEnvironmentVariables":{"GOOGLE_NODE_RUN_SCRIPTS":""},"buildName":"projects/459934345714/locations/us-central1/builds/a2ced038-47e9-4040-84c6-c2947388dbde","dockerRegistry":"ARTIFACT_REGISTRY","automaticUpdatePolicy":{},"buildServiceAccount":"459934345714-compute@developer.gserviceaccount.com"},"versionId":"15","updateTime":"2024-09-03T09:15:21Z"}}
[debug] [2024-09-03T09:15:21.357Z] >>> [apiv2][query] GET https://cloudfunctions.googleapis.com/v1/operations/eC1uZXdzLWtvcmVhLWYxODMwL3VzLWNlbnRyYWwxL2dldFNlY3JldHNGdW5jdGlvbi9HbnBPYXBNdXdTYw [none]
[debug] [2024-09-03T09:15:21.655Z] <<< [apiv2][status] GET https://cloudfunctions.googleapis.com/v1/operations/eC1uZXdzLWtvcmVhLWYxODMwL3VzLWNlbnRyYWwxL2dldFNlY3JldHNGdW5jdGlvbi9HbnBPYXBNdXdTYw 200
[debug] [2024-09-03T09:15:21.655Z] <<< [apiv2][body] GET https://cloudfunctions.googleapis.com/v1/operations/eC1uZXdzLWtvcmVhLWYxODMwL3VzLWNlbnRyYWwxL2dldFNlY3JldHNGdW5jdGlvbi9HbnBPYXBNdXdTYw {"name":"operations/eC1uZXdzLWtvcmVhLWYxODMwL3VzLWNlbnRyYWwxL2dldFNlY3JldHNGdW5jdGlvbi9HbnBPYXBNdXdTYw","metadata":{"@type":"type.googleapis.com/google.cloud.functions.v1.OperationMetadataV1","target":"projects/x-news-korea-f1830/locations/us-central1/functions/getSecretsFunction","type":"UPDATE_FUNCTION","request":{"@type":"type.googleapis.com/google.cloud.functions.v1.CloudFunction","name":"projects/x-news-korea-f1830/locations/us-central1/functions/getSecretsFunction","httpsTrigger":{"url":"https://us-central1-x-news-korea-f1830.cloudfunctions.net/getSecretsFunction","securityLevel":"SECURE_ALWAYS"},"status":"ACTIVE","entryPoint":"getSecretsFunction","updateTime":"2024-09-03T09:03:37.326Z","versionId":"14","labels":{"deployment-tool":"cli-firebase","deployment-callable":"true","firebase-functions-hash":"8fddf2ccc5394c42564580ff631e5f665d58f7a4"},"sourceUploadUrl":"https://storage.googleapis.com/uploads-993892563940.us-central1.cloudfunctions.appspot.com/56c469c3-4c7d-4287-a5f4-c20a6aeb8675.zip?GoogleAccessId=service-459934345714@gcf-admin-robot.iam.gserviceaccount.com&Expires=1725356719&Signature=P5o%2F0XcFjaLZEPH%2BDMid7eseOsG5EpsLf6hGffh365a5yfV6OX7k8ybanNHyhV4jlx198LQ%2BYtv6qX%2BiOrny6bAYMnxRPWK9rLO%2B%2BxDsGcFLk7OOz2R4%2BGtM1BgoxNJJMfY%2BG8vy79YeP%2BlFudYniKpwOSFpTXwUsIQXaM8xh7N0V2ULtceaKxO08wqZFyU08CKqlgZtxEnMVDGWfiPfZFw9%2F296URyEfaickpmmM7U4tsYlmUdLbJqTpDw3Aa2ZimzMNjqsnKumWZVMifEKGoXz8LRmpq2rv9XKuYDRImXFei9kWElDXE%2BkEhFLjgkrX5LG5DlY0SG83%2Fpz%2BDTcMw%3D%3D","environmentVariables":{"FIREBASE_CONFIG":"{\"projectId\":\"x-news-korea-f1830\",\"storageBucket\":\"x-news-korea-f1830.appspot.com\",\"locationId\":\"asia-northeast3\"}","GCLOUD_PROJECT":"x-news-korea-f1830","EVENTARC_CLOUD_EVENT_SOURCE":"projects/x-news-korea-f1830/locations/us-central1/functions/getSecretsFunction"},"runtime":"nodejs18","buildId":"a2ced038-47e9-4040-84c6-c2947388dbde","buildEnvironmentVariables":{"GOOGLE_NODE_RUN_SCRIPTS":""},"buildName":"projects/459934345714/locations/us-central1/builds/a2ced038-47e9-4040-84c6-c2947388dbde","dockerRegistry":"ARTIFACT_REGISTRY","automaticUpdatePolicy":{},"buildServiceAccount":"459934345714-compute@developer.gserviceaccount.com"},"versionId":"15","updateTime":"2024-09-03T09:15:21Z"}}
[debug] [2024-09-03T09:15:22.158Z] [update-default-us-central1-getSecretsFunction] Retrying task index 0
[debug] [2024-09-03T09:15:22.160Z] >>> [apiv2][query] GET https://cloudfunctions.googleapis.com/v1/operations/eC1uZXdzLWtvcmVhLWYxODMwL3VzLWNlbnRyYWwxL2dldFNlY3JldHNGdW5jdGlvbi9HbnBPYXBNdXdTYw [none]
[debug] [2024-09-03T09:15:22.473Z] <<< [apiv2][status] GET https://cloudfunctions.googleapis.com/v1/operations/eC1uZXdzLWtvcmVhLWYxODMwL3VzLWNlbnRyYWwxL2dldFNlY3JldHNGdW5jdGlvbi9HbnBPYXBNdXdTYw 200
[debug] [2024-09-03T09:15:22.474Z] <<< [apiv2][body] GET https://cloudfunctions.googleapis.com/v1/operations/eC1uZXdzLWtvcmVhLWYxODMwL3VzLWNlbnRyYWwxL2dldFNlY3JldHNGdW5jdGlvbi9HbnBPYXBNdXdTYw {"name":"operations/eC1uZXdzLWtvcmVhLWYxODMwL3VzLWNlbnRyYWwxL2dldFNlY3JldHNGdW5jdGlvbi9HbnBPYXBNdXdTYw","metadata":{"@type":"type.googleapis.com/google.cloud.functions.v1.OperationMetadataV1","target":"projects/x-news-korea-f1830/locations/us-central1/functions/getSecretsFunction","type":"UPDATE_FUNCTION","request":{"@type":"type.googleapis.com/google.cloud.functions.v1.CloudFunction","name":"projects/x-news-korea-f1830/locations/us-central1/functions/getSecretsFunction","httpsTrigger":{"url":"https://us-central1-x-news-korea-f1830.cloudfunctions.net/getSecretsFunction","securityLevel":"SECURE_ALWAYS"},"status":"ACTIVE","entryPoint":"getSecretsFunction","updateTime":"2024-09-03T09:03:37.326Z","versionId":"14","labels":{"deployment-tool":"cli-firebase","deployment-callable":"true","firebase-functions-hash":"8fddf2ccc5394c42564580ff631e5f665d58f7a4"},"sourceUploadUrl":"https://storage.googleapis.com/uploads-993892563940.us-central1.cloudfunctions.appspot.com/56c469c3-4c7d-4287-a5f4-c20a6aeb8675.zip?GoogleAccessId=service-459934345714@gcf-admin-robot.iam.gserviceaccount.com&Expires=1725356719&Signature=P5o%2F0XcFjaLZEPH%2BDMid7eseOsG5EpsLf6hGffh365a5yfV6OX7k8ybanNHyhV4jlx198LQ%2BYtv6qX%2BiOrny6bAYMnxRPWK9rLO%2B%2BxDsGcFLk7OOz2R4%2BGtM1BgoxNJJMfY%2BG8vy79YeP%2BlFudYniKpwOSFpTXwUsIQXaM8xh7N0V2ULtceaKxO08wqZFyU08CKqlgZtxEnMVDGWfiPfZFw9%2F296URyEfaickpmmM7U4tsYlmUdLbJqTpDw3Aa2ZimzMNjqsnKumWZVMifEKGoXz8LRmpq2rv9XKuYDRImXFei9kWElDXE%2BkEhFLjgkrX5LG5DlY0SG83%2Fpz%2BDTcMw%3D%3D","environmentVariables":{"FIREBASE_CONFIG":"{\"projectId\":\"x-news-korea-f1830\",\"storageBucket\":\"x-news-korea-f1830.appspot.com\",\"locationId\":\"asia-northeast3\"}","GCLOUD_PROJECT":"x-news-korea-f1830","EVENTARC_CLOUD_EVENT_SOURCE":"projects/x-news-korea-f1830/locations/us-central1/functions/getSecretsFunction"},"runtime":"nodejs18","buildId":"a2ced038-47e9-4040-84c6-c2947388dbde","buildEnvironmentVariables":{"GOOGLE_NODE_RUN_SCRIPTS":""},"buildName":"projects/459934345714/locations/us-central1/builds/a2ced038-47e9-4040-84c6-c2947388dbde","dockerRegistry":"ARTIFACT_REGISTRY","automaticUpdatePolicy":{},"buildServiceAccount":"459934345714-compute@developer.gserviceaccount.com"},"versionId":"15","updateTime":"2024-09-03T09:15:21Z","buildId":"bc791b8e-68a1-430c-9dd1-6a6c6692a1b2","buildName":"projects/459934345714/locations/us-central1/builds/bc791b8e-68a1-430c-9dd1-6a6c6692a1b2"}}
[debug] [2024-09-03T09:15:23.476Z] [update-default-us-central1-getSecretsFunction] Retrying task index 0
[debug] [2024-09-03T09:15:23.477Z] >>> [apiv2][query] GET https://cloudfunctions.googleapis.com/v1/operations/eC1uZXdzLWtvcmVhLWYxODMwL3VzLWNlbnRyYWwxL2dldFNlY3JldHNGdW5jdGlvbi9HbnBPYXBNdXdTYw [none]
[debug] [2024-09-03T09:15:23.763Z] <<< [apiv2][status] GET https://cloudfunctions.googleapis.com/v1/operations/eC1uZXdzLWtvcmVhLWYxODMwL3VzLWNlbnRyYWwxL2dldFNlY3JldHNGdW5jdGlvbi9HbnBPYXBNdXdTYw 200
[debug] [2024-09-03T09:15:23.763Z] <<< [apiv2][body] GET https://cloudfunctions.googleapis.com/v1/operations/eC1uZXdzLWtvcmVhLWYxODMwL3VzLWNlbnRyYWwxL2dldFNlY3JldHNGdW5jdGlvbi9HbnBPYXBNdXdTYw {"name":"operations/eC1uZXdzLWtvcmVhLWYxODMwL3VzLWNlbnRyYWwxL2dldFNlY3JldHNGdW5jdGlvbi9HbnBPYXBNdXdTYw","metadata":{"@type":"type.googleapis.com/google.cloud.functions.v1.OperationMetadataV1","target":"projects/x-news-korea-f1830/locations/us-central1/functions/getSecretsFunction","type":"UPDATE_FUNCTION","request":{"@type":"type.googleapis.com/google.cloud.functions.v1.CloudFunction","name":"projects/x-news-korea-f1830/locations/us-central1/functions/getSecretsFunction","httpsTrigger":{"url":"https://us-central1-x-news-korea-f1830.cloudfunctions.net/getSecretsFunction","securityLevel":"SECURE_ALWAYS"},"status":"ACTIVE","entryPoint":"getSecretsFunction","updateTime":"2024-09-03T09:03:37.326Z","versionId":"14","labels":{"deployment-tool":"cli-firebase","deployment-callable":"true","firebase-functions-hash":"8fddf2ccc5394c42564580ff631e5f665d58f7a4"},"sourceUploadUrl":"https://storage.googleapis.com/uploads-993892563940.us-central1.cloudfunctions.appspot.com/56c469c3-4c7d-4287-a5f4-c20a6aeb8675.zip?GoogleAccessId=service-459934345714@gcf-admin-robot.iam.gserviceaccount.com&Expires=1725356719&Signature=P5o%2F0XcFjaLZEPH%2BDMid7eseOsG5EpsLf6hGffh365a5yfV6OX7k8ybanNHyhV4jlx198LQ%2BYtv6qX%2BiOrny6bAYMnxRPWK9rLO%2B%2BxDsGcFLk7OOz2R4%2BGtM1BgoxNJJMfY%2BG8vy79YeP%2BlFudYniKpwOSFpTXwUsIQXaM8xh7N0V2ULtceaKxO08wqZFyU08CKqlgZtxEnMVDGWfiPfZFw9%2F296URyEfaickpmmM7U4tsYlmUdLbJqTpDw3Aa2ZimzMNjqsnKumWZVMifEKGoXz8LRmpq2rv9XKuYDRImXFei9kWElDXE%2BkEhFLjgkrX5LG5DlY0SG83%2Fpz%2BDTcMw%3D%3D","environmentVariables":{"FIREBASE_CONFIG":"{\"projectId\":\"x-news-korea-f1830\",\"storageBucket\":\"x-news-korea-f1830.appspot.com\",\"locationId\":\"asia-northeast3\"}","GCLOUD_PROJECT":"x-news-korea-f1830","EVENTARC_CLOUD_EVENT_SOURCE":"projects/x-news-korea-f1830/locations/us-central1/functions/getSecretsFunction"},"runtime":"nodejs18","buildId":"a2ced038-47e9-4040-84c6-c2947388dbde","buildEnvironmentVariables":{"GOOGLE_NODE_RUN_SCRIPTS":""},"buildName":"projects/459934345714/locations/us-central1/builds/a2ced038-47e9-4040-84c6-c2947388dbde","dockerRegistry":"ARTIFACT_REGISTRY","automaticUpdatePolicy":{},"buildServiceAccount":"459934345714-compute@developer.gserviceaccount.com"},"versionId":"15","updateTime":"2024-09-03T09:15:21Z","buildId":"bc791b8e-68a1-430c-9dd1-6a6c6692a1b2","buildName":"projects/459934345714/locations/us-central1/builds/bc791b8e-68a1-430c-9dd1-6a6c6692a1b2"}}
[debug] [2024-09-03T09:15:25.764Z] [update-default-us-central1-getSecretsFunction] Retrying task index 0
[debug] [2024-09-03T09:15:25.766Z] >>> [apiv2][query] GET https://cloudfunctions.googleapis.com/v1/operations/eC1uZXdzLWtvcmVhLWYxODMwL3VzLWNlbnRyYWwxL2dldFNlY3JldHNGdW5jdGlvbi9HbnBPYXBNdXdTYw [none]
[debug] [2024-09-03T09:15:26.041Z] <<< [apiv2][status] GET https://cloudfunctions.googleapis.com/v1/operations/eC1uZXdzLWtvcmVhLWYxODMwL3VzLWNlbnRyYWwxL2dldFNlY3JldHNGdW5jdGlvbi9HbnBPYXBNdXdTYw 200
[debug] [2024-09-03T09:15:26.041Z] <<< [apiv2][body] GET https://cloudfunctions.googleapis.com/v1/operations/eC1uZXdzLWtvcmVhLWYxODMwL3VzLWNlbnRyYWwxL2dldFNlY3JldHNGdW5jdGlvbi9HbnBPYXBNdXdTYw {"name":"operations/eC1uZXdzLWtvcmVhLWYxODMwL3VzLWNlbnRyYWwxL2dldFNlY3JldHNGdW5jdGlvbi9HbnBPYXBNdXdTYw","metadata":{"@type":"type.googleapis.com/google.cloud.functions.v1.OperationMetadataV1","target":"projects/x-news-korea-f1830/locations/us-central1/functions/getSecretsFunction","type":"UPDATE_FUNCTION","request":{"@type":"type.googleapis.com/google.cloud.functions.v1.CloudFunction","name":"projects/x-news-korea-f1830/locations/us-central1/functions/getSecretsFunction","httpsTrigger":{"url":"https://us-central1-x-news-korea-f1830.cloudfunctions.net/getSecretsFunction","securityLevel":"SECURE_ALWAYS"},"status":"ACTIVE","entryPoint":"getSecretsFunction","updateTime":"2024-09-03T09:03:37.326Z","versionId":"14","labels":{"deployment-tool":"cli-firebase","deployment-callable":"true","firebase-functions-hash":"8fddf2ccc5394c42564580ff631e5f665d58f7a4"},"sourceUploadUrl":"https://storage.googleapis.com/uploads-993892563940.us-central1.cloudfunctions.appspot.com/56c469c3-4c7d-4287-a5f4-c20a6aeb8675.zip?GoogleAccessId=service-459934345714@gcf-admin-robot.iam.gserviceaccount.com&Expires=1725356719&Signature=P5o%2F0XcFjaLZEPH%2BDMid7eseOsG5EpsLf6hGffh365a5yfV6OX7k8ybanNHyhV4jlx198LQ%2BYtv6qX%2BiOrny6bAYMnxRPWK9rLO%2B%2BxDsGcFLk7OOz2R4%2BGtM1BgoxNJJMfY%2BG8vy79YeP%2BlFudYniKpwOSFpTXwUsIQXaM8xh7N0V2ULtceaKxO08wqZFyU08CKqlgZtxEnMVDGWfiPfZFw9%2F296URyEfaickpmmM7U4tsYlmUdLbJqTpDw3Aa2ZimzMNjqsnKumWZVMifEKGoXz8LRmpq2rv9XKuYDRImXFei9kWElDXE%2BkEhFLjgkrX5LG5DlY0SG83%2Fpz%2BDTcMw%3D%3D","environmentVariables":{"FIREBASE_CONFIG":"{\"projectId\":\"x-news-korea-f1830\",\"storageBucket\":\"x-news-korea-f1830.appspot.com\",\"locationId\":\"asia-northeast3\"}","GCLOUD_PROJECT":"x-news-korea-f1830","EVENTARC_CLOUD_EVENT_SOURCE":"projects/x-news-korea-f1830/locations/us-central1/functions/getSecretsFunction"},"runtime":"nodejs18","buildId":"a2ced038-47e9-4040-84c6-c2947388dbde","buildEnvironmentVariables":{"GOOGLE_NODE_RUN_SCRIPTS":""},"buildName":"projects/459934345714/locations/us-central1/builds/a2ced038-47e9-4040-84c6-c2947388dbde","dockerRegistry":"ARTIFACT_REGISTRY","automaticUpdatePolicy":{},"buildServiceAccount":"459934345714-compute@developer.gserviceaccount.com"},"versionId":"15","updateTime":"2024-09-03T09:15:21Z","buildId":"bc791b8e-68a1-430c-9dd1-6a6c6692a1b2","buildName":"projects/459934345714/locations/us-central1/builds/bc791b8e-68a1-430c-9dd1-6a6c6692a1b2"}}
[debug] [2024-09-03T09:15:30.042Z] [update-default-us-central1-getSecretsFunction] Retrying task index 0
[debug] [2024-09-03T09:15:30.043Z] >>> [apiv2][query] GET https://cloudfunctions.googleapis.com/v1/operations/eC1uZXdzLWtvcmVhLWYxODMwL3VzLWNlbnRyYWwxL2dldFNlY3JldHNGdW5jdGlvbi9HbnBPYXBNdXdTYw [none]
[debug] [2024-09-03T09:15:30.294Z] <<< [apiv2][status] GET https://cloudfunctions.googleapis.com/v1/operations/eC1uZXdzLWtvcmVhLWYxODMwL3VzLWNlbnRyYWwxL2dldFNlY3JldHNGdW5jdGlvbi9HbnBPYXBNdXdTYw 200
[debug] [2024-09-03T09:15:30.294Z] <<< [apiv2][body] GET https://cloudfunctions.googleapis.com/v1/operations/eC1uZXdzLWtvcmVhLWYxODMwL3VzLWNlbnRyYWwxL2dldFNlY3JldHNGdW5jdGlvbi9HbnBPYXBNdXdTYw {"name":"operations/eC1uZXdzLWtvcmVhLWYxODMwL3VzLWNlbnRyYWwxL2dldFNlY3JldHNGdW5jdGlvbi9HbnBPYXBNdXdTYw","metadata":{"@type":"type.googleapis.com/google.cloud.functions.v1.OperationMetadataV1","target":"projects/x-news-korea-f1830/locations/us-central1/functions/getSecretsFunction","type":"UPDATE_FUNCTION","request":{"@type":"type.googleapis.com/google.cloud.functions.v1.CloudFunction","name":"projects/x-news-korea-f1830/locations/us-central1/functions/getSecretsFunction","httpsTrigger":{"url":"https://us-central1-x-news-korea-f1830.cloudfunctions.net/getSecretsFunction","securityLevel":"SECURE_ALWAYS"},"status":"ACTIVE","entryPoint":"getSecretsFunction","updateTime":"2024-09-03T09:03:37.326Z","versionId":"14","labels":{"deployment-tool":"cli-firebase","deployment-callable":"true","firebase-functions-hash":"8fddf2ccc5394c42564580ff631e5f665d58f7a4"},"sourceUploadUrl":"https://storage.googleapis.com/uploads-993892563940.us-central1.cloudfunctions.appspot.com/56c469c3-4c7d-4287-a5f4-c20a6aeb8675.zip?GoogleAccessId=service-459934345714@gcf-admin-robot.iam.gserviceaccount.com&Expires=1725356719&Signature=P5o%2F0XcFjaLZEPH%2BDMid7eseOsG5EpsLf6hGffh365a5yfV6OX7k8ybanNHyhV4jlx198LQ%2BYtv6qX%2BiOrny6bAYMnxRPWK9rLO%2B%2BxDsGcFLk7OOz2R4%2BGtM1BgoxNJJMfY%2BG8vy79YeP%2BlFudYniKpwOSFpTXwUsIQXaM8xh7N0V2ULtceaKxO08wqZFyU08CKqlgZtxEnMVDGWfiPfZFw9%2F296URyEfaickpmmM7U4tsYlmUdLbJqTpDw3Aa2ZimzMNjqsnKumWZVMifEKGoXz8LRmpq2rv9XKuYDRImXFei9kWElDXE%2BkEhFLjgkrX5LG5DlY0SG83%2Fpz%2BDTcMw%3D%3D","environmentVariables":{"FIREBASE_CONFIG":"{\"projectId\":\"x-news-korea-f1830\",\"storageBucket\":\"x-news-korea-f1830.appspot.com\",\"locationId\":\"asia-northeast3\"}","GCLOUD_PROJECT":"x-news-korea-f1830","EVENTARC_CLOUD_EVENT_SOURCE":"projects/x-news-korea-f1830/locations/us-central1/functions/getSecretsFunction"},"runtime":"nodejs18","buildId":"a2ced038-47e9-4040-84c6-c2947388dbde","buildEnvironmentVariables":{"GOOGLE_NODE_RUN_SCRIPTS":""},"buildName":"projects/459934345714/locations/us-central1/builds/a2ced038-47e9-4040-84c6-c2947388dbde","dockerRegistry":"ARTIFACT_REGISTRY","automaticUpdatePolicy":{},"buildServiceAccount":"459934345714-compute@developer.gserviceaccount.com"},"versionId":"15","updateTime":"2024-09-03T09:15:21Z","buildId":"bc791b8e-68a1-430c-9dd1-6a6c6692a1b2","buildName":"projects/459934345714/locations/us-central1/builds/bc791b8e-68a1-430c-9dd1-6a6c6692a1b2"}}
[debug] [2024-09-03T09:15:38.295Z] [update-default-us-central1-getSecretsFunction] Retrying task index 0
[debug] [2024-09-03T09:15:38.296Z] >>> [apiv2][query] GET https://cloudfunctions.googleapis.com/v1/operations/eC1uZXdzLWtvcmVhLWYxODMwL3VzLWNlbnRyYWwxL2dldFNlY3JldHNGdW5jdGlvbi9HbnBPYXBNdXdTYw [none]
[debug] [2024-09-03T09:15:38.823Z] <<< [apiv2][status] GET https://cloudfunctions.googleapis.com/v1/operations/eC1uZXdzLWtvcmVhLWYxODMwL3VzLWNlbnRyYWwxL2dldFNlY3JldHNGdW5jdGlvbi9HbnBPYXBNdXdTYw 200
[debug] [2024-09-03T09:15:38.823Z] <<< [apiv2][body] GET https://cloudfunctions.googleapis.com/v1/operations/eC1uZXdzLWtvcmVhLWYxODMwL3VzLWNlbnRyYWwxL2dldFNlY3JldHNGdW5jdGlvbi9HbnBPYXBNdXdTYw {"name":"operations/eC1uZXdzLWtvcmVhLWYxODMwL3VzLWNlbnRyYWwxL2dldFNlY3JldHNGdW5jdGlvbi9HbnBPYXBNdXdTYw","metadata":{"@type":"type.googleapis.com/google.cloud.functions.v1.OperationMetadataV1","target":"projects/x-news-korea-f1830/locations/us-central1/functions/getSecretsFunction","type":"UPDATE_FUNCTION","request":{"@type":"type.googleapis.com/google.cloud.functions.v1.CloudFunction","name":"projects/x-news-korea-f1830/locations/us-central1/functions/getSecretsFunction","httpsTrigger":{"url":"https://us-central1-x-news-korea-f1830.cloudfunctions.net/getSecretsFunction","securityLevel":"SECURE_ALWAYS"},"status":"ACTIVE","entryPoint":"getSecretsFunction","updateTime":"2024-09-03T09:03:37.326Z","versionId":"14","labels":{"deployment-tool":"cli-firebase","deployment-callable":"true","firebase-functions-hash":"8fddf2ccc5394c42564580ff631e5f665d58f7a4"},"sourceUploadUrl":"https://storage.googleapis.com/uploads-993892563940.us-central1.cloudfunctions.appspot.com/56c469c3-4c7d-4287-a5f4-c20a6aeb8675.zip?GoogleAccessId=service-459934345714@gcf-admin-robot.iam.gserviceaccount.com&Expires=1725356719&Signature=P5o%2F0XcFjaLZEPH%2BDMid7eseOsG5EpsLf6hGffh365a5yfV6OX7k8ybanNHyhV4jlx198LQ%2BYtv6qX%2BiOrny6bAYMnxRPWK9rLO%2B%2BxDsGcFLk7OOz2R4%2BGtM1BgoxNJJMfY%2BG8vy79YeP%2BlFudYniKpwOSFpTXwUsIQXaM8xh7N0V2ULtceaKxO08wqZFyU08CKqlgZtxEnMVDGWfiPfZFw9%2F296URyEfaickpmmM7U4tsYlmUdLbJqTpDw3Aa2ZimzMNjqsnKumWZVMifEKGoXz8LRmpq2rv9XKuYDRImXFei9kWElDXE%2BkEhFLjgkrX5LG5DlY0SG83%2Fpz%2BDTcMw%3D%3D","environmentVariables":{"FIREBASE_CONFIG":"{\"projectId\":\"x-news-korea-f1830\",\"storageBucket\":\"x-news-korea-f1830.appspot.com\",\"locationId\":\"asia-northeast3\"}","GCLOUD_PROJECT":"x-news-korea-f1830","EVENTARC_CLOUD_EVENT_SOURCE":"projects/x-news-korea-f1830/locations/us-central1/functions/getSecretsFunction"},"runtime":"nodejs18","buildId":"a2ced038-47e9-4040-84c6-c2947388dbde","buildEnvironmentVariables":{"GOOGLE_NODE_RUN_SCRIPTS":""},"buildName":"projects/459934345714/locations/us-central1/builds/a2ced038-47e9-4040-84c6-c2947388dbde","dockerRegistry":"ARTIFACT_REGISTRY","automaticUpdatePolicy":{},"buildServiceAccount":"459934345714-compute@developer.gserviceaccount.com"},"versionId":"15","updateTime":"2024-09-03T09:15:21Z","buildId":"bc791b8e-68a1-430c-9dd1-6a6c6692a1b2","buildName":"projects/459934345714/locations/us-central1/builds/bc791b8e-68a1-430c-9dd1-6a6c6692a1b2"}}
[debug] [2024-09-03T09:15:48.825Z] [update-default-us-central1-getSecretsFunction] Retrying task index 0
[debug] [2024-09-03T09:15:48.826Z] >>> [apiv2][query] GET https://cloudfunctions.googleapis.com/v1/operations/eC1uZXdzLWtvcmVhLWYxODMwL3VzLWNlbnRyYWwxL2dldFNlY3JldHNGdW5jdGlvbi9HbnBPYXBNdXdTYw [none]
[debug] [2024-09-03T09:15:49.366Z] <<< [apiv2][status] GET https://cloudfunctions.googleapis.com/v1/operations/eC1uZXdzLWtvcmVhLWYxODMwL3VzLWNlbnRyYWwxL2dldFNlY3JldHNGdW5jdGlvbi9HbnBPYXBNdXdTYw 200
[debug] [2024-09-03T09:15:49.366Z] <<< [apiv2][body] GET https://cloudfunctions.googleapis.com/v1/operations/eC1uZXdzLWtvcmVhLWYxODMwL3VzLWNlbnRyYWwxL2dldFNlY3JldHNGdW5jdGlvbi9HbnBPYXBNdXdTYw {"name":"operations/eC1uZXdzLWtvcmVhLWYxODMwL3VzLWNlbnRyYWwxL2dldFNlY3JldHNGdW5jdGlvbi9HbnBPYXBNdXdTYw","metadata":{"@type":"type.googleapis.com/google.cloud.functions.v1.OperationMetadataV1","target":"projects/x-news-korea-f1830/locations/us-central1/functions/getSecretsFunction","type":"UPDATE_FUNCTION","request":{"@type":"type.googleapis.com/google.cloud.functions.v1.CloudFunction","name":"projects/x-news-korea-f1830/locations/us-central1/functions/getSecretsFunction","httpsTrigger":{"url":"https://us-central1-x-news-korea-f1830.cloudfunctions.net/getSecretsFunction","securityLevel":"SECURE_ALWAYS"},"status":"ACTIVE","entryPoint":"getSecretsFunction","updateTime":"2024-09-03T09:03:37.326Z","versionId":"14","labels":{"deployment-tool":"cli-firebase","deployment-callable":"true","firebase-functions-hash":"8fddf2ccc5394c42564580ff631e5f665d58f7a4"},"sourceUploadUrl":"https://storage.googleapis.com/uploads-993892563940.us-central1.cloudfunctions.appspot.com/56c469c3-4c7d-4287-a5f4-c20a6aeb8675.zip?GoogleAccessId=service-459934345714@gcf-admin-robot.iam.gserviceaccount.com&Expires=1725356719&Signature=P5o%2F0XcFjaLZEPH%2BDMid7eseOsG5EpsLf6hGffh365a5yfV6OX7k8ybanNHyhV4jlx198LQ%2BYtv6qX%2BiOrny6bAYMnxRPWK9rLO%2B%2BxDsGcFLk7OOz2R4%2BGtM1BgoxNJJMfY%2BG8vy79YeP%2BlFudYniKpwOSFpTXwUsIQXaM8xh7N0V2ULtceaKxO08wqZFyU08CKqlgZtxEnMVDGWfiPfZFw9%2F296URyEfaickpmmM7U4tsYlmUdLbJqTpDw3Aa2ZimzMNjqsnKumWZVMifEKGoXz8LRmpq2rv9XKuYDRImXFei9kWElDXE%2BkEhFLjgkrX5LG5DlY0SG83%2Fpz%2BDTcMw%3D%3D","environmentVariables":{"FIREBASE_CONFIG":"{\"projectId\":\"x-news-korea-f1830\",\"storageBucket\":\"x-news-korea-f1830.appspot.com\",\"locationId\":\"asia-northeast3\"}","GCLOUD_PROJECT":"x-news-korea-f1830","EVENTARC_CLOUD_EVENT_SOURCE":"projects/x-news-korea-f1830/locations/us-central1/functions/getSecretsFunction"},"runtime":"nodejs18","buildId":"a2ced038-47e9-4040-84c6-c2947388dbde","buildEnvironmentVariables":{"GOOGLE_NODE_RUN_SCRIPTS":""},"buildName":"projects/459934345714/locations/us-central1/builds/a2ced038-47e9-4040-84c6-c2947388dbde","dockerRegistry":"ARTIFACT_REGISTRY","automaticUpdatePolicy":{},"buildServiceAccount":"459934345714-compute@developer.gserviceaccount.com"},"versionId":"15","updateTime":"2024-09-03T09:15:21Z","buildId":"bc791b8e-68a1-430c-9dd1-6a6c6692a1b2","buildName":"projects/459934345714/locations/us-central1/builds/bc791b8e-68a1-430c-9dd1-6a6c6692a1b2"}}
[debug] [2024-09-03T09:15:59.368Z] [update-default-us-central1-getSecretsFunction] Retrying task index 0
[debug] [2024-09-03T09:15:59.368Z] >>> [apiv2][query] GET https://cloudfunctions.googleapis.com/v1/operations/eC1uZXdzLWtvcmVhLWYxODMwL3VzLWNlbnRyYWwxL2dldFNlY3JldHNGdW5jdGlvbi9HbnBPYXBNdXdTYw [none]
[debug] [2024-09-03T09:15:59.899Z] <<< [apiv2][status] GET https://cloudfunctions.googleapis.com/v1/operations/eC1uZXdzLWtvcmVhLWYxODMwL3VzLWNlbnRyYWwxL2dldFNlY3JldHNGdW5jdGlvbi9HbnBPYXBNdXdTYw 200
[debug] [2024-09-03T09:15:59.900Z] <<< [apiv2][body] GET https://cloudfunctions.googleapis.com/v1/operations/eC1uZXdzLWtvcmVhLWYxODMwL3VzLWNlbnRyYWwxL2dldFNlY3JldHNGdW5jdGlvbi9HbnBPYXBNdXdTYw {"name":"operations/eC1uZXdzLWtvcmVhLWYxODMwL3VzLWNlbnRyYWwxL2dldFNlY3JldHNGdW5jdGlvbi9HbnBPYXBNdXdTYw","metadata":{"@type":"type.googleapis.com/google.cloud.functions.v1.OperationMetadataV1","target":"projects/x-news-korea-f1830/locations/us-central1/functions/getSecretsFunction","type":"UPDATE_FUNCTION","request":{"@type":"type.googleapis.com/google.cloud.functions.v1.CloudFunction","name":"projects/x-news-korea-f1830/locations/us-central1/functions/getSecretsFunction","httpsTrigger":{"url":"https://us-central1-x-news-korea-f1830.cloudfunctions.net/getSecretsFunction","securityLevel":"SECURE_ALWAYS"},"status":"ACTIVE","entryPoint":"getSecretsFunction","updateTime":"2024-09-03T09:03:37.326Z","versionId":"14","labels":{"deployment-tool":"cli-firebase","deployment-callable":"true","firebase-functions-hash":"8fddf2ccc5394c42564580ff631e5f665d58f7a4"},"sourceUploadUrl":"https://storage.googleapis.com/uploads-993892563940.us-central1.cloudfunctions.appspot.com/56c469c3-4c7d-4287-a5f4-c20a6aeb8675.zip?GoogleAccessId=service-459934345714@gcf-admin-robot.iam.gserviceaccount.com&Expires=1725356719&Signature=P5o%2F0XcFjaLZEPH%2BDMid7eseOsG5EpsLf6hGffh365a5yfV6OX7k8ybanNHyhV4jlx198LQ%2BYtv6qX%2BiOrny6bAYMnxRPWK9rLO%2B%2BxDsGcFLk7OOz2R4%2BGtM1BgoxNJJMfY%2BG8vy79YeP%2BlFudYniKpwOSFpTXwUsIQXaM8xh7N0V2ULtceaKxO08wqZFyU08CKqlgZtxEnMVDGWfiPfZFw9%2F296URyEfaickpmmM7U4tsYlmUdLbJqTpDw3Aa2ZimzMNjqsnKumWZVMifEKGoXz8LRmpq2rv9XKuYDRImXFei9kWElDXE%2BkEhFLjgkrX5LG5DlY0SG83%2Fpz%2BDTcMw%3D%3D","environmentVariables":{"FIREBASE_CONFIG":"{\"projectId\":\"x-news-korea-f1830\",\"storageBucket\":\"x-news-korea-f1830.appspot.com\",\"locationId\":\"asia-northeast3\"}","GCLOUD_PROJECT":"x-news-korea-f1830","EVENTARC_CLOUD_EVENT_SOURCE":"projects/x-news-korea-f1830/locations/us-central1/functions/getSecretsFunction"},"runtime":"nodejs18","buildId":"a2ced038-47e9-4040-84c6-c2947388dbde","buildEnvironmentVariables":{"GOOGLE_NODE_RUN_SCRIPTS":""},"buildName":"projects/459934345714/locations/us-central1/builds/a2ced038-47e9-4040-84c6-c2947388dbde","dockerRegistry":"ARTIFACT_REGISTRY","automaticUpdatePolicy":{},"buildServiceAccount":"459934345714-compute@developer.gserviceaccount.com"},"versionId":"15","updateTime":"2024-09-03T09:15:21Z","buildId":"bc791b8e-68a1-430c-9dd1-6a6c6692a1b2","buildName":"projects/459934345714/locations/us-central1/builds/bc791b8e-68a1-430c-9dd1-6a6c6692a1b2"}}
[debug] [2024-09-03T09:16:09.901Z] [update-default-us-central1-getSecretsFunction] Retrying task index 0
[debug] [2024-09-03T09:16:09.902Z] >>> [apiv2][query] GET https://cloudfunctions.googleapis.com/v1/operations/eC1uZXdzLWtvcmVhLWYxODMwL3VzLWNlbnRyYWwxL2dldFNlY3JldHNGdW5jdGlvbi9HbnBPYXBNdXdTYw [none]
[debug] [2024-09-03T09:16:10.428Z] <<< [apiv2][status] GET https://cloudfunctions.googleapis.com/v1/operations/eC1uZXdzLWtvcmVhLWYxODMwL3VzLWNlbnRyYWwxL2dldFNlY3JldHNGdW5jdGlvbi9HbnBPYXBNdXdTYw 200
[debug] [2024-09-03T09:16:10.428Z] <<< [apiv2][body] GET https://cloudfunctions.googleapis.com/v1/operations/eC1uZXdzLWtvcmVhLWYxODMwL3VzLWNlbnRyYWwxL2dldFNlY3JldHNGdW5jdGlvbi9HbnBPYXBNdXdTYw {"name":"operations/eC1uZXdzLWtvcmVhLWYxODMwL3VzLWNlbnRyYWwxL2dldFNlY3JldHNGdW5jdGlvbi9HbnBPYXBNdXdTYw","metadata":{"@type":"type.googleapis.com/google.cloud.functions.v1.OperationMetadataV1","target":"projects/x-news-korea-f1830/locations/us-central1/functions/getSecretsFunction","type":"UPDATE_FUNCTION","request":{"@type":"type.googleapis.com/google.cloud.functions.v1.CloudFunction","name":"projects/x-news-korea-f1830/locations/us-central1/functions/getSecretsFunction","httpsTrigger":{"url":"https://us-central1-x-news-korea-f1830.cloudfunctions.net/getSecretsFunction","securityLevel":"SECURE_ALWAYS"},"status":"ACTIVE","entryPoint":"getSecretsFunction","updateTime":"2024-09-03T09:03:37.326Z","versionId":"14","labels":{"deployment-tool":"cli-firebase","deployment-callable":"true","firebase-functions-hash":"8fddf2ccc5394c42564580ff631e5f665d58f7a4"},"sourceUploadUrl":"https://storage.googleapis.com/uploads-993892563940.us-central1.cloudfunctions.appspot.com/56c469c3-4c7d-4287-a5f4-c20a6aeb8675.zip?GoogleAccessId=service-459934345714@gcf-admin-robot.iam.gserviceaccount.com&Expires=1725356719&Signature=P5o%2F0XcFjaLZEPH%2BDMid7eseOsG5EpsLf6hGffh365a5yfV6OX7k8ybanNHyhV4jlx198LQ%2BYtv6qX%2BiOrny6bAYMnxRPWK9rLO%2B%2BxDsGcFLk7OOz2R4%2BGtM1BgoxNJJMfY%2BG8vy79YeP%2BlFudYniKpwOSFpTXwUsIQXaM8xh7N0V2ULtceaKxO08wqZFyU08CKqlgZtxEnMVDGWfiPfZFw9%2F296URyEfaickpmmM7U4tsYlmUdLbJqTpDw3Aa2ZimzMNjqsnKumWZVMifEKGoXz8LRmpq2rv9XKuYDRImXFei9kWElDXE%2BkEhFLjgkrX5LG5DlY0SG83%2Fpz%2BDTcMw%3D%3D","environmentVariables":{"FIREBASE_CONFIG":"{\"projectId\":\"x-news-korea-f1830\",\"storageBucket\":\"x-news-korea-f1830.appspot.com\",\"locationId\":\"asia-northeast3\"}","GCLOUD_PROJECT":"x-news-korea-f1830","EVENTARC_CLOUD_EVENT_SOURCE":"projects/x-news-korea-f1830/locations/us-central1/functions/getSecretsFunction"},"runtime":"nodejs18","buildId":"a2ced038-47e9-4040-84c6-c2947388dbde","buildEnvironmentVariables":{"GOOGLE_NODE_RUN_SCRIPTS":""},"buildName":"projects/459934345714/locations/us-central1/builds/a2ced038-47e9-4040-84c6-c2947388dbde","dockerRegistry":"ARTIFACT_REGISTRY","automaticUpdatePolicy":{},"buildServiceAccount":"459934345714-compute@developer.gserviceaccount.com"},"versionId":"15","updateTime":"2024-09-03T09:15:21Z","buildId":"bc791b8e-68a1-430c-9dd1-6a6c6692a1b2","sourceToken":"10be432b-660c-4e33-91c0-e4bdbbde791d","buildName":"projects/459934345714/locations/us-central1/builds/bc791b8e-68a1-430c-9dd1-6a6c6692a1b2"}}
[debug] [2024-09-03T09:16:10.428Z] Got source token 10be432b-660c-4e33-91c0-e4bdbbde791d for region us-central1
[debug] [2024-09-03T09:16:10.428Z] >>> [apiv2][query] PATCH https://cloudfunctions.googleapis.com/v1/projects/x-news-korea-f1830/locations/us-central1/functions/fetchCommunityPostsFunction updateMask=name%2CsourceUploadUrl%2CentryPoint%2Cruntime%2CdockerRegistry%2Clabels%2CeventTrigger.eventType%2CeventTrigger.resource%2CminInstances%2CmaxInstances%2CingressSettings%2CenvironmentVariables%2CserviceAccountEmail%2CavailableMemoryMb%2Ctimeout%2CvpcConnector%2CvpcConnectorEgressSettings%2CsourceToken%2CbuildEnvironmentVariables
[debug] [2024-09-03T09:16:10.428Z] >>> [apiv2][body] PATCH https://cloudfunctions.googleapis.com/v1/projects/x-news-korea-f1830/locations/us-central1/functions/fetchCommunityPostsFunction {"name":"projects/x-news-korea-f1830/locations/us-central1/functions/fetchCommunityPostsFunction","sourceUploadUrl":"https://storage.googleapis.com/uploads-993892563940.us-central1.cloudfunctions.appspot.com/56c469c3-4c7d-4287-a5f4-c20a6aeb8675.zip?GoogleAccessId=service-459934345714@gcf-admin-robot.iam.gserviceaccount.com&Expires=1725356719&Signature=P5o%2F0XcFjaLZEPH%2BDMid7eseOsG5EpsLf6hGffh365a5yfV6OX7k8ybanNHyhV4jlx198LQ%2BYtv6qX%2BiOrny6bAYMnxRPWK9rLO%2B%2BxDsGcFLk7OOz2R4%2BGtM1BgoxNJJMfY%2BG8vy79YeP%2BlFudYniKpwOSFpTXwUsIQXaM8xh7N0V2ULtceaKxO08wqZFyU08CKqlgZtxEnMVDGWfiPfZFw9%2F296URyEfaickpmmM7U4tsYlmUdLbJqTpDw3Aa2ZimzMNjqsnKumWZVMifEKGoXz8LRmpq2rv9XKuYDRImXFei9kWElDXE%2BkEhFLjgkrX5LG5DlY0SG83%2Fpz%2BDTcMw%3D%3D","entryPoint":"fetchCommunityPostsFunction","runtime":"nodejs18","dockerRegistry":"ARTIFACT_REGISTRY","labels":{"deployment-tool":"cli-firebase","deployment-scheduled":"true","firebase-functions-hash":"8fddf2ccc5394c42564580ff631e5f665d58f7a4"},"eventTrigger":{"eventType":"google.pubsub.topic.publish","resource":"projects/x-news-korea-f1830/topics/firebase-schedule-fetchCommunityPostsFunction-us-central1"},"minInstances":null,"maxInstances":null,"ingressSettings":null,"environmentVariables":{"FIREBASE_CONFIG":"{\"projectId\":\"x-news-korea-f1830\",\"storageBucket\":\"x-news-korea-f1830.appspot.com\",\"locationId\":\"asia-northeast3\"}","GCLOUD_PROJECT":"x-news-korea-f1830","EVENTARC_CLOUD_EVENT_SOURCE":"projects/x-news-korea-f1830/locations/us-central1/functions/fetchCommunityPostsFunction"},"serviceAccountEmail":null,"availableMemoryMb":null,"timeout":null,"vpcConnector":null,"vpcConnectorEgressSettings":null,"sourceToken":"10be432b-660c-4e33-91c0-e4bdbbde791d","buildEnvironmentVariables":{"GOOGLE_NODE_RUN_SCRIPTS":""}}
[debug] [2024-09-03T09:16:11.231Z] <<< [apiv2][status] PATCH https://cloudfunctions.googleapis.com/v1/projects/x-news-korea-f1830/locations/us-central1/functions/fetchCommunityPostsFunction 200
[debug] [2024-09-03T09:16:11.232Z] <<< [apiv2][body] PATCH https://cloudfunctions.googleapis.com/v1/projects/x-news-korea-f1830/locations/us-central1/functions/fetchCommunityPostsFunction {"name":"operations/eC1uZXdzLWtvcmVhLWYxODMwL3VzLWNlbnRyYWwxL2ZldGNoQ29tbXVuaXR5UG9zdHNGdW5jdGlvbi9KeWJLdnRQRTZnQQ","metadata":{"@type":"type.googleapis.com/google.cloud.functions.v1.OperationMetadataV1","target":"projects/x-news-korea-f1830/locations/us-central1/functions/fetchCommunityPostsFunction","type":"UPDATE_FUNCTION","request":{"@type":"type.googleapis.com/google.cloud.functions.v1.CloudFunction","name":"projects/x-news-korea-f1830/locations/us-central1/functions/fetchCommunityPostsFunction","eventTrigger":{"eventType":"google.pubsub.topic.publish","resource":"projects/x-news-korea-f1830/topics/firebase-schedule-fetchCommunityPostsFunction-us-central1","service":"pubsub.googleapis.com","failurePolicy":{}},"status":"ACTIVE","entryPoint":"fetchCommunityPostsFunction","updateTime":"2024-09-03T09:04:08.686Z","versionId":"3","labels":{"deployment-tool":"cli-firebase","deployment-scheduled":"true","firebase-functions-hash":"8fddf2ccc5394c42564580ff631e5f665d58f7a4"},"sourceUploadUrl":"https://storage.googleapis.com/uploads-993892563940.us-central1.cloudfunctions.appspot.com/56c469c3-4c7d-4287-a5f4-c20a6aeb8675.zip?GoogleAccessId=service-459934345714@gcf-admin-robot.iam.gserviceaccount.com&Expires=1725356719&Signature=P5o%2F0XcFjaLZEPH%2BDMid7eseOsG5EpsLf6hGffh365a5yfV6OX7k8ybanNHyhV4jlx198LQ%2BYtv6qX%2BiOrny6bAYMnxRPWK9rLO%2B%2BxDsGcFLk7OOz2R4%2BGtM1BgoxNJJMfY%2BG8vy79YeP%2BlFudYniKpwOSFpTXwUsIQXaM8xh7N0V2ULtceaKxO08wqZFyU08CKqlgZtxEnMVDGWfiPfZFw9%2F296URyEfaickpmmM7U4tsYlmUdLbJqTpDw3Aa2ZimzMNjqsnKumWZVMifEKGoXz8LRmpq2rv9XKuYDRImXFei9kWElDXE%2BkEhFLjgkrX5LG5DlY0SG83%2Fpz%2BDTcMw%3D%3D","environmentVariables":{"FIREBASE_CONFIG":"{\"projectId\":\"x-news-korea-f1830\",\"storageBucket\":\"x-news-korea-f1830.appspot.com\",\"locationId\":\"asia-northeast3\"}","GCLOUD_PROJECT":"x-news-korea-f1830","EVENTARC_CLOUD_EVENT_SOURCE":"projects/x-news-korea-f1830/locations/us-central1/functions/fetchCommunityPostsFunction"},"runtime":"nodejs18","buildId":"a2ced038-47e9-4040-84c6-c2947388dbde","buildEnvironmentVariables":{"GOOGLE_NODE_RUN_SCRIPTS":""},"sourceToken":"10be432b-660c-4e33-91c0-e4bdbbde791d","buildName":"projects/459934345714/locations/us-central1/builds/a2ced038-47e9-4040-84c6-c2947388dbde","dockerRegistry":"ARTIFACT_REGISTRY","automaticUpdatePolicy":{},"buildServiceAccount":"459934345714-compute@developer.gserviceaccount.com"},"versionId":"4","updateTime":"2024-09-03T09:16:11Z","sourceToken":"10be432b-660c-4e33-91c0-e4bdbbde791d"}}
[debug] [2024-09-03T09:16:11.232Z] >>> [apiv2][query] GET https://cloudfunctions.googleapis.com/v1/operations/eC1uZXdzLWtvcmVhLWYxODMwL3VzLWNlbnRyYWwxL2ZldGNoQ29tbXVuaXR5UG9zdHNGdW5jdGlvbi9KeWJLdnRQRTZnQQ [none]
[debug] [2024-09-03T09:16:11.495Z] <<< [apiv2][status] GET https://cloudfunctions.googleapis.com/v1/operations/eC1uZXdzLWtvcmVhLWYxODMwL3VzLWNlbnRyYWwxL2ZldGNoQ29tbXVuaXR5UG9zdHNGdW5jdGlvbi9KeWJLdnRQRTZnQQ 200
[debug] [2024-09-03T09:16:11.495Z] <<< [apiv2][body] GET https://cloudfunctions.googleapis.com/v1/operations/eC1uZXdzLWtvcmVhLWYxODMwL3VzLWNlbnRyYWwxL2ZldGNoQ29tbXVuaXR5UG9zdHNGdW5jdGlvbi9KeWJLdnRQRTZnQQ {"name":"operations/eC1uZXdzLWtvcmVhLWYxODMwL3VzLWNlbnRyYWwxL2ZldGNoQ29tbXVuaXR5UG9zdHNGdW5jdGlvbi9KeWJLdnRQRTZnQQ","metadata":{"@type":"type.googleapis.com/google.cloud.functions.v1.OperationMetadataV1","target":"projects/x-news-korea-f1830/locations/us-central1/functions/fetchCommunityPostsFunction","type":"UPDATE_FUNCTION","request":{"@type":"type.googleapis.com/google.cloud.functions.v1.CloudFunction","name":"projects/x-news-korea-f1830/locations/us-central1/functions/fetchCommunityPostsFunction","eventTrigger":{"eventType":"google.pubsub.topic.publish","resource":"projects/x-news-korea-f1830/topics/firebase-schedule-fetchCommunityPostsFunction-us-central1","service":"pubsub.googleapis.com","failurePolicy":{}},"status":"ACTIVE","entryPoint":"fetchCommunityPostsFunction","updateTime":"2024-09-03T09:04:08.686Z","versionId":"3","labels":{"deployment-tool":"cli-firebase","deployment-scheduled":"true","firebase-functions-hash":"8fddf2ccc5394c42564580ff631e5f665d58f7a4"},"sourceUploadUrl":"https://storage.googleapis.com/uploads-993892563940.us-central1.cloudfunctions.appspot.com/56c469c3-4c7d-4287-a5f4-c20a6aeb8675.zip?GoogleAccessId=service-459934345714@gcf-admin-robot.iam.gserviceaccount.com&Expires=1725356719&Signature=P5o%2F0XcFjaLZEPH%2BDMid7eseOsG5EpsLf6hGffh365a5yfV6OX7k8ybanNHyhV4jlx198LQ%2BYtv6qX%2BiOrny6bAYMnxRPWK9rLO%2B%2BxDsGcFLk7OOz2R4%2BGtM1BgoxNJJMfY%2BG8vy79YeP%2BlFudYniKpwOSFpTXwUsIQXaM8xh7N0V2ULtceaKxO08wqZFyU08CKqlgZtxEnMVDGWfiPfZFw9%2F296URyEfaickpmmM7U4tsYlmUdLbJqTpDw3Aa2ZimzMNjqsnKumWZVMifEKGoXz8LRmpq2rv9XKuYDRImXFei9kWElDXE%2BkEhFLjgkrX5LG5DlY0SG83%2Fpz%2BDTcMw%3D%3D","environmentVariables":{"FIREBASE_CONFIG":"{\"projectId\":\"x-news-korea-f1830\",\"storageBucket\":\"x-news-korea-f1830.appspot.com\",\"locationId\":\"asia-northeast3\"}","GCLOUD_PROJECT":"x-news-korea-f1830","EVENTARC_CLOUD_EVENT_SOURCE":"projects/x-news-korea-f1830/locations/us-central1/functions/fetchCommunityPostsFunction"},"runtime":"nodejs18","buildId":"a2ced038-47e9-4040-84c6-c2947388dbde","buildEnvironmentVariables":{"GOOGLE_NODE_RUN_SCRIPTS":""},"sourceToken":"10be432b-660c-4e33-91c0-e4bdbbde791d","buildName":"projects/459934345714/locations/us-central1/builds/a2ced038-47e9-4040-84c6-c2947388dbde","dockerRegistry":"ARTIFACT_REGISTRY","automaticUpdatePolicy":{},"buildServiceAccount":"459934345714-compute@developer.gserviceaccount.com"},"versionId":"4","updateTime":"2024-09-03T09:16:11Z","sourceToken":"10be432b-660c-4e33-91c0-e4bdbbde791d"}}
[debug] [2024-09-03T09:16:11.496Z] Got source token 10be432b-660c-4e33-91c0-e4bdbbde791d for region us-central1
[debug] [2024-09-03T09:16:11.997Z] [update-default-us-central1-fetchCommunityPostsFunction] Retrying task index 0
[debug] [2024-09-03T09:16:11.998Z] >>> [apiv2][query] GET https://cloudfunctions.googleapis.com/v1/operations/eC1uZXdzLWtvcmVhLWYxODMwL3VzLWNlbnRyYWwxL2ZldGNoQ29tbXVuaXR5UG9zdHNGdW5jdGlvbi9KeWJLdnRQRTZnQQ [none]
[debug] [2024-09-03T09:16:12.258Z] <<< [apiv2][status] GET https://cloudfunctions.googleapis.com/v1/operations/eC1uZXdzLWtvcmVhLWYxODMwL3VzLWNlbnRyYWwxL2ZldGNoQ29tbXVuaXR5UG9zdHNGdW5jdGlvbi9KeWJLdnRQRTZnQQ 200
[debug] [2024-09-03T09:16:12.258Z] <<< [apiv2][body] GET https://cloudfunctions.googleapis.com/v1/operations/eC1uZXdzLWtvcmVhLWYxODMwL3VzLWNlbnRyYWwxL2ZldGNoQ29tbXVuaXR5UG9zdHNGdW5jdGlvbi9KeWJLdnRQRTZnQQ {"name":"operations/eC1uZXdzLWtvcmVhLWYxODMwL3VzLWNlbnRyYWwxL2ZldGNoQ29tbXVuaXR5UG9zdHNGdW5jdGlvbi9KeWJLdnRQRTZnQQ","metadata":{"@type":"type.googleapis.com/google.cloud.functions.v1.OperationMetadataV1","target":"projects/x-news-korea-f1830/locations/us-central1/functions/fetchCommunityPostsFunction","type":"UPDATE_FUNCTION","request":{"@type":"type.googleapis.com/google.cloud.functions.v1.CloudFunction","name":"projects/x-news-korea-f1830/locations/us-central1/functions/fetchCommunityPostsFunction","eventTrigger":{"eventType":"google.pubsub.topic.publish","resource":"projects/x-news-korea-f1830/topics/firebase-schedule-fetchCommunityPostsFunction-us-central1","service":"pubsub.googleapis.com","failurePolicy":{}},"status":"ACTIVE","entryPoint":"fetchCommunityPostsFunction","updateTime":"2024-09-03T09:04:08.686Z","versionId":"3","labels":{"deployment-tool":"cli-firebase","deployment-scheduled":"true","firebase-functions-hash":"8fddf2ccc5394c42564580ff631e5f665d58f7a4"},"sourceUploadUrl":"https://storage.googleapis.com/uploads-993892563940.us-central1.cloudfunctions.appspot.com/56c469c3-4c7d-4287-a5f4-c20a6aeb8675.zip?GoogleAccessId=service-459934345714@gcf-admin-robot.iam.gserviceaccount.com&Expires=1725356719&Signature=P5o%2F0XcFjaLZEPH%2BDMid7eseOsG5EpsLf6hGffh365a5yfV6OX7k8ybanNHyhV4jlx198LQ%2BYtv6qX%2BiOrny6bAYMnxRPWK9rLO%2B%2BxDsGcFLk7OOz2R4%2BGtM1BgoxNJJMfY%2BG8vy79YeP%2BlFudYniKpwOSFpTXwUsIQXaM8xh7N0V2ULtceaKxO08wqZFyU08CKqlgZtxEnMVDGWfiPfZFw9%2F296URyEfaickpmmM7U4tsYlmUdLbJqTpDw3Aa2ZimzMNjqsnKumWZVMifEKGoXz8LRmpq2rv9XKuYDRImXFei9kWElDXE%2BkEhFLjgkrX5LG5DlY0SG83%2Fpz%2BDTcMw%3D%3D","environmentVariables":{"FIREBASE_CONFIG":"{\"projectId\":\"x-news-korea-f1830\",\"storageBucket\":\"x-news-korea-f1830.appspot.com\",\"locationId\":\"asia-northeast3\"}","GCLOUD_PROJECT":"x-news-korea-f1830","EVENTARC_CLOUD_EVENT_SOURCE":"projects/x-news-korea-f1830/locations/us-central1/functions/fetchCommunityPostsFunction"},"runtime":"nodejs18","buildId":"a2ced038-47e9-4040-84c6-c2947388dbde","buildEnvironmentVariables":{"GOOGLE_NODE_RUN_SCRIPTS":""},"sourceToken":"10be432b-660c-4e33-91c0-e4bdbbde791d","buildName":"projects/459934345714/locations/us-central1/builds/a2ced038-47e9-4040-84c6-c2947388dbde","dockerRegistry":"ARTIFACT_REGISTRY","automaticUpdatePolicy":{},"buildServiceAccount":"459934345714-compute@developer.gserviceaccount.com"},"versionId":"4","updateTime":"2024-09-03T09:16:11Z","buildId":"bc791b8e-68a1-430c-9dd1-6a6c6692a1b2","sourceToken":"10be432b-660c-4e33-91c0-e4bdbbde791d","buildName":"projects/459934345714/locations/us-central1/builds/bc791b8e-68a1-430c-9dd1-6a6c6692a1b2"}}
[debug] [2024-09-03T09:16:12.258Z] Got source token 10be432b-660c-4e33-91c0-e4bdbbde791d for region us-central1
[debug] [2024-09-03T09:16:13.260Z] [update-default-us-central1-fetchCommunityPostsFunction] Retrying task index 0
[debug] [2024-09-03T09:16:13.261Z] >>> [apiv2][query] GET https://cloudfunctions.googleapis.com/v1/operations/eC1uZXdzLWtvcmVhLWYxODMwL3VzLWNlbnRyYWwxL2ZldGNoQ29tbXVuaXR5UG9zdHNGdW5jdGlvbi9KeWJLdnRQRTZnQQ [none]
[debug] [2024-09-03T09:16:13.520Z] <<< [apiv2][status] GET https://cloudfunctions.googleapis.com/v1/operations/eC1uZXdzLWtvcmVhLWYxODMwL3VzLWNlbnRyYWwxL2ZldGNoQ29tbXVuaXR5UG9zdHNGdW5jdGlvbi9KeWJLdnRQRTZnQQ 200
[debug] [2024-09-03T09:16:13.521Z] <<< [apiv2][body] GET https://cloudfunctions.googleapis.com/v1/operations/eC1uZXdzLWtvcmVhLWYxODMwL3VzLWNlbnRyYWwxL2ZldGNoQ29tbXVuaXR5UG9zdHNGdW5jdGlvbi9KeWJLdnRQRTZnQQ {"name":"operations/eC1uZXdzLWtvcmVhLWYxODMwL3VzLWNlbnRyYWwxL2ZldGNoQ29tbXVuaXR5UG9zdHNGdW5jdGlvbi9KeWJLdnRQRTZnQQ","metadata":{"@type":"type.googleapis.com/google.cloud.functions.v1.OperationMetadataV1","target":"projects/x-news-korea-f1830/locations/us-central1/functions/fetchCommunityPostsFunction","type":"UPDATE_FUNCTION","request":{"@type":"type.googleapis.com/google.cloud.functions.v1.CloudFunction","name":"projects/x-news-korea-f1830/locations/us-central1/functions/fetchCommunityPostsFunction","eventTrigger":{"eventType":"google.pubsub.topic.publish","resource":"projects/x-news-korea-f1830/topics/firebase-schedule-fetchCommunityPostsFunction-us-central1","service":"pubsub.googleapis.com","failurePolicy":{}},"status":"ACTIVE","entryPoint":"fetchCommunityPostsFunction","updateTime":"2024-09-03T09:04:08.686Z","versionId":"3","labels":{"deployment-tool":"cli-firebase","deployment-scheduled":"true","firebase-functions-hash":"8fddf2ccc5394c42564580ff631e5f665d58f7a4"},"sourceUploadUrl":"https://storage.googleapis.com/uploads-993892563940.us-central1.cloudfunctions.appspot.com/56c469c3-4c7d-4287-a5f4-c20a6aeb8675.zip?GoogleAccessId=service-459934345714@gcf-admin-robot.iam.gserviceaccount.com&Expires=1725356719&Signature=P5o%2F0XcFjaLZEPH%2BDMid7eseOsG5EpsLf6hGffh365a5yfV6OX7k8ybanNHyhV4jlx198LQ%2BYtv6qX%2BiOrny6bAYMnxRPWK9rLO%2B%2BxDsGcFLk7OOz2R4%2BGtM1BgoxNJJMfY%2BG8vy79YeP%2BlFudYniKpwOSFpTXwUsIQXaM8xh7N0V2ULtceaKxO08wqZFyU08CKqlgZtxEnMVDGWfiPfZFw9%2F296URyEfaickpmmM7U4tsYlmUdLbJqTpDw3Aa2ZimzMNjqsnKumWZVMifEKGoXz8LRmpq2rv9XKuYDRImXFei9kWElDXE%2BkEhFLjgkrX5LG5DlY0SG83%2Fpz%2BDTcMw%3D%3D","environmentVariables":{"FIREBASE_CONFIG":"{\"projectId\":\"x-news-korea-f1830\",\"storageBucket\":\"x-news-korea-f1830.appspot.com\",\"locationId\":\"asia-northeast3\"}","GCLOUD_PROJECT":"x-news-korea-f1830","EVENTARC_CLOUD_EVENT_SOURCE":"projects/x-news-korea-f1830/locations/us-central1/functions/fetchCommunityPostsFunction"},"runtime":"nodejs18","buildId":"a2ced038-47e9-4040-84c6-c2947388dbde","buildEnvironmentVariables":{"GOOGLE_NODE_RUN_SCRIPTS":""},"sourceToken":"10be432b-660c-4e33-91c0-e4bdbbde791d","buildName":"projects/459934345714/locations/us-central1/builds/a2ced038-47e9-4040-84c6-c2947388dbde","dockerRegistry":"ARTIFACT_REGISTRY","automaticUpdatePolicy":{},"buildServiceAccount":"459934345714-compute@developer.gserviceaccount.com"},"versionId":"4","updateTime":"2024-09-03T09:16:11Z","buildId":"bc791b8e-68a1-430c-9dd1-6a6c6692a1b2","sourceToken":"10be432b-660c-4e33-91c0-e4bdbbde791d","buildName":"projects/459934345714/locations/us-central1/builds/bc791b8e-68a1-430c-9dd1-6a6c6692a1b2"}}
[debug] [2024-09-03T09:16:13.521Z] Got source token 10be432b-660c-4e33-91c0-e4bdbbde791d for region us-central1
[debug] [2024-09-03T09:16:15.522Z] [update-default-us-central1-fetchCommunityPostsFunction] Retrying task index 0
[debug] [2024-09-03T09:16:15.524Z] >>> [apiv2][query] GET https://cloudfunctions.googleapis.com/v1/operations/eC1uZXdzLWtvcmVhLWYxODMwL3VzLWNlbnRyYWwxL2ZldGNoQ29tbXVuaXR5UG9zdHNGdW5jdGlvbi9KeWJLdnRQRTZnQQ [none]
[debug] [2024-09-03T09:16:15.783Z] <<< [apiv2][status] GET https://cloudfunctions.googleapis.com/v1/operations/eC1uZXdzLWtvcmVhLWYxODMwL3VzLWNlbnRyYWwxL2ZldGNoQ29tbXVuaXR5UG9zdHNGdW5jdGlvbi9KeWJLdnRQRTZnQQ 200
[debug] [2024-09-03T09:16:15.784Z] <<< [apiv2][body] GET https://cloudfunctions.googleapis.com/v1/operations/eC1uZXdzLWtvcmVhLWYxODMwL3VzLWNlbnRyYWwxL2ZldGNoQ29tbXVuaXR5UG9zdHNGdW5jdGlvbi9KeWJLdnRQRTZnQQ {"name":"operations/eC1uZXdzLWtvcmVhLWYxODMwL3VzLWNlbnRyYWwxL2ZldGNoQ29tbXVuaXR5UG9zdHNGdW5jdGlvbi9KeWJLdnRQRTZnQQ","metadata":{"@type":"type.googleapis.com/google.cloud.functions.v1.OperationMetadataV1","target":"projects/x-news-korea-f1830/locations/us-central1/functions/fetchCommunityPostsFunction","type":"UPDATE_FUNCTION","request":{"@type":"type.googleapis.com/google.cloud.functions.v1.CloudFunction","name":"projects/x-news-korea-f1830/locations/us-central1/functions/fetchCommunityPostsFunction","eventTrigger":{"eventType":"google.pubsub.topic.publish","resource":"projects/x-news-korea-f1830/topics/firebase-schedule-fetchCommunityPostsFunction-us-central1","service":"pubsub.googleapis.com","failurePolicy":{}},"status":"ACTIVE","entryPoint":"fetchCommunityPostsFunction","updateTime":"2024-09-03T09:04:08.686Z","versionId":"3","labels":{"deployment-tool":"cli-firebase","deployment-scheduled":"true","firebase-functions-hash":"8fddf2ccc5394c42564580ff631e5f665d58f7a4"},"sourceUploadUrl":"https://storage.googleapis.com/uploads-993892563940.us-central1.cloudfunctions.appspot.com/56c469c3-4c7d-4287-a5f4-c20a6aeb8675.zip?GoogleAccessId=service-459934345714@gcf-admin-robot.iam.gserviceaccount.com&Expires=1725356719&Signature=P5o%2F0XcFjaLZEPH%2BDMid7eseOsG5EpsLf6hGffh365a5yfV6OX7k8ybanNHyhV4jlx198LQ%2BYtv6qX%2BiOrny6bAYMnxRPWK9rLO%2B%2BxDsGcFLk7OOz2R4%2BGtM1BgoxNJJMfY%2BG8vy79YeP%2BlFudYniKpwOSFpTXwUsIQXaM8xh7N0V2ULtceaKxO08wqZFyU08CKqlgZtxEnMVDGWfiPfZFw9%2F296URyEfaickpmmM7U4tsYlmUdLbJqTpDw3Aa2ZimzMNjqsnKumWZVMifEKGoXz8LRmpq2rv9XKuYDRImXFei9kWElDXE%2BkEhFLjgkrX5LG5DlY0SG83%2Fpz%2BDTcMw%3D%3D","environmentVariables":{"FIREBASE_CONFIG":"{\"projectId\":\"x-news-korea-f1830\",\"storageBucket\":\"x-news-korea-f1830.appspot.com\",\"locationId\":\"asia-northeast3\"}","GCLOUD_PROJECT":"x-news-korea-f1830","EVENTARC_CLOUD_EVENT_SOURCE":"projects/x-news-korea-f1830/locations/us-central1/functions/fetchCommunityPostsFunction"},"runtime":"nodejs18","buildId":"a2ced038-47e9-4040-84c6-c2947388dbde","buildEnvironmentVariables":{"GOOGLE_NODE_RUN_SCRIPTS":""},"sourceToken":"10be432b-660c-4e33-91c0-e4bdbbde791d","buildName":"projects/459934345714/locations/us-central1/builds/a2ced038-47e9-4040-84c6-c2947388dbde","dockerRegistry":"ARTIFACT_REGISTRY","automaticUpdatePolicy":{},"buildServiceAccount":"459934345714-compute@developer.gserviceaccount.com"},"versionId":"4","updateTime":"2024-09-03T09:16:11Z","buildId":"bc791b8e-68a1-430c-9dd1-6a6c6692a1b2","sourceToken":"10be432b-660c-4e33-91c0-e4bdbbde791d","buildName":"projects/459934345714/locations/us-central1/builds/bc791b8e-68a1-430c-9dd1-6a6c6692a1b2"}}
[debug] [2024-09-03T09:16:15.784Z] Got source token 10be432b-660c-4e33-91c0-e4bdbbde791d for region us-central1
[debug] [2024-09-03T09:16:19.785Z] [update-default-us-central1-fetchCommunityPostsFunction] Retrying task index 0
[debug] [2024-09-03T09:16:19.785Z] >>> [apiv2][query] GET https://cloudfunctions.googleapis.com/v1/operations/eC1uZXdzLWtvcmVhLWYxODMwL3VzLWNlbnRyYWwxL2ZldGNoQ29tbXVuaXR5UG9zdHNGdW5jdGlvbi9KeWJLdnRQRTZnQQ [none]
[debug] [2024-09-03T09:16:20.039Z] <<< [apiv2][status] GET https://cloudfunctions.googleapis.com/v1/operations/eC1uZXdzLWtvcmVhLWYxODMwL3VzLWNlbnRyYWwxL2ZldGNoQ29tbXVuaXR5UG9zdHNGdW5jdGlvbi9KeWJLdnRQRTZnQQ 200
[debug] [2024-09-03T09:16:20.040Z] <<< [apiv2][body] GET https://cloudfunctions.googleapis.com/v1/operations/eC1uZXdzLWtvcmVhLWYxODMwL3VzLWNlbnRyYWwxL2ZldGNoQ29tbXVuaXR5UG9zdHNGdW5jdGlvbi9KeWJLdnRQRTZnQQ {"name":"operations/eC1uZXdzLWtvcmVhLWYxODMwL3VzLWNlbnRyYWwxL2ZldGNoQ29tbXVuaXR5UG9zdHNGdW5jdGlvbi9KeWJLdnRQRTZnQQ","metadata":{"@type":"type.googleapis.com/google.cloud.functions.v1.OperationMetadataV1","target":"projects/x-news-korea-f1830/locations/us-central1/functions/fetchCommunityPostsFunction","type":"UPDATE_FUNCTION","request":{"@type":"type.googleapis.com/google.cloud.functions.v1.CloudFunction","name":"projects/x-news-korea-f1830/locations/us-central1/functions/fetchCommunityPostsFunction","eventTrigger":{"eventType":"google.pubsub.topic.publish","resource":"projects/x-news-korea-f1830/topics/firebase-schedule-fetchCommunityPostsFunction-us-central1","service":"pubsub.googleapis.com","failurePolicy":{}},"status":"ACTIVE","entryPoint":"fetchCommunityPostsFunction","updateTime":"2024-09-03T09:04:08.686Z","versionId":"3","labels":{"deployment-tool":"cli-firebase","deployment-scheduled":"true","firebase-functions-hash":"8fddf2ccc5394c42564580ff631e5f665d58f7a4"},"sourceUploadUrl":"https://storage.googleapis.com/uploads-993892563940.us-central1.cloudfunctions.appspot.com/56c469c3-4c7d-4287-a5f4-c20a6aeb8675.zip?GoogleAccessId=service-459934345714@gcf-admin-robot.iam.gserviceaccount.com&Expires=1725356719&Signature=P5o%2F0XcFjaLZEPH%2BDMid7eseOsG5EpsLf6hGffh365a5yfV6OX7k8ybanNHyhV4jlx198LQ%2BYtv6qX%2BiOrny6bAYMnxRPWK9rLO%2B%2BxDsGcFLk7OOz2R4%2BGtM1BgoxNJJMfY%2BG8vy79YeP%2BlFudYniKpwOSFpTXwUsIQXaM8xh7N0V2ULtceaKxO08wqZFyU08CKqlgZtxEnMVDGWfiPfZFw9%2F296URyEfaickpmmM7U4tsYlmUdLbJqTpDw3Aa2ZimzMNjqsnKumWZVMifEKGoXz8LRmpq2rv9XKuYDRImXFei9kWElDXE%2BkEhFLjgkrX5LG5DlY0SG83%2Fpz%2BDTcMw%3D%3D","environmentVariables":{"FIREBASE_CONFIG":"{\"projectId\":\"x-news-korea-f1830\",\"storageBucket\":\"x-news-korea-f1830.appspot.com\",\"locationId\":\"asia-northeast3\"}","GCLOUD_PROJECT":"x-news-korea-f1830","EVENTARC_CLOUD_EVENT_SOURCE":"projects/x-news-korea-f1830/locations/us-central1/functions/fetchCommunityPostsFunction"},"runtime":"nodejs18","buildId":"a2ced038-47e9-4040-84c6-c2947388dbde","buildEnvironmentVariables":{"GOOGLE_NODE_RUN_SCRIPTS":""},"sourceToken":"10be432b-660c-4e33-91c0-e4bdbbde791d","buildName":"projects/459934345714/locations/us-central1/builds/a2ced038-47e9-4040-84c6-c2947388dbde","dockerRegistry":"ARTIFACT_REGISTRY","automaticUpdatePolicy":{},"buildServiceAccount":"459934345714-compute@developer.gserviceaccount.com"},"versionId":"4","updateTime":"2024-09-03T09:16:11Z","buildId":"bc791b8e-68a1-430c-9dd1-6a6c6692a1b2","sourceToken":"10be432b-660c-4e33-91c0-e4bdbbde791d","buildName":"projects/459934345714/locations/us-central1/builds/bc791b8e-68a1-430c-9dd1-6a6c6692a1b2"}}
[debug] [2024-09-03T09:16:20.040Z] Got source token 10be432b-660c-4e33-91c0-e4bdbbde791d for region us-central1
[debug] [2024-09-03T09:16:20.429Z] [update-default-us-central1-getSecretsFunction] Retrying task index 0
[debug] [2024-09-03T09:16:20.430Z] >>> [apiv2][query] GET https://cloudfunctions.googleapis.com/v1/operations/eC1uZXdzLWtvcmVhLWYxODMwL3VzLWNlbnRyYWwxL2dldFNlY3JldHNGdW5jdGlvbi9HbnBPYXBNdXdTYw [none]
[debug] [2024-09-03T09:16:20.684Z] <<< [apiv2][status] GET https://cloudfunctions.googleapis.com/v1/operations/eC1uZXdzLWtvcmVhLWYxODMwL3VzLWNlbnRyYWwxL2dldFNlY3JldHNGdW5jdGlvbi9HbnBPYXBNdXdTYw 200
[debug] [2024-09-03T09:16:20.685Z] <<< [apiv2][body] GET https://cloudfunctions.googleapis.com/v1/operations/eC1uZXdzLWtvcmVhLWYxODMwL3VzLWNlbnRyYWwxL2dldFNlY3JldHNGdW5jdGlvbi9HbnBPYXBNdXdTYw {"name":"operations/eC1uZXdzLWtvcmVhLWYxODMwL3VzLWNlbnRyYWwxL2dldFNlY3JldHNGdW5jdGlvbi9HbnBPYXBNdXdTYw","metadata":{"@type":"type.googleapis.com/google.cloud.functions.v1.OperationMetadataV1","target":"projects/x-news-korea-f1830/locations/us-central1/functions/getSecretsFunction","type":"UPDATE_FUNCTION","request":{"@type":"type.googleapis.com/google.cloud.functions.v1.CloudFunction","name":"projects/x-news-korea-f1830/locations/us-central1/functions/getSecretsFunction","httpsTrigger":{"url":"https://us-central1-x-news-korea-f1830.cloudfunctions.net/getSecretsFunction","securityLevel":"SECURE_ALWAYS"},"status":"ACTIVE","entryPoint":"getSecretsFunction","updateTime":"2024-09-03T09:03:37.326Z","versionId":"14","labels":{"deployment-tool":"cli-firebase","deployment-callable":"true","firebase-functions-hash":"8fddf2ccc5394c42564580ff631e5f665d58f7a4"},"sourceUploadUrl":"https://storage.googleapis.com/uploads-993892563940.us-central1.cloudfunctions.appspot.com/56c469c3-4c7d-4287-a5f4-c20a6aeb8675.zip?GoogleAccessId=service-459934345714@gcf-admin-robot.iam.gserviceaccount.com&Expires=1725356719&Signature=P5o%2F0XcFjaLZEPH%2BDMid7eseOsG5EpsLf6hGffh365a5yfV6OX7k8ybanNHyhV4jlx198LQ%2BYtv6qX%2BiOrny6bAYMnxRPWK9rLO%2B%2BxDsGcFLk7OOz2R4%2BGtM1BgoxNJJMfY%2BG8vy79YeP%2BlFudYniKpwOSFpTXwUsIQXaM8xh7N0V2ULtceaKxO08wqZFyU08CKqlgZtxEnMVDGWfiPfZFw9%2F296URyEfaickpmmM7U4tsYlmUdLbJqTpDw3Aa2ZimzMNjqsnKumWZVMifEKGoXz8LRmpq2rv9XKuYDRImXFei9kWElDXE%2BkEhFLjgkrX5LG5DlY0SG83%2Fpz%2BDTcMw%3D%3D","environmentVariables":{"FIREBASE_CONFIG":"{\"projectId\":\"x-news-korea-f1830\",\"storageBucket\":\"x-news-korea-f1830.appspot.com\",\"locationId\":\"asia-northeast3\"}","GCLOUD_PROJECT":"x-news-korea-f1830","EVENTARC_CLOUD_EVENT_SOURCE":"projects/x-news-korea-f1830/locations/us-central1/functions/getSecretsFunction"},"runtime":"nodejs18","buildId":"a2ced038-47e9-4040-84c6-c2947388dbde","buildEnvironmentVariables":{"GOOGLE_NODE_RUN_SCRIPTS":""},"buildName":"projects/459934345714/locations/us-central1/builds/a2ced038-47e9-4040-84c6-c2947388dbde","dockerRegistry":"ARTIFACT_REGISTRY","automaticUpdatePolicy":{},"buildServiceAccount":"459934345714-compute@developer.gserviceaccount.com"},"versionId":"15","updateTime":"2024-09-03T09:16:16Z","buildId":"bc791b8e-68a1-430c-9dd1-6a6c6692a1b2","sourceToken":"10be432b-660c-4e33-91c0-e4bdbbde791d","buildName":"projects/459934345714/locations/us-central1/builds/bc791b8e-68a1-430c-9dd1-6a6c6692a1b2"},"done":true,"response":{"@type":"type.googleapis.com/google.cloud.functions.v1.CloudFunction","name":"projects/x-news-korea-f1830/locations/us-central1/functions/getSecretsFunction","httpsTrigger":{"url":"https://us-central1-x-news-korea-f1830.cloudfunctions.net/getSecretsFunction","securityLevel":"SECURE_ALWAYS"},"status":"ACTIVE","entryPoint":"getSecretsFunction","timeout":"60s","availableMemoryMb":256,"serviceAccountEmail":"x-news-korea-f1830@appspot.gserviceaccount.com","updateTime":"2024-09-03T09:16:16.640Z","versionId":"15","labels":{"deployment-tool":"cli-firebase","deployment-callable":"true","firebase-functions-hash":"8fddf2ccc5394c42564580ff631e5f665d58f7a4"},"sourceUploadUrl":"https://storage.googleapis.com/uploads-993892563940.us-central1.cloudfunctions.appspot.com/56c469c3-4c7d-4287-a5f4-c20a6aeb8675.zip","environmentVariables":{"FIREBASE_CONFIG":"{\"projectId\":\"x-news-korea-f1830\",\"storageBucket\":\"x-news-korea-f1830.appspot.com\",\"locationId\":\"asia-northeast3\"}","GCLOUD_PROJECT":"x-news-korea-f1830","EVENTARC_CLOUD_EVENT_SOURCE":"projects/x-news-korea-f1830/locations/us-central1/functions/getSecretsFunction"},"runtime":"nodejs18","ingressSettings":"ALLOW_ALL","buildId":"bc791b8e-68a1-430c-9dd1-6a6c6692a1b2","buildEnvironmentVariables":{"GOOGLE_NODE_RUN_SCRIPTS":""},"buildName":"projects/459934345714/locations/us-central1/builds/bc791b8e-68a1-430c-9dd1-6a6c6692a1b2","dockerRegistry":"ARTIFACT_REGISTRY","automaticUpdatePolicy":{},"buildServiceAccount":"459934345714-compute@developer.gserviceaccount.com"}}
[debug] [2024-09-03T09:16:20.685Z] Got source token 10be432b-660c-4e33-91c0-e4bdbbde791d for region us-central1
[info] ✔  functions[getSecretsFunction(us-central1)] Successful update operation. 
[debug] [2024-09-03T09:16:28.042Z] [update-default-us-central1-fetchCommunityPostsFunction] Retrying task index 0
[debug] [2024-09-03T09:16:28.043Z] >>> [apiv2][query] GET https://cloudfunctions.googleapis.com/v1/operations/eC1uZXdzLWtvcmVhLWYxODMwL3VzLWNlbnRyYWwxL2ZldGNoQ29tbXVuaXR5UG9zdHNGdW5jdGlvbi9KeWJLdnRQRTZnQQ [none]
[debug] [2024-09-03T09:16:28.579Z] <<< [apiv2][status] GET https://cloudfunctions.googleapis.com/v1/operations/eC1uZXdzLWtvcmVhLWYxODMwL3VzLWNlbnRyYWwxL2ZldGNoQ29tbXVuaXR5UG9zdHNGdW5jdGlvbi9KeWJLdnRQRTZnQQ 200
[debug] [2024-09-03T09:16:28.579Z] <<< [apiv2][body] GET https://cloudfunctions.googleapis.com/v1/operations/eC1uZXdzLWtvcmVhLWYxODMwL3VzLWNlbnRyYWwxL2ZldGNoQ29tbXVuaXR5UG9zdHNGdW5jdGlvbi9KeWJLdnRQRTZnQQ {"name":"operations/eC1uZXdzLWtvcmVhLWYxODMwL3VzLWNlbnRyYWwxL2ZldGNoQ29tbXVuaXR5UG9zdHNGdW5jdGlvbi9KeWJLdnRQRTZnQQ","metadata":{"@type":"type.googleapis.com/google.cloud.functions.v1.OperationMetadataV1","target":"projects/x-news-korea-f1830/locations/us-central1/functions/fetchCommunityPostsFunction","type":"UPDATE_FUNCTION","request":{"@type":"type.googleapis.com/google.cloud.functions.v1.CloudFunction","name":"projects/x-news-korea-f1830/locations/us-central1/functions/fetchCommunityPostsFunction","eventTrigger":{"eventType":"google.pubsub.topic.publish","resource":"projects/x-news-korea-f1830/topics/firebase-schedule-fetchCommunityPostsFunction-us-central1","service":"pubsub.googleapis.com","failurePolicy":{}},"status":"ACTIVE","entryPoint":"fetchCommunityPostsFunction","updateTime":"2024-09-03T09:04:08.686Z","versionId":"3","labels":{"deployment-tool":"cli-firebase","deployment-scheduled":"true","firebase-functions-hash":"8fddf2ccc5394c42564580ff631e5f665d58f7a4"},"sourceUploadUrl":"https://storage.googleapis.com/uploads-993892563940.us-central1.cloudfunctions.appspot.com/56c469c3-4c7d-4287-a5f4-c20a6aeb8675.zip?GoogleAccessId=service-459934345714@gcf-admin-robot.iam.gserviceaccount.com&Expires=1725356719&Signature=P5o%2F0XcFjaLZEPH%2BDMid7eseOsG5EpsLf6hGffh365a5yfV6OX7k8ybanNHyhV4jlx198LQ%2BYtv6qX%2BiOrny6bAYMnxRPWK9rLO%2B%2BxDsGcFLk7OOz2R4%2BGtM1BgoxNJJMfY%2BG8vy79YeP%2BlFudYniKpwOSFpTXwUsIQXaM8xh7N0V2ULtceaKxO08wqZFyU08CKqlgZtxEnMVDGWfiPfZFw9%2F296URyEfaickpmmM7U4tsYlmUdLbJqTpDw3Aa2ZimzMNjqsnKumWZVMifEKGoXz8LRmpq2rv9XKuYDRImXFei9kWElDXE%2BkEhFLjgkrX5LG5DlY0SG83%2Fpz%2BDTcMw%3D%3D","environmentVariables":{"FIREBASE_CONFIG":"{\"projectId\":\"x-news-korea-f1830\",\"storageBucket\":\"x-news-korea-f1830.appspot.com\",\"locationId\":\"asia-northeast3\"}","GCLOUD_PROJECT":"x-news-korea-f1830","EVENTARC_CLOUD_EVENT_SOURCE":"projects/x-news-korea-f1830/locations/us-central1/functions/fetchCommunityPostsFunction"},"runtime":"nodejs18","buildId":"a2ced038-47e9-4040-84c6-c2947388dbde","buildEnvironmentVariables":{"GOOGLE_NODE_RUN_SCRIPTS":""},"sourceToken":"10be432b-660c-4e33-91c0-e4bdbbde791d","buildName":"projects/459934345714/locations/us-central1/builds/a2ced038-47e9-4040-84c6-c2947388dbde","dockerRegistry":"ARTIFACT_REGISTRY","automaticUpdatePolicy":{},"buildServiceAccount":"459934345714-compute@developer.gserviceaccount.com"},"versionId":"4","updateTime":"2024-09-03T09:16:11Z","buildId":"bc791b8e-68a1-430c-9dd1-6a6c6692a1b2","sourceToken":"10be432b-660c-4e33-91c0-e4bdbbde791d","buildName":"projects/459934345714/locations/us-central1/builds/bc791b8e-68a1-430c-9dd1-6a6c6692a1b2"}}
[debug] [2024-09-03T09:16:28.580Z] Got source token 10be432b-660c-4e33-91c0-e4bdbbde791d for region us-central1
[debug] [2024-09-03T09:16:38.582Z] [update-default-us-central1-fetchCommunityPostsFunction] Retrying task index 0
[debug] [2024-09-03T09:16:38.583Z] >>> [apiv2][query] GET https://cloudfunctions.googleapis.com/v1/operations/eC1uZXdzLWtvcmVhLWYxODMwL3VzLWNlbnRyYWwxL2ZldGNoQ29tbXVuaXR5UG9zdHNGdW5jdGlvbi9KeWJLdnRQRTZnQQ [none]
[debug] [2024-09-03T09:16:39.116Z] <<< [apiv2][status] GET https://cloudfunctions.googleapis.com/v1/operations/eC1uZXdzLWtvcmVhLWYxODMwL3VzLWNlbnRyYWwxL2ZldGNoQ29tbXVuaXR5UG9zdHNGdW5jdGlvbi9KeWJLdnRQRTZnQQ 200
[debug] [2024-09-03T09:16:39.116Z] <<< [apiv2][body] GET https://cloudfunctions.googleapis.com/v1/operations/eC1uZXdzLWtvcmVhLWYxODMwL3VzLWNlbnRyYWwxL2ZldGNoQ29tbXVuaXR5UG9zdHNGdW5jdGlvbi9KeWJLdnRQRTZnQQ {"name":"operations/eC1uZXdzLWtvcmVhLWYxODMwL3VzLWNlbnRyYWwxL2ZldGNoQ29tbXVuaXR5UG9zdHNGdW5jdGlvbi9KeWJLdnRQRTZnQQ","metadata":{"@type":"type.googleapis.com/google.cloud.functions.v1.OperationMetadataV1","target":"projects/x-news-korea-f1830/locations/us-central1/functions/fetchCommunityPostsFunction","type":"UPDATE_FUNCTION","request":{"@type":"type.googleapis.com/google.cloud.functions.v1.CloudFunction","name":"projects/x-news-korea-f1830/locations/us-central1/functions/fetchCommunityPostsFunction","eventTrigger":{"eventType":"google.pubsub.topic.publish","resource":"projects/x-news-korea-f1830/topics/firebase-schedule-fetchCommunityPostsFunction-us-central1","service":"pubsub.googleapis.com","failurePolicy":{}},"status":"ACTIVE","entryPoint":"fetchCommunityPostsFunction","updateTime":"2024-09-03T09:04:08.686Z","versionId":"3","labels":{"deployment-tool":"cli-firebase","deployment-scheduled":"true","firebase-functions-hash":"8fddf2ccc5394c42564580ff631e5f665d58f7a4"},"sourceUploadUrl":"https://storage.googleapis.com/uploads-993892563940.us-central1.cloudfunctions.appspot.com/56c469c3-4c7d-4287-a5f4-c20a6aeb8675.zip?GoogleAccessId=service-459934345714@gcf-admin-robot.iam.gserviceaccount.com&Expires=1725356719&Signature=P5o%2F0XcFjaLZEPH%2BDMid7eseOsG5EpsLf6hGffh365a5yfV6OX7k8ybanNHyhV4jlx198LQ%2BYtv6qX%2BiOrny6bAYMnxRPWK9rLO%2B%2BxDsGcFLk7OOz2R4%2BGtM1BgoxNJJMfY%2BG8vy79YeP%2BlFudYniKpwOSFpTXwUsIQXaM8xh7N0V2ULtceaKxO08wqZFyU08CKqlgZtxEnMVDGWfiPfZFw9%2F296URyEfaickpmmM7U4tsYlmUdLbJqTpDw3Aa2ZimzMNjqsnKumWZVMifEKGoXz8LRmpq2rv9XKuYDRImXFei9kWElDXE%2BkEhFLjgkrX5LG5DlY0SG83%2Fpz%2BDTcMw%3D%3D","environmentVariables":{"FIREBASE_CONFIG":"{\"projectId\":\"x-news-korea-f1830\",\"storageBucket\":\"x-news-korea-f1830.appspot.com\",\"locationId\":\"asia-northeast3\"}","GCLOUD_PROJECT":"x-news-korea-f1830","EVENTARC_CLOUD_EVENT_SOURCE":"projects/x-news-korea-f1830/locations/us-central1/functions/fetchCommunityPostsFunction"},"runtime":"nodejs18","buildId":"a2ced038-47e9-4040-84c6-c2947388dbde","buildEnvironmentVariables":{"GOOGLE_NODE_RUN_SCRIPTS":""},"sourceToken":"10be432b-660c-4e33-91c0-e4bdbbde791d","buildName":"projects/459934345714/locations/us-central1/builds/a2ced038-47e9-4040-84c6-c2947388dbde","dockerRegistry":"ARTIFACT_REGISTRY","automaticUpdatePolicy":{},"buildServiceAccount":"459934345714-compute@developer.gserviceaccount.com"},"versionId":"4","updateTime":"2024-09-03T09:16:11Z","buildId":"bc791b8e-68a1-430c-9dd1-6a6c6692a1b2","sourceToken":"10be432b-660c-4e33-91c0-e4bdbbde791d","buildName":"projects/459934345714/locations/us-central1/builds/bc791b8e-68a1-430c-9dd1-6a6c6692a1b2"}}
[debug] [2024-09-03T09:16:39.116Z] Got source token 10be432b-660c-4e33-91c0-e4bdbbde791d for region us-central1
[debug] [2024-09-03T09:16:49.118Z] [update-default-us-central1-fetchCommunityPostsFunction] Retrying task index 0
[debug] [2024-09-03T09:16:49.118Z] >>> [apiv2][query] GET https://cloudfunctions.googleapis.com/v1/operations/eC1uZXdzLWtvcmVhLWYxODMwL3VzLWNlbnRyYWwxL2ZldGNoQ29tbXVuaXR5UG9zdHNGdW5jdGlvbi9KeWJLdnRQRTZnQQ [none]
[debug] [2024-09-03T09:16:49.651Z] <<< [apiv2][status] GET https://cloudfunctions.googleapis.com/v1/operations/eC1uZXdzLWtvcmVhLWYxODMwL3VzLWNlbnRyYWwxL2ZldGNoQ29tbXVuaXR5UG9zdHNGdW5jdGlvbi9KeWJLdnRQRTZnQQ 200
[debug] [2024-09-03T09:16:49.652Z] <<< [apiv2][body] GET https://cloudfunctions.googleapis.com/v1/operations/eC1uZXdzLWtvcmVhLWYxODMwL3VzLWNlbnRyYWwxL2ZldGNoQ29tbXVuaXR5UG9zdHNGdW5jdGlvbi9KeWJLdnRQRTZnQQ {"name":"operations/eC1uZXdzLWtvcmVhLWYxODMwL3VzLWNlbnRyYWwxL2ZldGNoQ29tbXVuaXR5UG9zdHNGdW5jdGlvbi9KeWJLdnRQRTZnQQ","metadata":{"@type":"type.googleapis.com/google.cloud.functions.v1.OperationMetadataV1","target":"projects/x-news-korea-f1830/locations/us-central1/functions/fetchCommunityPostsFunction","type":"UPDATE_FUNCTION","request":{"@type":"type.googleapis.com/google.cloud.functions.v1.CloudFunction","name":"projects/x-news-korea-f1830/locations/us-central1/functions/fetchCommunityPostsFunction","eventTrigger":{"eventType":"google.pubsub.topic.publish","resource":"projects/x-news-korea-f1830/topics/firebase-schedule-fetchCommunityPostsFunction-us-central1","service":"pubsub.googleapis.com","failurePolicy":{}},"status":"ACTIVE","entryPoint":"fetchCommunityPostsFunction","updateTime":"2024-09-03T09:04:08.686Z","versionId":"3","labels":{"deployment-tool":"cli-firebase","deployment-scheduled":"true","firebase-functions-hash":"8fddf2ccc5394c42564580ff631e5f665d58f7a4"},"sourceUploadUrl":"https://storage.googleapis.com/uploads-993892563940.us-central1.cloudfunctions.appspot.com/56c469c3-4c7d-4287-a5f4-c20a6aeb8675.zip?GoogleAccessId=service-459934345714@gcf-admin-robot.iam.gserviceaccount.com&Expires=1725356719&Signature=P5o%2F0XcFjaLZEPH%2BDMid7eseOsG5EpsLf6hGffh365a5yfV6OX7k8ybanNHyhV4jlx198LQ%2BYtv6qX%2BiOrny6bAYMnxRPWK9rLO%2B%2BxDsGcFLk7OOz2R4%2BGtM1BgoxNJJMfY%2BG8vy79YeP%2BlFudYniKpwOSFpTXwUsIQXaM8xh7N0V2ULtceaKxO08wqZFyU08CKqlgZtxEnMVDGWfiPfZFw9%2F296URyEfaickpmmM7U4tsYlmUdLbJqTpDw3Aa2ZimzMNjqsnKumWZVMifEKGoXz8LRmpq2rv9XKuYDRImXFei9kWElDXE%2BkEhFLjgkrX5LG5DlY0SG83%2Fpz%2BDTcMw%3D%3D","environmentVariables":{"FIREBASE_CONFIG":"{\"projectId\":\"x-news-korea-f1830\",\"storageBucket\":\"x-news-korea-f1830.appspot.com\",\"locationId\":\"asia-northeast3\"}","GCLOUD_PROJECT":"x-news-korea-f1830","EVENTARC_CLOUD_EVENT_SOURCE":"projects/x-news-korea-f1830/locations/us-central1/functions/fetchCommunityPostsFunction"},"runtime":"nodejs18","buildId":"a2ced038-47e9-4040-84c6-c2947388dbde","buildEnvironmentVariables":{"GOOGLE_NODE_RUN_SCRIPTS":""},"sourceToken":"10be432b-660c-4e33-91c0-e4bdbbde791d","buildName":"projects/459934345714/locations/us-central1/builds/a2ced038-47e9-4040-84c6-c2947388dbde","dockerRegistry":"ARTIFACT_REGISTRY","automaticUpdatePolicy":{},"buildServiceAccount":"459934345714-compute@developer.gserviceaccount.com"},"versionId":"4","updateTime":"2024-09-03T09:16:11Z","buildId":"bc791b8e-68a1-430c-9dd1-6a6c6692a1b2","sourceToken":"10be432b-660c-4e33-91c0-e4bdbbde791d","buildName":"projects/459934345714/locations/us-central1/builds/bc791b8e-68a1-430c-9dd1-6a6c6692a1b2"}}
[debug] [2024-09-03T09:16:49.652Z] Got source token 10be432b-660c-4e33-91c0-e4bdbbde791d for region us-central1
