[debug] [2024-09-02T15:40:16.236Z] ----------------------------------------------------------------------
[debug] [2024-09-02T15:40:16.240Z] Command:       /usr/local/bin/node /usr/local/bin/firebase deploy
[debug] [2024-09-02T15:40:16.240Z] CLI Version:   13.16.0
[debug] [2024-09-02T15:40:16.241Z] Platform:      darwin
[debug] [2024-09-02T15:40:16.241Z] Node Version:  v20.11.0
[debug] [2024-09-02T15:40:16.241Z] Time:          Tue Sep 03 2024 00:40:16 GMT+0900 (Korean Standard Time)
[debug] [2024-09-02T15:40:16.241Z] ----------------------------------------------------------------------
[debug] 
[debug] [2024-09-02T15:40:16.274Z] > command requires scopes: ["email","openid","https://www.googleapis.com/auth/cloudplatformprojects.readonly","https://www.googleapis.com/auth/firebase","https://www.googleapis.com/auth/cloud-platform"]
[debug] [2024-09-02T15:40:16.274Z] > authorizing via signed-in user (wonhong1996@gmail.com)
[debug] [2024-09-02T15:40:16.274Z] [iam] checking project x-news-korea-f1830 for permissions ["cloudfunctions.functions.create","cloudfunctions.functions.delete","cloudfunctions.functions.get","cloudfunctions.functions.list","cloudfunctions.functions.update","cloudfunctions.operations.get","datastore.indexes.create","datastore.indexes.delete","datastore.indexes.list","datastore.indexes.update","firebase.projects.get","firebasehosting.sites.update","firebaserules.releases.create","firebaserules.releases.update","firebaserules.rulesets.create",null]
[debug] [2024-09-02T15:40:16.275Z] >>> [apiv2][query] POST https://cloudresourcemanager.googleapis.com/v1/projects/x-news-korea-f1830:testIamPermissions [none]
[debug] [2024-09-02T15:40:16.275Z] >>> [apiv2][(partial)header] POST https://cloudresourcemanager.googleapis.com/v1/projects/x-news-korea-f1830:testIamPermissions x-goog-quota-user=projects/x-news-korea-f1830
[debug] [2024-09-02T15:40:16.275Z] >>> [apiv2][body] POST https://cloudresourcemanager.googleapis.com/v1/projects/x-news-korea-f1830:testIamPermissions {"permissions":["cloudfunctions.functions.create","cloudfunctions.functions.delete","cloudfunctions.functions.get","cloudfunctions.functions.list","cloudfunctions.functions.update","cloudfunctions.operations.get","datastore.indexes.create","datastore.indexes.delete","datastore.indexes.list","datastore.indexes.update","firebase.projects.get","firebasehosting.sites.update","firebaserules.releases.create","firebaserules.releases.update","firebaserules.rulesets.create",null]}
[debug] [2024-09-02T15:40:17.348Z] <<< [apiv2][status] POST https://cloudresourcemanager.googleapis.com/v1/projects/x-news-korea-f1830:testIamPermissions 200
[debug] [2024-09-02T15:40:17.348Z] <<< [apiv2][body] POST https://cloudresourcemanager.googleapis.com/v1/projects/x-news-korea-f1830:testIamPermissions {"permissions":["cloudfunctions.functions.create","cloudfunctions.functions.delete","cloudfunctions.functions.get","cloudfunctions.functions.list","cloudfunctions.functions.update","cloudfunctions.operations.get","datastore.indexes.create","datastore.indexes.delete","datastore.indexes.list","datastore.indexes.update","firebase.projects.get","firebasehosting.sites.update","firebaserules.releases.create","firebaserules.releases.update","firebaserules.rulesets.create"]}
[debug] [2024-09-02T15:40:17.348Z] [iam] error while checking permissions, command may fail: FirebaseError: Authorization failed. This account is missing the following required permissions on project x-news-korea-f1830:

  
[debug] [2024-09-02T15:40:17.348Z] >>> [apiv2][query] POST https://iam.googleapis.com/v1/projects/x-news-korea-f1830/serviceAccounts/x-news-korea-f1830@appspot.gserviceaccount.com:testIamPermissions [none]
[debug] [2024-09-02T15:40:17.348Z] >>> [apiv2][body] POST https://iam.googleapis.com/v1/projects/x-news-korea-f1830/serviceAccounts/x-news-korea-f1830@appspot.gserviceaccount.com:testIamPermissions {"permissions":["iam.serviceAccounts.actAs"]}
[debug] [2024-09-02T15:40:17.970Z] <<< [apiv2][status] POST https://iam.googleapis.com/v1/projects/x-news-korea-f1830/serviceAccounts/x-news-korea-f1830@appspot.gserviceaccount.com:testIamPermissions 200
[debug] [2024-09-02T15:40:17.971Z] <<< [apiv2][body] POST https://iam.googleapis.com/v1/projects/x-news-korea-f1830/serviceAccounts/x-news-korea-f1830@appspot.gserviceaccount.com:testIamPermissions {"permissions":["iam.serviceAccounts.actAs"]}
[debug] [2024-09-02T15:40:17.971Z] >>> [apiv2][query] GET https://firebase.googleapis.com/v1beta1/projects/x-news-korea-f1830 [none]
[debug] [2024-09-02T15:40:18.565Z] <<< [apiv2][status] GET https://firebase.googleapis.com/v1beta1/projects/x-news-korea-f1830 200
[debug] [2024-09-02T15:40:18.565Z] <<< [apiv2][body] GET https://firebase.googleapis.com/v1beta1/projects/x-news-korea-f1830 {"projectId":"x-news-korea-f1830","projectNumber":"459934345714","displayName":"x-news-korea","name":"projects/x-news-korea-f1830","resources":{"hostingSite":"x-news-korea-f1830","storageBucket":"x-news-korea-f1830.appspot.com","locationId":"asia-northeast3"},"state":"ACTIVE","etag":"1_ad487e21-f99f-4048-85ec-04bc2536caff"}
[info] 
[info] === Deploying to 'x-news-korea-f1830'...
[info] 
[info] i  deploying storage, firestore, functions, hosting, extensions 
[info] i  storage: ensuring required API firebasestorage.googleapis.com is enabled... 
[debug] [2024-09-02T15:40:18.571Z] >>> [apiv2][query] GET https://serviceusage.googleapis.com/v1/projects/x-news-korea-f1830/services/firebasestorage.googleapis.com [none]
[debug] [2024-09-02T15:40:18.571Z] >>> [apiv2][(partial)header] GET https://serviceusage.googleapis.com/v1/projects/x-news-korea-f1830/services/firebasestorage.googleapis.com x-goog-quota-user=projects/x-news-korea-f1830
[debug] [2024-09-02T15:40:19.507Z] <<< [apiv2][status] GET https://serviceusage.googleapis.com/v1/projects/x-news-korea-f1830/services/firebasestorage.googleapis.com 200
[debug] [2024-09-02T15:40:19.507Z] <<< [apiv2][body] GET https://serviceusage.googleapis.com/v1/projects/x-news-korea-f1830/services/firebasestorage.googleapis.com [omitted]
[info] ✔  storage: required API firebasestorage.googleapis.com is enabled 
[debug] [2024-09-02T15:40:19.508Z] >>> [apiv2][query] GET https://firebasestorage.googleapis.com/v1alpha/projects/x-news-korea-f1830/defaultBucket [none]
[debug] [2024-09-02T15:40:20.864Z] <<< [apiv2][status] GET https://firebasestorage.googleapis.com/v1alpha/projects/x-news-korea-f1830/defaultBucket 200
[debug] [2024-09-02T15:40:20.864Z] <<< [apiv2][body] GET https://firebasestorage.googleapis.com/v1alpha/projects/x-news-korea-f1830/defaultBucket {"name":"projects/x-news-korea-f1830/defaultBucket","location":"ASIA-NORTHEAST3","bucket":{"name":"projects/x-news-korea-f1830/buckets/x-news-korea-f1830.appspot.com"}}
[info] i  firebase.storage: checking storage.rules for compilation errors... 
[debug] [2024-09-02T15:40:20.867Z] >>> [apiv2][query] POST https://firebaserules.googleapis.com/v1/projects/x-news-korea-f1830:test [none]
[debug] [2024-09-02T15:40:20.868Z] >>> [apiv2][body] POST https://firebaserules.googleapis.com/v1/projects/x-news-korea-f1830:test [omitted]
[debug] [2024-09-02T15:40:21.658Z] <<< [apiv2][status] POST https://firebaserules.googleapis.com/v1/projects/x-news-korea-f1830:test 200
[debug] [2024-09-02T15:40:21.659Z] <<< [apiv2][body] POST https://firebaserules.googleapis.com/v1/projects/x-news-korea-f1830:test {}
[info] ✔  firebase.storage: rules file storage.rules compiled successfully 
[info] i  firestore: reading indexes from firestore.indexes.json... 
[info] i  cloud.firestore: checking firestore.rules for compilation errors... 
[debug] [2024-09-02T15:40:21.663Z] >>> [apiv2][query] POST https://firebaserules.googleapis.com/v1/projects/x-news-korea-f1830:test [none]
[debug] [2024-09-02T15:40:21.663Z] >>> [apiv2][body] POST https://firebaserules.googleapis.com/v1/projects/x-news-korea-f1830:test [omitted]
[debug] [2024-09-02T15:40:21.911Z] <<< [apiv2][status] POST https://firebaserules.googleapis.com/v1/projects/x-news-korea-f1830:test 200
[debug] [2024-09-02T15:40:21.911Z] <<< [apiv2][body] POST https://firebaserules.googleapis.com/v1/projects/x-news-korea-f1830:test {"issues":[{"sourcePosition":{"fileName":"firestore.rules"},"description":"Ruleset uses old version (version [1]). Please update to the latest version (version [2]).","severity":"WARNING"}]}
[warn] ⚠  [W] undefined:undefined - Ruleset uses old version (version [1]). Please update to the latest version (version [2]). 
[info] ✔  cloud.firestore: rules file firestore.rules compiled successfully 
[debug] [2024-09-02T15:40:21.913Z] >>> [apiv2][query] GET https://firebase.googleapis.com/v1beta1/projects/x-news-korea-f1830 [none]
[debug] [2024-09-02T15:40:22.168Z] <<< [apiv2][status] GET https://firebase.googleapis.com/v1beta1/projects/x-news-korea-f1830 200
[debug] [2024-09-02T15:40:22.168Z] <<< [apiv2][body] GET https://firebase.googleapis.com/v1beta1/projects/x-news-korea-f1830 {"projectId":"x-news-korea-f1830","projectNumber":"459934345714","displayName":"x-news-korea","name":"projects/x-news-korea-f1830","resources":{"hostingSite":"x-news-korea-f1830","storageBucket":"x-news-korea-f1830.appspot.com","locationId":"asia-northeast3"},"state":"ACTIVE","etag":"1_ad487e21-f99f-4048-85ec-04bc2536caff"}
[info] i  functions: preparing codebase default for deployment 
[info] i  functions: ensuring required API cloudfunctions.googleapis.com is enabled... 
[info] i  functions: ensuring required API cloudbuild.googleapis.com is enabled... 
[info] i  artifactregistry: ensuring required API artifactregistry.googleapis.com is enabled... 
[debug] [2024-09-02T15:40:22.168Z] >>> [apiv2][query] GET https://serviceusage.googleapis.com/v1/projects/x-news-korea-f1830/services/cloudfunctions.googleapis.com [none]
[debug] [2024-09-02T15:40:22.168Z] >>> [apiv2][(partial)header] GET https://serviceusage.googleapis.com/v1/projects/x-news-korea-f1830/services/cloudfunctions.googleapis.com x-goog-quota-user=projects/x-news-korea-f1830
[debug] [2024-09-02T15:40:22.169Z] >>> [apiv2][query] GET https://serviceusage.googleapis.com/v1/projects/x-news-korea-f1830/services/runtimeconfig.googleapis.com [none]
[debug] [2024-09-02T15:40:22.169Z] >>> [apiv2][(partial)header] GET https://serviceusage.googleapis.com/v1/projects/x-news-korea-f1830/services/runtimeconfig.googleapis.com x-goog-quota-user=projects/x-news-korea-f1830
[debug] [2024-09-02T15:40:22.170Z] >>> [apiv2][query] GET https://serviceusage.googleapis.com/v1/projects/x-news-korea-f1830/services/cloudbuild.googleapis.com [none]
[debug] [2024-09-02T15:40:22.170Z] >>> [apiv2][(partial)header] GET https://serviceusage.googleapis.com/v1/projects/x-news-korea-f1830/services/cloudbuild.googleapis.com x-goog-quota-user=projects/x-news-korea-f1830
[debug] [2024-09-02T15:40:22.170Z] >>> [apiv2][query] GET https://serviceusage.googleapis.com/v1/projects/x-news-korea-f1830/services/artifactregistry.googleapis.com [none]
[debug] [2024-09-02T15:40:22.170Z] >>> [apiv2][(partial)header] GET https://serviceusage.googleapis.com/v1/projects/x-news-korea-f1830/services/artifactregistry.googleapis.com x-goog-quota-user=projects/x-news-korea-f1830
[debug] [2024-09-02T15:40:22.711Z] <<< [apiv2][status] GET https://serviceusage.googleapis.com/v1/projects/x-news-korea-f1830/services/cloudfunctions.googleapis.com 200
[debug] [2024-09-02T15:40:22.711Z] <<< [apiv2][body] GET https://serviceusage.googleapis.com/v1/projects/x-news-korea-f1830/services/cloudfunctions.googleapis.com [omitted]
[info] ✔  functions: required API cloudfunctions.googleapis.com is enabled 
[debug] [2024-09-02T15:40:23.015Z] <<< [apiv2][status] GET https://serviceusage.googleapis.com/v1/projects/x-news-korea-f1830/services/runtimeconfig.googleapis.com 200
[debug] [2024-09-02T15:40:23.016Z] <<< [apiv2][body] GET https://serviceusage.googleapis.com/v1/projects/x-news-korea-f1830/services/runtimeconfig.googleapis.com [omitted]
[debug] [2024-09-02T15:40:23.025Z] <<< [apiv2][status] GET https://serviceusage.googleapis.com/v1/projects/x-news-korea-f1830/services/cloudbuild.googleapis.com 200
[debug] [2024-09-02T15:40:23.025Z] <<< [apiv2][body] GET https://serviceusage.googleapis.com/v1/projects/x-news-korea-f1830/services/cloudbuild.googleapis.com [omitted]
[info] ✔  functions: required API cloudbuild.googleapis.com is enabled 
[debug] [2024-09-02T15:40:23.048Z] <<< [apiv2][status] GET https://serviceusage.googleapis.com/v1/projects/x-news-korea-f1830/services/artifactregistry.googleapis.com 200
[debug] [2024-09-02T15:40:23.048Z] <<< [apiv2][body] GET https://serviceusage.googleapis.com/v1/projects/x-news-korea-f1830/services/artifactregistry.googleapis.com [omitted]
[info] ✔  artifactregistry: required API artifactregistry.googleapis.com is enabled 
[debug] [2024-09-02T15:40:23.049Z] >>> [apiv2][query] GET https://firebase.googleapis.com/v1beta1/projects/x-news-korea-f1830/adminSdkConfig [none]
[debug] [2024-09-02T15:40:24.118Z] <<< [apiv2][status] GET https://firebase.googleapis.com/v1beta1/projects/x-news-korea-f1830/adminSdkConfig 200
[debug] [2024-09-02T15:40:24.118Z] <<< [apiv2][body] GET https://firebase.googleapis.com/v1beta1/projects/x-news-korea-f1830/adminSdkConfig {"projectId":"x-news-korea-f1830","storageBucket":"x-news-korea-f1830.appspot.com","locationId":"asia-northeast3"}
[debug] [2024-09-02T15:40:24.118Z] >>> [apiv2][query] GET https://runtimeconfig.googleapis.com/v1beta1/projects/x-news-korea-f1830/configs [none]
[debug] [2024-09-02T15:40:24.727Z] <<< [apiv2][status] GET https://runtimeconfig.googleapis.com/v1beta1/projects/x-news-korea-f1830/configs 200
[debug] [2024-09-02T15:40:24.728Z] <<< [apiv2][body] GET https://runtimeconfig.googleapis.com/v1beta1/projects/x-news-korea-f1830/configs {}
[debug] [2024-09-02T15:40:24.731Z] Validating nodejs source
[warn] ⚠  functions: package.json indicates an outdated version of firebase-functions. Please upgrade using npm install --save firebase-functions@latest in your functions directory. 
[debug] [2024-09-02T15:40:25.697Z] > [functions] package.json contents: {
  "name": "functions",
  "description": "Cloud Functions for Firebase",
  "scripts": {
    "serve": "firebase emulators:start --only functions",
    "shell": "firebase functions:shell",
    "start": "npm run shell",
    "deploy": "firebase deploy --only functions",
    "logs": "firebase functions:log"
  },
  "engines": {
    "node": "18"
  },
  "main": "index.js",
  "dependencies": {
    "firebase-admin": "^12.1.0",
    "firebase-functions": "^5.0.0"
  },
  "devDependencies": {
    "firebase-functions-test": "^3.1.0"
  },
  "private": true
}
[debug] [2024-09-02T15:40:25.697Z] Building nodejs source
[info] i  functions: Loading and analyzing source code for codebase default to determine what to deploy 
[debug] [2024-09-02T15:40:25.698Z] Could not find functions.yaml. Must use http discovery
[debug] [2024-09-02T15:40:25.703Z] Found firebase-functions binary at '/Users/wonjonghong/StudioProjects/x_newskorea/functions/node_modules/.bin/firebase-functions'
[info] Serving at port 8891

[debug] [2024-09-02T15:40:26.101Z] Got response from /__/functions.yaml {"endpoints":{"getSecretsFunction":{"platform":"gcfv1","labels":{},"availableMemoryMb":null,"timeoutSeconds":null,"minInstances":null,"maxInstances":null,"ingressSettings":null,"serviceAccountEmail":null,"vpc":null,"callableTrigger":{},"entryPoint":"getSecretsFunction"}},"specVersion":"v1alpha1","requiredAPIs":[],"extensions":{}}
[info] i  functions: preparing functions directory for uploading... 
[info] i  functions: packaged /Users/wonjonghong/StudioProjects/x_newskorea/functions (61.96 KB) for uploading 
[debug] [2024-09-02T15:40:31.146Z] >>> [apiv2][query] GET https://cloudfunctions.googleapis.com/v1/projects/x-news-korea-f1830/locations/-/functions [none]
[debug] [2024-09-02T15:40:32.408Z] <<< [apiv2][status] GET https://cloudfunctions.googleapis.com/v1/projects/x-news-korea-f1830/locations/-/functions 200
[debug] [2024-09-02T15:40:32.409Z] <<< [apiv2][body] GET https://cloudfunctions.googleapis.com/v1/projects/x-news-korea-f1830/locations/-/functions {}
[debug] [2024-09-02T15:40:32.411Z] >>> [apiv2][query] GET https://cloudfunctions.googleapis.com/v2/projects/x-news-korea-f1830/locations/-/functions filter=environment%3D%22GEN_2%22
[debug] [2024-09-02T15:40:33.023Z] <<< [apiv2][status] GET https://cloudfunctions.googleapis.com/v2/projects/x-news-korea-f1830/locations/-/functions 200
[debug] [2024-09-02T15:40:33.024Z] <<< [apiv2][body] GET https://cloudfunctions.googleapis.com/v2/projects/x-news-korea-f1830/locations/-/functions {}
[debug] [2024-09-02T15:40:33.027Z] >>> [apiv2][query] GET https://firebase.googleapis.com/v1beta1/projects/x-news-korea-f1830 [none]
[debug] [2024-09-02T15:40:33.642Z] <<< [apiv2][status] GET https://firebase.googleapis.com/v1beta1/projects/x-news-korea-f1830 200
[debug] [2024-09-02T15:40:33.643Z] <<< [apiv2][body] GET https://firebase.googleapis.com/v1beta1/projects/x-news-korea-f1830 {"projectId":"x-news-korea-f1830","projectNumber":"459934345714","displayName":"x-news-korea","name":"projects/x-news-korea-f1830","resources":{"hostingSite":"x-news-korea-f1830","storageBucket":"x-news-korea-f1830.appspot.com","locationId":"asia-northeast3"},"state":"ACTIVE","etag":"1_ad487e21-f99f-4048-85ec-04bc2536caff"}
[debug] [2024-09-02T15:40:33.644Z] >>> [apiv2][query] POST https://firebasehosting.googleapis.com/v1beta1/projects/-/sites/x-news-korea-f1830/versions [none]
[debug] [2024-09-02T15:40:33.644Z] >>> [apiv2][body] POST https://firebasehosting.googleapis.com/v1beta1/projects/-/sites/x-news-korea-f1830/versions {"status":"CREATED","labels":{"deployment-tool":"cli-firebase"}}
[debug] [2024-09-02T15:40:35.682Z] <<< [apiv2][status] POST https://firebasehosting.googleapis.com/v1beta1/projects/-/sites/x-news-korea-f1830/versions 200
[debug] [2024-09-02T15:40:35.682Z] <<< [apiv2][body] POST https://firebasehosting.googleapis.com/v1beta1/projects/-/sites/x-news-korea-f1830/versions {"name":"projects/459934345714/sites/x-news-korea-f1830/versions/cb070bcb8f6ac984","status":"CREATED","config":{},"labels":{"deployment-tool":"cli-firebase"}}
[info] i  extensions: ensuring required API firebaseextensions.googleapis.com is enabled... 
[debug] [2024-09-02T15:40:35.684Z] >>> [apiv2][query] GET https://serviceusage.googleapis.com/v1/projects/x-news-korea-f1830/services/firebaseextensions.googleapis.com [none]
[debug] [2024-09-02T15:40:35.684Z] >>> [apiv2][(partial)header] GET https://serviceusage.googleapis.com/v1/projects/x-news-korea-f1830/services/firebaseextensions.googleapis.com x-goog-quota-user=projects/x-news-korea-f1830
[debug] [2024-09-02T15:40:36.529Z] <<< [apiv2][status] GET https://serviceusage.googleapis.com/v1/projects/x-news-korea-f1830/services/firebaseextensions.googleapis.com 200
[debug] [2024-09-02T15:40:36.529Z] <<< [apiv2][body] GET https://serviceusage.googleapis.com/v1/projects/x-news-korea-f1830/services/firebaseextensions.googleapis.com [omitted]
[info] ✔  extensions: required API firebaseextensions.googleapis.com is enabled 
[debug] [2024-09-02T15:40:36.530Z] > command requires scopes: ["email","openid","https://www.googleapis.com/auth/cloudplatformprojects.readonly","https://www.googleapis.com/auth/firebase","https://www.googleapis.com/auth/cloud-platform"]
[debug] [2024-09-02T15:40:36.530Z] > authorizing via signed-in user (wonhong1996@gmail.com)
[debug] [2024-09-02T15:40:36.530Z] [iam] checking project x-news-korea-f1830 for permissions ["firebase.projects.get","firebaseextensions.instances.list"]
[debug] [2024-09-02T15:40:36.530Z] >>> [apiv2][query] POST https://cloudresourcemanager.googleapis.com/v1/projects/x-news-korea-f1830:testIamPermissions [none]
[debug] [2024-09-02T15:40:36.530Z] >>> [apiv2][(partial)header] POST https://cloudresourcemanager.googleapis.com/v1/projects/x-news-korea-f1830:testIamPermissions x-goog-quota-user=projects/x-news-korea-f1830
[debug] [2024-09-02T15:40:36.530Z] >>> [apiv2][body] POST https://cloudresourcemanager.googleapis.com/v1/projects/x-news-korea-f1830:testIamPermissions {"permissions":["firebase.projects.get","firebaseextensions.instances.list"]}
[debug] [2024-09-02T15:40:37.064Z] <<< [apiv2][status] POST https://cloudresourcemanager.googleapis.com/v1/projects/x-news-korea-f1830:testIamPermissions 200
[debug] [2024-09-02T15:40:37.064Z] <<< [apiv2][body] POST https://cloudresourcemanager.googleapis.com/v1/projects/x-news-korea-f1830:testIamPermissions {"permissions":["firebase.projects.get","firebaseextensions.instances.list"]}
[debug] [2024-09-02T15:40:37.065Z] >>> [apiv2][query] GET https://firebase.googleapis.com/v1beta1/projects/x-news-korea-f1830/adminSdkConfig [none]
[debug] [2024-09-02T15:40:37.336Z] <<< [apiv2][status] GET https://firebase.googleapis.com/v1beta1/projects/x-news-korea-f1830/adminSdkConfig 200
[debug] [2024-09-02T15:40:37.337Z] <<< [apiv2][body] GET https://firebase.googleapis.com/v1beta1/projects/x-news-korea-f1830/adminSdkConfig {"projectId":"x-news-korea-f1830","storageBucket":"x-news-korea-f1830.appspot.com","locationId":"asia-northeast3"}
[debug] [2024-09-02T15:40:43.454Z] >>> [apiv2][query] GET https://firebaseextensions.googleapis.com/v1beta/projects/x-news-korea-f1830/instances pageSize=100&pageToken=
[debug] [2024-09-02T15:40:44.491Z] <<< [apiv2][status] GET https://firebaseextensions.googleapis.com/v1beta/projects/x-news-korea-f1830/instances 200
[debug] [2024-09-02T15:40:44.491Z] <<< [apiv2][body] GET https://firebaseextensions.googleapis.com/v1beta/projects/x-news-korea-f1830/instances {}
[info] i  extensions: ensuring required API compute.googleapis.com is enabled... 
[debug] [2024-09-02T15:40:44.492Z] >>> [apiv2][query] GET https://serviceusage.googleapis.com/v1/projects/x-news-korea-f1830/services/compute.googleapis.com [none]
[debug] [2024-09-02T15:40:44.492Z] >>> [apiv2][(partial)header] GET https://serviceusage.googleapis.com/v1/projects/x-news-korea-f1830/services/compute.googleapis.com x-goog-quota-user=projects/x-news-korea-f1830
[debug] [2024-09-02T15:40:45.729Z] <<< [apiv2][status] GET https://serviceusage.googleapis.com/v1/projects/x-news-korea-f1830/services/compute.googleapis.com 200
[debug] [2024-09-02T15:40:45.730Z] <<< [apiv2][body] GET https://serviceusage.googleapis.com/v1/projects/x-news-korea-f1830/services/compute.googleapis.com [omitted]
[info] ✔  extensions: required API compute.googleapis.com is enabled 
[debug] [2024-09-02T15:40:45.731Z] >>> [apiv2][query] GET https://firebase.googleapis.com/v1beta1/projects/x-news-korea-f1830 [none]
[debug] [2024-09-02T15:40:46.339Z] <<< [apiv2][status] GET https://firebase.googleapis.com/v1beta1/projects/x-news-korea-f1830 200
[debug] [2024-09-02T15:40:46.339Z] <<< [apiv2][body] GET https://firebase.googleapis.com/v1beta1/projects/x-news-korea-f1830 {"projectId":"x-news-korea-f1830","projectNumber":"459934345714","displayName":"x-news-korea","name":"projects/x-news-korea-f1830","resources":{"hostingSite":"x-news-korea-f1830","storageBucket":"x-news-korea-f1830.appspot.com","locationId":"asia-northeast3"},"state":"ACTIVE","etag":"1_ad487e21-f99f-4048-85ec-04bc2536caff"}
[debug] [2024-09-02T15:40:46.340Z] >>> [apiv2][query] POST https://cloudresourcemanager.googleapis.com/v1/projects/x-news-korea-f1830:getIamPolicy [none]
[debug] [2024-09-02T15:40:47.038Z] <<< [apiv2][status] POST https://cloudresourcemanager.googleapis.com/v1/projects/x-news-korea-f1830:getIamPolicy 200
[debug] [2024-09-02T15:40:47.038Z] <<< [apiv2][body] POST https://cloudresourcemanager.googleapis.com/v1/projects/x-news-korea-f1830:getIamPolicy {"version":1,"etag":"BwYg87Dfv+0=","bindings":[{"role":"roles/cloudbuild.builds.builder","members":["serviceAccount:459934345714@cloudbuild.gserviceaccount.com"]},{"role":"roles/cloudbuild.serviceAgent","members":["serviceAccount:service-459934345714@gcp-sa-cloudbuild.iam.gserviceaccount.com"]},{"role":"roles/cloudfunctions.serviceAgent","members":["serviceAccount:service-459934345714@gcf-admin-robot.iam.gserviceaccount.com"]},{"role":"roles/compute.serviceAgent","members":["serviceAccount:service-459934345714@compute-system.iam.gserviceaccount.com"]},{"role":"roles/containerregistry.ServiceAgent","members":["serviceAccount:service-459934345714@containerregistry.iam.gserviceaccount.com"]},{"role":"roles/editor","members":["serviceAccount:459934345714-compute@developer.gserviceaccount.com","serviceAccount:459934345714@cloudservices.gserviceaccount.com","serviceAccount:x-news-korea-f1830@appspot.gserviceaccount.com"]},{"role":"roles/eventarc.eventReceiver","members":["serviceAccount:459934345714-compute@developer.gserviceaccount.com"]},{"role":"roles/firebase.managementServiceAgent","members":["serviceAccount:firebase-service-account@firebase-sa-management.iam.gserviceaccount.com","serviceAccount:service-459934345714@gcp-sa-firebase.iam.gserviceaccount.com"]},{"role":"roles/firebase.sdkAdminServiceAgent","members":["serviceAccount:firebase-adminsdk-lkh1t@x-news-korea-f1830.iam.gserviceaccount.com"]},{"role":"roles/firebaseauth.admin","members":["serviceAccount:firebase-adminsdk-lkh1t@x-news-korea-f1830.iam.gserviceaccount.com"]},{"role":"roles/firebasemods.serviceAgent","members":["serviceAccount:service-459934345714@gcp-sa-firebasemods.iam.gserviceaccount.com"]},{"role":"roles/firebaserules.firestoreServiceAgent","members":["serviceAccount:service-459934345714@gcp-sa-firebasestorage.iam.gserviceaccount.com"]},{"role":"roles/firebaserules.system","members":["serviceAccount:service-459934345714@firebase-rules.iam.gserviceaccount.com"]},{"role":"roles/firebasestorage.serviceAgent","members":["serviceAccount:service-459934345714@gcp-sa-firebasestorage.iam.gserviceaccount.com"]},{"role":"roles/firestore.serviceAgent","members":["serviceAccount:service-459934345714@gcp-sa-firestore.iam.gserviceaccount.com"]},{"role":"roles/iam.serviceAccountTokenCreator","members":["serviceAccount:firebase-adminsdk-lkh1t@x-news-korea-f1830.iam.gserviceaccount.com"]},{"role":"roles/owner","members":["user:wonhong1996@gmail.com"]},{"role":"roles/storage.admin","members":["serviceAccount:firebase-adminsdk-lkh1t@x-news-korea-f1830.iam.gserviceaccount.com"]}]}
[debug] [2024-09-02T15:40:47.039Z] Compute Service API Agent IAM policy OK
[debug] [2024-09-02T15:40:47.039Z] > command requires scopes: ["email","openid","https://www.googleapis.com/auth/cloudplatformprojects.readonly","https://www.googleapis.com/auth/firebase","https://www.googleapis.com/auth/cloud-platform"]
[debug] [2024-09-02T15:40:47.039Z] > authorizing via signed-in user (wonhong1996@gmail.com)
[debug] [2024-09-02T15:40:47.039Z] [iam] checking project x-news-korea-f1830 for permissions ["firebase.projects.get"]
[debug] [2024-09-02T15:40:47.040Z] >>> [apiv2][query] POST https://cloudresourcemanager.googleapis.com/v1/projects/x-news-korea-f1830:testIamPermissions [none]
[debug] [2024-09-02T15:40:47.040Z] >>> [apiv2][(partial)header] POST https://cloudresourcemanager.googleapis.com/v1/projects/x-news-korea-f1830:testIamPermissions x-goog-quota-user=projects/x-news-korea-f1830
[debug] [2024-09-02T15:40:47.040Z] >>> [apiv2][body] POST https://cloudresourcemanager.googleapis.com/v1/projects/x-news-korea-f1830:testIamPermissions {"permissions":["firebase.projects.get"]}
[debug] [2024-09-02T15:40:47.246Z] <<< [apiv2][status] POST https://cloudresourcemanager.googleapis.com/v1/projects/x-news-korea-f1830:testIamPermissions 200
[debug] [2024-09-02T15:40:47.247Z] <<< [apiv2][body] POST https://cloudresourcemanager.googleapis.com/v1/projects/x-news-korea-f1830:testIamPermissions {"permissions":["firebase.projects.get"]}
[debug] [2024-09-02T15:40:47.247Z] Checking if latest AppDeveloper TOS has been accepted by x-news-korea-f1830...
[info] i  extensions: By installing an extension instance onto a Firebase project, you accept the Firebase Extensions User Terms of Service: https://firebase.google.com/terms/extensions/user 
[debug] [2024-09-02T15:40:47.248Z] >>> [apiv2][query] GET https://firebaseextensionstos-pa.googleapis.com/v1/projects/x-news-korea-f1830/appdevtos [none]
[debug] [2024-09-02T15:40:48.214Z] <<< [apiv2][status] GET https://firebaseextensionstos-pa.googleapis.com/v1/projects/x-news-korea-f1830/appdevtos 200
[debug] [2024-09-02T15:40:48.214Z] <<< [apiv2][body] GET https://firebaseextensionstos-pa.googleapis.com/v1/projects/x-news-korea-f1830/appdevtos {"name":"projects/x-news-korea-f1830/appdevtos","latestTosVersion":"v1"}
[debug] [2024-09-02T15:40:52.065Z] >>> [apiv2][query] GET https://firebaserules.googleapis.com/v1/projects/x-news-korea-f1830/releases pageSize=10&pageToken=
[debug] [2024-09-02T15:40:52.654Z] <<< [apiv2][status] GET https://firebaserules.googleapis.com/v1/projects/x-news-korea-f1830/releases 200
[debug] [2024-09-02T15:40:52.654Z] <<< [apiv2][body] GET https://firebaserules.googleapis.com/v1/projects/x-news-korea-f1830/releases {"releases":[{"name":"projects/x-news-korea-f1830/releases/cloud.firestore","rulesetName":"projects/x-news-korea-f1830/rulesets/c24b0df5-6a25-49b5-a8e6-24bffdc00973","createTime":"2024-08-30T06:08:24.111079Z","updateTime":"2024-09-02T14:46:01.309596Z"},{"name":"projects/x-news-korea-f1830/releases/firebase.storage/x-news-korea-f1830.appspot.com","rulesetName":"projects/x-news-korea-f1830/rulesets/569a4a95-8f17-4c02-a244-7c4e5b58b193","createTime":"2024-08-30T06:08:23.558478Z","updateTime":"2024-09-02T14:46:01.041131Z"}]}
[debug] [2024-09-02T15:40:52.667Z] >>> [apiv2][query] GET https://firebaserules.googleapis.com/v1/projects/x-news-korea-f1830/rulesets/569a4a95-8f17-4c02-a244-7c4e5b58b193 [none]
[debug] [2024-09-02T15:40:52.916Z] <<< [apiv2][status] GET https://firebaserules.googleapis.com/v1/projects/x-news-korea-f1830/rulesets/569a4a95-8f17-4c02-a244-7c4e5b58b193 200
[debug] [2024-09-02T15:40:52.916Z] <<< [apiv2][body] GET https://firebaserules.googleapis.com/v1/projects/x-news-korea-f1830/rulesets/569a4a95-8f17-4c02-a244-7c4e5b58b193 [omitted]
[info] i  storage: latest version of storage.rules already up to date, skipping upload... 
[info] i  firestore: deploying indexes... 
[debug] [2024-09-02T15:40:52.919Z] >>> [apiv2][query] GET https://firebaserules.googleapis.com/v1/projects/x-news-korea-f1830/releases pageSize=10&pageToken=
[debug] [2024-09-02T15:40:52.919Z] >>> [apiv2][query] GET https://firestore.googleapis.com/v1/projects/x-news-korea-f1830/databases/(default)/collectionGroups/-/indexes [none]
[debug] [2024-09-02T15:40:53.310Z] <<< [apiv2][status] GET https://firebaserules.googleapis.com/v1/projects/x-news-korea-f1830/releases 200
[debug] [2024-09-02T15:40:53.310Z] <<< [apiv2][body] GET https://firebaserules.googleapis.com/v1/projects/x-news-korea-f1830/releases {"releases":[{"name":"projects/x-news-korea-f1830/releases/cloud.firestore","rulesetName":"projects/x-news-korea-f1830/rulesets/c24b0df5-6a25-49b5-a8e6-24bffdc00973","createTime":"2024-08-30T06:08:24.111079Z","updateTime":"2024-09-02T14:46:01.309596Z"},{"name":"projects/x-news-korea-f1830/releases/firebase.storage/x-news-korea-f1830.appspot.com","rulesetName":"projects/x-news-korea-f1830/rulesets/569a4a95-8f17-4c02-a244-7c4e5b58b193","createTime":"2024-08-30T06:08:23.558478Z","updateTime":"2024-09-02T14:46:01.041131Z"}]}
[debug] [2024-09-02T15:40:53.310Z] >>> [apiv2][query] GET https://firebaserules.googleapis.com/v1/projects/x-news-korea-f1830/rulesets/c24b0df5-6a25-49b5-a8e6-24bffdc00973 [none]
[debug] [2024-09-02T15:40:53.547Z] <<< [apiv2][status] GET https://firebaserules.googleapis.com/v1/projects/x-news-korea-f1830/rulesets/c24b0df5-6a25-49b5-a8e6-24bffdc00973 200
[debug] [2024-09-02T15:40:53.548Z] <<< [apiv2][body] GET https://firebaserules.googleapis.com/v1/projects/x-news-korea-f1830/rulesets/c24b0df5-6a25-49b5-a8e6-24bffdc00973 [omitted]
[info] i  firestore: latest version of firestore.rules already up to date, skipping upload... 
[debug] [2024-09-02T15:40:54.526Z] <<< [apiv2][status] GET https://firestore.googleapis.com/v1/projects/x-news-korea-f1830/databases/(default)/collectionGroups/-/indexes 200
[debug] [2024-09-02T15:40:54.526Z] <<< [apiv2][body] GET https://firestore.googleapis.com/v1/projects/x-news-korea-f1830/databases/(default)/collectionGroups/-/indexes {}
[debug] [2024-09-02T15:40:54.527Z] >>> [apiv2][query] GET https://firestore.googleapis.com/v1/projects/x-news-korea-f1830/databases/(default)/collectionGroups/-/fields?filter=indexConfig.usesAncestorConfig=false OR ttlConfig:* [none]
[debug] [2024-09-02T15:40:54.889Z] <<< [apiv2][status] GET https://firestore.googleapis.com/v1/projects/x-news-korea-f1830/databases/(default)/collectionGroups/-/fields?filter=indexConfig.usesAncestorConfig=false OR ttlConfig:* 200
[debug] [2024-09-02T15:40:54.889Z] <<< [apiv2][body] GET https://firestore.googleapis.com/v1/projects/x-news-korea-f1830/databases/(default)/collectionGroups/-/fields?filter=indexConfig.usesAncestorConfig=false OR ttlConfig:* {"fields":[{"name":"projects/x-news-korea-f1830/databases/(default)/collectionGroups/__default__/fields/*","indexConfig":{"indexes":[{"queryScope":"COLLECTION","fields":[{"fieldPath":"*","order":"ASCENDING"}],"state":"READY"},{"queryScope":"COLLECTION","fields":[{"fieldPath":"*","order":"DESCENDING"}],"state":"READY"},{"queryScope":"COLLECTION","fields":[{"fieldPath":"*","arrayConfig":"CONTAINS"}],"state":"READY"}]}}]}
[info] ✔  firestore: deployed indexes in firestore.indexes.json successfully for (default) database 
[debug] [2024-09-02T15:40:54.889Z] >>> [apiv2][query] POST https://cloudfunctions.googleapis.com/v1/projects/x-news-korea-f1830/locations/us-central1/functions:generateUploadUrl [none]
[debug] [2024-09-02T15:40:54.889Z] >>> [apiv2][body] POST https://cloudfunctions.googleapis.com/v1/projects/x-news-korea-f1830/locations/us-central1/functions:generateUploadUrl {}
[debug] [2024-09-02T15:41:04.662Z] <<< [apiv2][status] POST https://cloudfunctions.googleapis.com/v1/projects/x-news-korea-f1830/locations/us-central1/functions:generateUploadUrl 200
[debug] [2024-09-02T15:41:04.662Z] <<< [apiv2][body] POST https://cloudfunctions.googleapis.com/v1/projects/x-news-korea-f1830/locations/us-central1/functions:generateUploadUrl {"uploadUrl":"https://storage.googleapis.com/uploads-993892563940.us-central1.cloudfunctions.appspot.com/5b41733c-4695-491e-9f18-7b7ff8f1548a.zip?GoogleAccessId=service-459934345714@gcf-admin-robot.iam.gserviceaccount.com&Expires=1725293464&Signature=mmm4yjqmVX0nFPJPWRyN2B%2FNZZSrnbJOikeL8hmW9UoNcofDrlpljRb9P0CaY26aPNblpeYsrodCIZN%2BBwbyE5XZSKMeJjBS0HZybQResR6VN38JSSbsjlOyJX1D6Xbd%2FHV1H0yeCl35teivzy%2FmuFVYzHXwYSJrquIuypvS%2F0v0DNELqSAGBJ0hcOW0EbqLN81yNDRxAf3vI8fxNpXcdTDrVybGfu%2F1UvUAk7TIPr9NjsRs%2Ftw6olOQuGEaqcNM7%2BBUaAway9aBki6z%2BK83oVUE6FIZoVboWNuCICRhpCqelObtRRowki%2FtrF75bk97%2FwEF5%2Bqe9C4yKoJzUSE59w%3D%3D"}
[debug] [2024-09-02T15:41:04.663Z] >>> [apiv2][query] PUT https://storage.googleapis.com/uploads-993892563940.us-central1.cloudfunctions.appspot.com/5b41733c-4695-491e-9f18-7b7ff8f1548a.zip GoogleAccessId=service-459934345714%40gcf-admin-robot.iam.gserviceaccount.com&Expires=1725293464&Signature=mmm4yjqmVX0nFPJPWRyN2B%2FNZZSrnbJOikeL8hmW9UoNcofDrlpljRb9P0CaY26aPNblpeYsrodCIZN%2BBwbyE5XZSKMeJjBS0HZybQResR6VN38JSSbsjlOyJX1D6Xbd%2FHV1H0yeCl35teivzy%2FmuFVYzHXwYSJrquIuypvS%2F0v0DNELqSAGBJ0hcOW0EbqLN81yNDRxAf3vI8fxNpXcdTDrVybGfu%2F1UvUAk7TIPr9NjsRs%2Ftw6olOQuGEaqcNM7%2BBUaAway9aBki6z%2BK83oVUE6FIZoVboWNuCICRhpCqelObtRRowki%2FtrF75bk97%2FwEF5%2Bqe9C4yKoJzUSE59w%3D%3D
[debug] [2024-09-02T15:41:04.663Z] >>> [apiv2][body] PUT https://storage.googleapis.com/uploads-993892563940.us-central1.cloudfunctions.appspot.com/5b41733c-4695-491e-9f18-7b7ff8f1548a.zip [stream]
[debug] [2024-09-02T15:41:05.941Z] <<< [apiv2][status] PUT https://storage.googleapis.com/uploads-993892563940.us-central1.cloudfunctions.appspot.com/5b41733c-4695-491e-9f18-7b7ff8f1548a.zip 200
[debug] [2024-09-02T15:41:05.941Z] <<< [apiv2][body] PUT https://storage.googleapis.com/uploads-993892563940.us-central1.cloudfunctions.appspot.com/5b41733c-4695-491e-9f18-7b7ff8f1548a.zip [omitted]
[info] ✔  functions: functions folder uploaded successfully 
[info] i  hosting[x-news-korea-f1830]: beginning deploy... 
[info] i  hosting[x-news-korea-f1830]: found 31 files in build/web 
[debug] [2024-09-02T15:41:05.958Z] [hosting] uploading with 200 concurrency
[debug] [2024-09-02T15:41:06.054Z] [hosting] hash cache [YnVpbGQvd2Vi] stored for 31 files
[debug] [2024-09-02T15:41:06.055Z] [hosting][hash queue][FINAL] {"max":93,"min":1,"avg":5.32258064516129,"active":0,"complete":31,"success":31,"errored":0,"retried":0,"total":31,"elapsed":95}
[debug] [2024-09-02T15:41:06.055Z] >>> [apiv2][query] POST https://firebasehosting.googleapis.com/v1beta1/projects/459934345714/sites/x-news-korea-f1830/versions/cb070bcb8f6ac984:populateFiles [none]
[debug] [2024-09-02T15:41:06.055Z] >>> [apiv2][body] POST https://firebasehosting.googleapis.com/v1beta1/projects/459934345714/sites/x-news-korea-f1830/versions/cb070bcb8f6ac984:populateFiles {"files":{"/manifest.json":"28b54e93b255df9f94988e7e0674b78c39712bdabb558267c685d02f953b946b","/flutter.js":"2259c9d02703f4c367a9bb595603b2afff530fc104db3d657b8aa64cbcb58569","/favicon.png":"c023e85c356b33452a71456926b38343b06e82352785091f9bc4debc68956529","/.last_build_id":"0723bf9ed8f863b2c61322dd4989e3857cc63520244ab7d34de66587c055c56c","/icons/Icon-maskable-512.png":"acb883dcd1c47b0c08d93b9f838459a0a14957b1f044f759310893e89557a5e1","/icons/Icon-maskable-192.png":"1c3ba0c948915ce01efa0bcb9c9b22dffc63f30df9ff6c3288531c5209a86908","/icons/Icon-512.png":"db4e589fa57af5d94440c1679ae7b9248d82ddd3002614cf473439d0728d868f","/icons/Icon-192.png":"84c73fff6a50c2573b3a7d2e09b2d55c628db625c8ca61c632a0add7028d2926","/canvaskit/skwasm.worker.js":"401a1c1bce259082dcda7d401ad7f61e2f5925a2dbe99887b1faf92b90fadb84","/canvaskit/skwasm.wasm":"f7ed2c237abb4a42b395114b0a6d8329e468e0e6c4b6e57e878795abfc2a681c","/canvaskit/skwasm.js.symbols":"17f871f3e201bcc3137503e86e21d15709222df1a193915d2b410f2cb3de3c5f","/canvaskit/skwasm.js":"2b09dd9b99ce8670dec4d340942de3549b4472822cc79e2e624e7fb087f57d99","/canvaskit/canvaskit.wasm":"c37b74bd53bd62c462ff907520a809be5b415822c0181c9de53179b8bdb23398","/canvaskit/canvaskit.js.symbols":"671c19fe21dd48234c965c54aed3000918e0a4ff80f8cf12f2ed36d457d8624e","/canvaskit/canvaskit.js":"9a7a6ab800bfc3c3c8914fa6400046961c361175d3dc4f4444621ea21e826ef2","/canvaskit/chromium/canvaskit.wasm":"0d000cff9c389d6e0caf86ba0357ea5ddc7bc373a194cbb71b1627677ce2e0b4","/canvaskit/chromium/canvaskit.js.symbols":"0521434d9ca1bf1b93ed7fe00bf7589e65a136ae5b6c8a78323305f035d0c7bc","/canvaskit/chromium/canvaskit.js":"0dc66a5651dfe98e5caccf9c6531b052d519dd14211e33dbd65efe3c624e11e4","/assets/assets/logo.png":"95d55a5972b0e4bf8fcf2e3cd73c19b6a2d76a45e0cb2770011eaace898dfabb","/version.json":"5dae35efd49340d946f1ac8dffe672d0a6b7ababb8707c9934baf474766a1f2f","/index.html":"bd6088ebf4ea5176c43542904f6e140a693b85fe71a5b23e5839d998e2ee6edd","/assets/AssetManifest.json":"adad4e28790a65af5d42011b88d95573a9a7020b63bfb630456a30df04ed366a","/flutter_service_worker.js":"87e7483f9668fed55e2d073399b35f1b83fbf0c15da8929328ce3458e84ceea1","/assets/AssetManifest.bin.json":"77e8d2b7b424f35c935d968107e466dfdb53d07e935debbfad7f2655dc6217a8","/assets/AssetManifest.bin":"9dfb2b902d0c2186d0dca5b57447cfe997f67f473991325abacd5610127f2230","/assets/packages/cupertino_icons/assets/CupertinoIcons.ttf":"0b5dc0b781f463f46d62a6c14accbc905ed181778c39673af4e36e01528297ae","/assets/shaders/ink_sparkle.frag":"c1bf2e040de157dc910cb5f6d0106a2ffe939bbe1ee6beac13fe9ccc25f0db67","/assets/FontManifest.json":"4eebc51684a189590cf731751ceeca7cad975e484c3b88d90f3a8d204c9108c9","/assets/fonts/MaterialIcons-Regular.otf":"f59798b77123d98fbf383a3754160b66ad125f06a8df4f3e0a49cf1aa29ff561","/assets/NOTICES":"0402a6d7d71bf3b7da47791a2c3e1f06db242827f198f33444a1d64b9365eb97","/main.dart.js":"75f79622dc49d7675a8e56ce56f7365a3c6994d102a47d84d299c2eb1e9c8fce"}}
[debug] [2024-09-02T15:41:07.181Z] <<< [apiv2][status] POST https://firebasehosting.googleapis.com/v1beta1/projects/459934345714/sites/x-news-korea-f1830/versions/cb070bcb8f6ac984:populateFiles 200
[debug] [2024-09-02T15:41:07.182Z] <<< [apiv2][body] POST https://firebasehosting.googleapis.com/v1beta1/projects/459934345714/sites/x-news-korea-f1830/versions/cb070bcb8f6ac984:populateFiles {"uploadRequiredHashes":["75f79622dc49d7675a8e56ce56f7365a3c6994d102a47d84d299c2eb1e9c8fce","bd6088ebf4ea5176c43542904f6e140a693b85fe71a5b23e5839d998e2ee6edd","87e7483f9668fed55e2d073399b35f1b83fbf0c15da8929328ce3458e84ceea1"],"uploadUrl":"https://upload-firebasehosting.googleapis.com/upload/sites/x-news-korea-f1830/versions/cb070bcb8f6ac984/files"}
[debug] [2024-09-02T15:41:07.183Z] >>> [apiv2][query] POST https://upload-firebasehosting.googleapis.com/upload/sites/x-news-korea-f1830/versions/cb070bcb8f6ac984/files/75f79622dc49d7675a8e56ce56f7365a3c6994d102a47d84d299c2eb1e9c8fce [none]
[debug] [2024-09-02T15:41:07.183Z] >>> [apiv2][body] POST https://upload-firebasehosting.googleapis.com/upload/sites/x-news-korea-f1830/versions/cb070bcb8f6ac984/files/75f79622dc49d7675a8e56ce56f7365a3c6994d102a47d84d299c2eb1e9c8fce [stream]
[debug] [2024-09-02T15:41:07.184Z] >>> [apiv2][query] POST https://upload-firebasehosting.googleapis.com/upload/sites/x-news-korea-f1830/versions/cb070bcb8f6ac984/files/bd6088ebf4ea5176c43542904f6e140a693b85fe71a5b23e5839d998e2ee6edd [none]
[debug] [2024-09-02T15:41:07.184Z] >>> [apiv2][body] POST https://upload-firebasehosting.googleapis.com/upload/sites/x-news-korea-f1830/versions/cb070bcb8f6ac984/files/bd6088ebf4ea5176c43542904f6e140a693b85fe71a5b23e5839d998e2ee6edd [stream]
[debug] [2024-09-02T15:41:07.184Z] >>> [apiv2][query] POST https://upload-firebasehosting.googleapis.com/upload/sites/x-news-korea-f1830/versions/cb070bcb8f6ac984/files/87e7483f9668fed55e2d073399b35f1b83fbf0c15da8929328ce3458e84ceea1 [none]
[debug] [2024-09-02T15:41:07.184Z] >>> [apiv2][body] POST https://upload-firebasehosting.googleapis.com/upload/sites/x-news-korea-f1830/versions/cb070bcb8f6ac984/files/87e7483f9668fed55e2d073399b35f1b83fbf0c15da8929328ce3458e84ceea1 [stream]
[debug] [2024-09-02T15:41:07.185Z] [hosting][populate queue][FINAL] {"max":1129,"min":1129,"avg":1129,"active":0,"complete":1,"success":1,"errored":0,"retried":0,"total":1,"elapsed":1131}
[debug] [2024-09-02T15:41:07.185Z] [hosting] uploads queued: 3
[debug] [2024-09-02T15:41:08.458Z] <<< [apiv2][status] POST https://upload-firebasehosting.googleapis.com/upload/sites/x-news-korea-f1830/versions/cb070bcb8f6ac984/files/87e7483f9668fed55e2d073399b35f1b83fbf0c15da8929328ce3458e84ceea1 200
[debug] [2024-09-02T15:41:08.458Z] <<< [apiv2][body] POST https://upload-firebasehosting.googleapis.com/upload/sites/x-news-korea-f1830/versions/cb070bcb8f6ac984/files/87e7483f9668fed55e2d073399b35f1b83fbf0c15da8929328ce3458e84ceea1 [stream]
[debug] [2024-09-02T15:41:08.548Z] <<< [apiv2][status] POST https://upload-firebasehosting.googleapis.com/upload/sites/x-news-korea-f1830/versions/cb070bcb8f6ac984/files/bd6088ebf4ea5176c43542904f6e140a693b85fe71a5b23e5839d998e2ee6edd 200
[debug] [2024-09-02T15:41:08.548Z] <<< [apiv2][body] POST https://upload-firebasehosting.googleapis.com/upload/sites/x-news-korea-f1830/versions/cb070bcb8f6ac984/files/bd6088ebf4ea5176c43542904f6e140a693b85fe71a5b23e5839d998e2ee6edd [stream]
[debug] [2024-09-02T15:41:09.486Z] <<< [apiv2][status] POST https://upload-firebasehosting.googleapis.com/upload/sites/x-news-korea-f1830/versions/cb070bcb8f6ac984/files/75f79622dc49d7675a8e56ce56f7365a3c6994d102a47d84d299c2eb1e9c8fce 200
[debug] [2024-09-02T15:41:09.487Z] <<< [apiv2][body] POST https://upload-firebasehosting.googleapis.com/upload/sites/x-news-korea-f1830/versions/cb070bcb8f6ac984/files/75f79622dc49d7675a8e56ce56f7365a3c6994d102a47d84d299c2eb1e9c8fce [stream]
[debug] [2024-09-02T15:41:09.487Z] [hosting][upload queue][FINAL] {"max":2305,"min":1276,"avg":1649.3333333333333,"active":0,"complete":3,"success":3,"errored":0,"retried":0,"total":3,"elapsed":2305}
[info] ✔  hosting[x-news-korea-f1830]: file upload complete 
[debug] [2024-09-02T15:41:09.488Z] [hosting] deploy completed after 3544ms
[debug] [2024-09-02T15:41:09.488Z] >>> [apiv2][query] GET https://cloudbilling.googleapis.com/v1/projects/x-news-korea-f1830/billingInfo [none]
[debug] [2024-09-02T15:41:10.456Z] <<< [apiv2][status] GET https://cloudbilling.googleapis.com/v1/projects/x-news-korea-f1830/billingInfo 200
[debug] [2024-09-02T15:41:10.456Z] <<< [apiv2][body] GET https://cloudbilling.googleapis.com/v1/projects/x-news-korea-f1830/billingInfo {"name":"projects/x-news-korea-f1830/billingInfo","projectId":"x-news-korea-f1830","billingAccountName":"billingAccounts/01EF7F-E23139-B4376C","billingEnabled":true}
[debug] [2024-09-02T15:41:10.458Z] [rules] releasing firebase.storage/x-news-korea-f1830.appspot.com with ruleset projects/x-news-korea-f1830/rulesets/569a4a95-8f17-4c02-a244-7c4e5b58b193
[debug] [2024-09-02T15:41:10.458Z] >>> [apiv2][query] PATCH https://firebaserules.googleapis.com/v1/projects/x-news-korea-f1830/releases/firebase.storage/x-news-korea-f1830.appspot.com [none]
[debug] [2024-09-02T15:41:10.458Z] >>> [apiv2][body] PATCH https://firebaserules.googleapis.com/v1/projects/x-news-korea-f1830/releases/firebase.storage/x-news-korea-f1830.appspot.com {"release":{"name":"projects/x-news-korea-f1830/releases/firebase.storage/x-news-korea-f1830.appspot.com","rulesetName":"projects/x-news-korea-f1830/rulesets/569a4a95-8f17-4c02-a244-7c4e5b58b193"}}
[debug] [2024-09-02T15:41:11.089Z] <<< [apiv2][status] PATCH https://firebaserules.googleapis.com/v1/projects/x-news-korea-f1830/releases/firebase.storage/x-news-korea-f1830.appspot.com 200
[debug] [2024-09-02T15:41:11.089Z] <<< [apiv2][body] PATCH https://firebaserules.googleapis.com/v1/projects/x-news-korea-f1830/releases/firebase.storage/x-news-korea-f1830.appspot.com {"name":"projects/x-news-korea-f1830/releases/firebase.storage/x-news-korea-f1830.appspot.com","rulesetName":"projects/x-news-korea-f1830/rulesets/569a4a95-8f17-4c02-a244-7c4e5b58b193","createTime":"2024-08-30T06:08:23.558478Z","updateTime":"2024-09-02T15:41:11.060617Z"}
[debug] [2024-09-02T15:41:11.089Z] [rules] updated release projects/x-news-korea-f1830/releases/firebase.storage/x-news-korea-f1830.appspot.com
[info] ✔  storage: released rules storage.rules to firebase.storage 
[debug] [2024-09-02T15:41:11.090Z] [rules] releasing cloud.firestore/(default) with ruleset projects/x-news-korea-f1830/rulesets/c24b0df5-6a25-49b5-a8e6-24bffdc00973
[debug] [2024-09-02T15:41:11.090Z] >>> [apiv2][query] PATCH https://firebaserules.googleapis.com/v1/projects/x-news-korea-f1830/releases/cloud.firestore/(default) [none]
[debug] [2024-09-02T15:41:11.090Z] >>> [apiv2][body] PATCH https://firebaserules.googleapis.com/v1/projects/x-news-korea-f1830/releases/cloud.firestore/(default) {"release":{"name":"projects/x-news-korea-f1830/releases/cloud.firestore/(default)","rulesetName":"projects/x-news-korea-f1830/rulesets/c24b0df5-6a25-49b5-a8e6-24bffdc00973"}}
[debug] [2024-09-02T15:41:11.561Z] <<< [apiv2][status] PATCH https://firebaserules.googleapis.com/v1/projects/x-news-korea-f1830/releases/cloud.firestore/(default) 200
[debug] [2024-09-02T15:41:11.561Z] <<< [apiv2][body] PATCH https://firebaserules.googleapis.com/v1/projects/x-news-korea-f1830/releases/cloud.firestore/(default) {"name":"projects/x-news-korea-f1830/releases/cloud.firestore","rulesetName":"projects/x-news-korea-f1830/rulesets/c24b0df5-6a25-49b5-a8e6-24bffdc00973","createTime":"2024-08-30T06:08:24.111079Z","updateTime":"2024-09-02T15:41:11.508747Z"}
[debug] [2024-09-02T15:41:11.561Z] [rules] updated release projects/x-news-korea-f1830/releases/cloud.firestore
[info] ✔  firestore: released rules firestore.rules to cloud.firestore 
[info] i  functions: creating Node.js 18 (1st Gen) function getSecretsFunction(us-central1)... 
[debug] [2024-09-02T15:41:11.566Z] >>> [apiv2][query] POST https://cloudfunctions.googleapis.com/v1/projects/x-news-korea-f1830/locations/us-central1/functions [none]
[debug] [2024-09-02T15:41:11.566Z] >>> [apiv2][body] POST https://cloudfunctions.googleapis.com/v1/projects/x-news-korea-f1830/locations/us-central1/functions {"name":"projects/x-news-korea-f1830/locations/us-central1/functions/getSecretsFunction","sourceUploadUrl":"https://storage.googleapis.com/uploads-993892563940.us-central1.cloudfunctions.appspot.com/5b41733c-4695-491e-9f18-7b7ff8f1548a.zip?GoogleAccessId=service-459934345714@gcf-admin-robot.iam.gserviceaccount.com&Expires=1725293464&Signature=mmm4yjqmVX0nFPJPWRyN2B%2FNZZSrnbJOikeL8hmW9UoNcofDrlpljRb9P0CaY26aPNblpeYsrodCIZN%2BBwbyE5XZSKMeJjBS0HZybQResR6VN38JSSbsjlOyJX1D6Xbd%2FHV1H0yeCl35teivzy%2FmuFVYzHXwYSJrquIuypvS%2F0v0DNELqSAGBJ0hcOW0EbqLN81yNDRxAf3vI8fxNpXcdTDrVybGfu%2F1UvUAk7TIPr9NjsRs%2Ftw6olOQuGEaqcNM7%2BBUaAway9aBki6z%2BK83oVUE6FIZoVboWNuCICRhpCqelObtRRowki%2FtrF75bk97%2FwEF5%2Bqe9C4yKoJzUSE59w%3D%3D","entryPoint":"getSecretsFunction","runtime":"nodejs18","dockerRegistry":"ARTIFACT_REGISTRY","labels":{"deployment-tool":"cli-firebase","deployment-callable":"true","firebase-functions-hash":"e3afc5174c6eaac425dbcb72f73748bb92d6f24f"},"httpsTrigger":{"securityLevel":"SECURE_ALWAYS"},"minInstances":null,"maxInstances":null,"ingressSettings":null,"environmentVariables":{"FIREBASE_CONFIG":"{\"projectId\":\"x-news-korea-f1830\",\"storageBucket\":\"x-news-korea-f1830.appspot.com\",\"locationId\":\"asia-northeast3\"}","GCLOUD_PROJECT":"x-news-korea-f1830","EVENTARC_CLOUD_EVENT_SOURCE":"projects/x-news-korea-f1830/locations/us-central1/functions/getSecretsFunction"},"serviceAccountEmail":null,"availableMemoryMb":null,"timeout":null,"vpcConnector":null,"vpcConnectorEgressSettings":null,"buildEnvironmentVariables":{"GOOGLE_NODE_RUN_SCRIPTS":""}}
[debug] [2024-09-02T15:41:12.625Z] <<< [apiv2][status] POST https://cloudfunctions.googleapis.com/v1/projects/x-news-korea-f1830/locations/us-central1/functions 200
[debug] [2024-09-02T15:41:12.625Z] <<< [apiv2][body] POST https://cloudfunctions.googleapis.com/v1/projects/x-news-korea-f1830/locations/us-central1/functions {"name":"operations/eC1uZXdzLWtvcmVhLWYxODMwL3VzLWNlbnRyYWwxL2dldFNlY3JldHNGdW5jdGlvbi83djBocmd6ck0xcw","metadata":{"@type":"type.googleapis.com/google.cloud.functions.v1.OperationMetadataV1","target":"projects/x-news-korea-f1830/locations/us-central1/functions/getSecretsFunction","type":"CREATE_FUNCTION","request":{"@type":"type.googleapis.com/google.cloud.functions.v1.CloudFunction","name":"projects/x-news-korea-f1830/locations/us-central1/functions/getSecretsFunction","httpsTrigger":{"securityLevel":"SECURE_ALWAYS"},"entryPoint":"getSecretsFunction","labels":{"deployment-tool":"cli-firebase","deployment-callable":"true","firebase-functions-hash":"e3afc5174c6eaac425dbcb72f73748bb92d6f24f"},"sourceUploadUrl":"https://storage.googleapis.com/uploads-993892563940.us-central1.cloudfunctions.appspot.com/5b41733c-4695-491e-9f18-7b7ff8f1548a.zip?GoogleAccessId=service-459934345714@gcf-admin-robot.iam.gserviceaccount.com&Expires=1725293464&Signature=mmm4yjqmVX0nFPJPWRyN2B%2FNZZSrnbJOikeL8hmW9UoNcofDrlpljRb9P0CaY26aPNblpeYsrodCIZN%2BBwbyE5XZSKMeJjBS0HZybQResR6VN38JSSbsjlOyJX1D6Xbd%2FHV1H0yeCl35teivzy%2FmuFVYzHXwYSJrquIuypvS%2F0v0DNELqSAGBJ0hcOW0EbqLN81yNDRxAf3vI8fxNpXcdTDrVybGfu%2F1UvUAk7TIPr9NjsRs%2Ftw6olOQuGEaqcNM7%2BBUaAway9aBki6z%2BK83oVUE6FIZoVboWNuCICRhpCqelObtRRowki%2FtrF75bk97%2FwEF5%2Bqe9C4yKoJzUSE59w%3D%3D","environmentVariables":{"FIREBASE_CONFIG":"{\"projectId\":\"x-news-korea-f1830\",\"storageBucket\":\"x-news-korea-f1830.appspot.com\",\"locationId\":\"asia-northeast3\"}","GCLOUD_PROJECT":"x-news-korea-f1830","EVENTARC_CLOUD_EVENT_SOURCE":"projects/x-news-korea-f1830/locations/us-central1/functions/getSecretsFunction"},"runtime":"nodejs18","buildEnvironmentVariables":{"GOOGLE_NODE_RUN_SCRIPTS":""},"dockerRegistry":"ARTIFACT_REGISTRY"},"versionId":"1","updateTime":"2024-09-02T15:41:12Z"}}
[debug] [2024-09-02T15:41:12.627Z] >>> [apiv2][query] GET https://cloudfunctions.googleapis.com/v1/operations/eC1uZXdzLWtvcmVhLWYxODMwL3VzLWNlbnRyYWwxL2dldFNlY3JldHNGdW5jdGlvbi83djBocmd6ck0xcw [none]
[debug] [2024-09-02T15:41:12.959Z] <<< [apiv2][status] GET https://cloudfunctions.googleapis.com/v1/operations/eC1uZXdzLWtvcmVhLWYxODMwL3VzLWNlbnRyYWwxL2dldFNlY3JldHNGdW5jdGlvbi83djBocmd6ck0xcw 200
[debug] [2024-09-02T15:41:12.959Z] <<< [apiv2][body] GET https://cloudfunctions.googleapis.com/v1/operations/eC1uZXdzLWtvcmVhLWYxODMwL3VzLWNlbnRyYWwxL2dldFNlY3JldHNGdW5jdGlvbi83djBocmd6ck0xcw {"name":"operations/eC1uZXdzLWtvcmVhLWYxODMwL3VzLWNlbnRyYWwxL2dldFNlY3JldHNGdW5jdGlvbi83djBocmd6ck0xcw","metadata":{"@type":"type.googleapis.com/google.cloud.functions.v1.OperationMetadataV1","target":"projects/x-news-korea-f1830/locations/us-central1/functions/getSecretsFunction","type":"CREATE_FUNCTION","request":{"@type":"type.googleapis.com/google.cloud.functions.v1.CloudFunction","name":"projects/x-news-korea-f1830/locations/us-central1/functions/getSecretsFunction","httpsTrigger":{"securityLevel":"SECURE_ALWAYS"},"entryPoint":"getSecretsFunction","labels":{"deployment-tool":"cli-firebase","deployment-callable":"true","firebase-functions-hash":"e3afc5174c6eaac425dbcb72f73748bb92d6f24f"},"sourceUploadUrl":"https://storage.googleapis.com/uploads-993892563940.us-central1.cloudfunctions.appspot.com/5b41733c-4695-491e-9f18-7b7ff8f1548a.zip?GoogleAccessId=service-459934345714@gcf-admin-robot.iam.gserviceaccount.com&Expires=1725293464&Signature=mmm4yjqmVX0nFPJPWRyN2B%2FNZZSrnbJOikeL8hmW9UoNcofDrlpljRb9P0CaY26aPNblpeYsrodCIZN%2BBwbyE5XZSKMeJjBS0HZybQResR6VN38JSSbsjlOyJX1D6Xbd%2FHV1H0yeCl35teivzy%2FmuFVYzHXwYSJrquIuypvS%2F0v0DNELqSAGBJ0hcOW0EbqLN81yNDRxAf3vI8fxNpXcdTDrVybGfu%2F1UvUAk7TIPr9NjsRs%2Ftw6olOQuGEaqcNM7%2BBUaAway9aBki6z%2BK83oVUE6FIZoVboWNuCICRhpCqelObtRRowki%2FtrF75bk97%2FwEF5%2Bqe9C4yKoJzUSE59w%3D%3D","environmentVariables":{"FIREBASE_CONFIG":"{\"projectId\":\"x-news-korea-f1830\",\"storageBucket\":\"x-news-korea-f1830.appspot.com\",\"locationId\":\"asia-northeast3\"}","GCLOUD_PROJECT":"x-news-korea-f1830","EVENTARC_CLOUD_EVENT_SOURCE":"projects/x-news-korea-f1830/locations/us-central1/functions/getSecretsFunction"},"runtime":"nodejs18","buildEnvironmentVariables":{"GOOGLE_NODE_RUN_SCRIPTS":""},"dockerRegistry":"ARTIFACT_REGISTRY"},"versionId":"1","updateTime":"2024-09-02T15:41:12Z"}}
[debug] [2024-09-02T15:41:13.460Z] [create-default-us-central1-getSecretsFunction] Retrying task index 0
[debug] [2024-09-02T15:41:13.461Z] >>> [apiv2][query] GET https://cloudfunctions.googleapis.com/v1/operations/eC1uZXdzLWtvcmVhLWYxODMwL3VzLWNlbnRyYWwxL2dldFNlY3JldHNGdW5jdGlvbi83djBocmd6ck0xcw [none]
[debug] [2024-09-02T15:41:13.760Z] <<< [apiv2][status] GET https://cloudfunctions.googleapis.com/v1/operations/eC1uZXdzLWtvcmVhLWYxODMwL3VzLWNlbnRyYWwxL2dldFNlY3JldHNGdW5jdGlvbi83djBocmd6ck0xcw 200
[debug] [2024-09-02T15:41:13.760Z] <<< [apiv2][body] GET https://cloudfunctions.googleapis.com/v1/operations/eC1uZXdzLWtvcmVhLWYxODMwL3VzLWNlbnRyYWwxL2dldFNlY3JldHNGdW5jdGlvbi83djBocmd6ck0xcw {"name":"operations/eC1uZXdzLWtvcmVhLWYxODMwL3VzLWNlbnRyYWwxL2dldFNlY3JldHNGdW5jdGlvbi83djBocmd6ck0xcw","metadata":{"@type":"type.googleapis.com/google.cloud.functions.v1.OperationMetadataV1","target":"projects/x-news-korea-f1830/locations/us-central1/functions/getSecretsFunction","type":"CREATE_FUNCTION","request":{"@type":"type.googleapis.com/google.cloud.functions.v1.CloudFunction","name":"projects/x-news-korea-f1830/locations/us-central1/functions/getSecretsFunction","httpsTrigger":{"securityLevel":"SECURE_ALWAYS"},"entryPoint":"getSecretsFunction","labels":{"deployment-tool":"cli-firebase","deployment-callable":"true","firebase-functions-hash":"e3afc5174c6eaac425dbcb72f73748bb92d6f24f"},"sourceUploadUrl":"https://storage.googleapis.com/uploads-993892563940.us-central1.cloudfunctions.appspot.com/5b41733c-4695-491e-9f18-7b7ff8f1548a.zip?GoogleAccessId=service-459934345714@gcf-admin-robot.iam.gserviceaccount.com&Expires=1725293464&Signature=mmm4yjqmVX0nFPJPWRyN2B%2FNZZSrnbJOikeL8hmW9UoNcofDrlpljRb9P0CaY26aPNblpeYsrodCIZN%2BBwbyE5XZSKMeJjBS0HZybQResR6VN38JSSbsjlOyJX1D6Xbd%2FHV1H0yeCl35teivzy%2FmuFVYzHXwYSJrquIuypvS%2F0v0DNELqSAGBJ0hcOW0EbqLN81yNDRxAf3vI8fxNpXcdTDrVybGfu%2F1UvUAk7TIPr9NjsRs%2Ftw6olOQuGEaqcNM7%2BBUaAway9aBki6z%2BK83oVUE6FIZoVboWNuCICRhpCqelObtRRowki%2FtrF75bk97%2FwEF5%2Bqe9C4yKoJzUSE59w%3D%3D","environmentVariables":{"FIREBASE_CONFIG":"{\"projectId\":\"x-news-korea-f1830\",\"storageBucket\":\"x-news-korea-f1830.appspot.com\",\"locationId\":\"asia-northeast3\"}","GCLOUD_PROJECT":"x-news-korea-f1830","EVENTARC_CLOUD_EVENT_SOURCE":"projects/x-news-korea-f1830/locations/us-central1/functions/getSecretsFunction"},"runtime":"nodejs18","buildEnvironmentVariables":{"GOOGLE_NODE_RUN_SCRIPTS":""},"dockerRegistry":"ARTIFACT_REGISTRY"},"versionId":"1","updateTime":"2024-09-02T15:41:12Z"}}
[debug] [2024-09-02T15:41:14.761Z] [create-default-us-central1-getSecretsFunction] Retrying task index 0
[debug] [2024-09-02T15:41:14.762Z] >>> [apiv2][query] GET https://cloudfunctions.googleapis.com/v1/operations/eC1uZXdzLWtvcmVhLWYxODMwL3VzLWNlbnRyYWwxL2dldFNlY3JldHNGdW5jdGlvbi83djBocmd6ck0xcw [none]
[debug] [2024-09-02T15:41:15.065Z] <<< [apiv2][status] GET https://cloudfunctions.googleapis.com/v1/operations/eC1uZXdzLWtvcmVhLWYxODMwL3VzLWNlbnRyYWwxL2dldFNlY3JldHNGdW5jdGlvbi83djBocmd6ck0xcw 200
[debug] [2024-09-02T15:41:15.065Z] <<< [apiv2][body] GET https://cloudfunctions.googleapis.com/v1/operations/eC1uZXdzLWtvcmVhLWYxODMwL3VzLWNlbnRyYWwxL2dldFNlY3JldHNGdW5jdGlvbi83djBocmd6ck0xcw {"name":"operations/eC1uZXdzLWtvcmVhLWYxODMwL3VzLWNlbnRyYWwxL2dldFNlY3JldHNGdW5jdGlvbi83djBocmd6ck0xcw","metadata":{"@type":"type.googleapis.com/google.cloud.functions.v1.OperationMetadataV1","target":"projects/x-news-korea-f1830/locations/us-central1/functions/getSecretsFunction","type":"CREATE_FUNCTION","request":{"@type":"type.googleapis.com/google.cloud.functions.v1.CloudFunction","name":"projects/x-news-korea-f1830/locations/us-central1/functions/getSecretsFunction","httpsTrigger":{"securityLevel":"SECURE_ALWAYS"},"entryPoint":"getSecretsFunction","labels":{"deployment-tool":"cli-firebase","deployment-callable":"true","firebase-functions-hash":"e3afc5174c6eaac425dbcb72f73748bb92d6f24f"},"sourceUploadUrl":"https://storage.googleapis.com/uploads-993892563940.us-central1.cloudfunctions.appspot.com/5b41733c-4695-491e-9f18-7b7ff8f1548a.zip?GoogleAccessId=service-459934345714@gcf-admin-robot.iam.gserviceaccount.com&Expires=1725293464&Signature=mmm4yjqmVX0nFPJPWRyN2B%2FNZZSrnbJOikeL8hmW9UoNcofDrlpljRb9P0CaY26aPNblpeYsrodCIZN%2BBwbyE5XZSKMeJjBS0HZybQResR6VN38JSSbsjlOyJX1D6Xbd%2FHV1H0yeCl35teivzy%2FmuFVYzHXwYSJrquIuypvS%2F0v0DNELqSAGBJ0hcOW0EbqLN81yNDRxAf3vI8fxNpXcdTDrVybGfu%2F1UvUAk7TIPr9NjsRs%2Ftw6olOQuGEaqcNM7%2BBUaAway9aBki6z%2BK83oVUE6FIZoVboWNuCICRhpCqelObtRRowki%2FtrF75bk97%2FwEF5%2Bqe9C4yKoJzUSE59w%3D%3D","environmentVariables":{"FIREBASE_CONFIG":"{\"projectId\":\"x-news-korea-f1830\",\"storageBucket\":\"x-news-korea-f1830.appspot.com\",\"locationId\":\"asia-northeast3\"}","GCLOUD_PROJECT":"x-news-korea-f1830","EVENTARC_CLOUD_EVENT_SOURCE":"projects/x-news-korea-f1830/locations/us-central1/functions/getSecretsFunction"},"runtime":"nodejs18","buildEnvironmentVariables":{"GOOGLE_NODE_RUN_SCRIPTS":""},"dockerRegistry":"ARTIFACT_REGISTRY"},"versionId":"1","updateTime":"2024-09-02T15:41:12Z"}}
[debug] [2024-09-02T15:41:17.068Z] [create-default-us-central1-getSecretsFunction] Retrying task index 0
[debug] [2024-09-02T15:41:17.069Z] >>> [apiv2][query] GET https://cloudfunctions.googleapis.com/v1/operations/eC1uZXdzLWtvcmVhLWYxODMwL3VzLWNlbnRyYWwxL2dldFNlY3JldHNGdW5jdGlvbi83djBocmd6ck0xcw [none]
[debug] [2024-09-02T15:41:17.350Z] <<< [apiv2][status] GET https://cloudfunctions.googleapis.com/v1/operations/eC1uZXdzLWtvcmVhLWYxODMwL3VzLWNlbnRyYWwxL2dldFNlY3JldHNGdW5jdGlvbi83djBocmd6ck0xcw 200
[debug] [2024-09-02T15:41:17.350Z] <<< [apiv2][body] GET https://cloudfunctions.googleapis.com/v1/operations/eC1uZXdzLWtvcmVhLWYxODMwL3VzLWNlbnRyYWwxL2dldFNlY3JldHNGdW5jdGlvbi83djBocmd6ck0xcw {"name":"operations/eC1uZXdzLWtvcmVhLWYxODMwL3VzLWNlbnRyYWwxL2dldFNlY3JldHNGdW5jdGlvbi83djBocmd6ck0xcw","metadata":{"@type":"type.googleapis.com/google.cloud.functions.v1.OperationMetadataV1","target":"projects/x-news-korea-f1830/locations/us-central1/functions/getSecretsFunction","type":"CREATE_FUNCTION","request":{"@type":"type.googleapis.com/google.cloud.functions.v1.CloudFunction","name":"projects/x-news-korea-f1830/locations/us-central1/functions/getSecretsFunction","httpsTrigger":{"securityLevel":"SECURE_ALWAYS"},"entryPoint":"getSecretsFunction","labels":{"deployment-tool":"cli-firebase","deployment-callable":"true","firebase-functions-hash":"e3afc5174c6eaac425dbcb72f73748bb92d6f24f"},"sourceUploadUrl":"https://storage.googleapis.com/uploads-993892563940.us-central1.cloudfunctions.appspot.com/5b41733c-4695-491e-9f18-7b7ff8f1548a.zip?GoogleAccessId=service-459934345714@gcf-admin-robot.iam.gserviceaccount.com&Expires=1725293464&Signature=mmm4yjqmVX0nFPJPWRyN2B%2FNZZSrnbJOikeL8hmW9UoNcofDrlpljRb9P0CaY26aPNblpeYsrodCIZN%2BBwbyE5XZSKMeJjBS0HZybQResR6VN38JSSbsjlOyJX1D6Xbd%2FHV1H0yeCl35teivzy%2FmuFVYzHXwYSJrquIuypvS%2F0v0DNELqSAGBJ0hcOW0EbqLN81yNDRxAf3vI8fxNpXcdTDrVybGfu%2F1UvUAk7TIPr9NjsRs%2Ftw6olOQuGEaqcNM7%2BBUaAway9aBki6z%2BK83oVUE6FIZoVboWNuCICRhpCqelObtRRowki%2FtrF75bk97%2FwEF5%2Bqe9C4yKoJzUSE59w%3D%3D","environmentVariables":{"FIREBASE_CONFIG":"{\"projectId\":\"x-news-korea-f1830\",\"storageBucket\":\"x-news-korea-f1830.appspot.com\",\"locationId\":\"asia-northeast3\"}","GCLOUD_PROJECT":"x-news-korea-f1830","EVENTARC_CLOUD_EVENT_SOURCE":"projects/x-news-korea-f1830/locations/us-central1/functions/getSecretsFunction"},"runtime":"nodejs18","buildEnvironmentVariables":{"GOOGLE_NODE_RUN_SCRIPTS":""},"dockerRegistry":"ARTIFACT_REGISTRY"},"versionId":"1","updateTime":"2024-09-02T15:41:12Z"}}
[debug] [2024-09-02T15:41:21.351Z] [create-default-us-central1-getSecretsFunction] Retrying task index 0
[debug] [2024-09-02T15:41:21.352Z] >>> [apiv2][query] GET https://cloudfunctions.googleapis.com/v1/operations/eC1uZXdzLWtvcmVhLWYxODMwL3VzLWNlbnRyYWwxL2dldFNlY3JldHNGdW5jdGlvbi83djBocmd6ck0xcw [none]
[debug] [2024-09-02T15:41:21.641Z] <<< [apiv2][status] GET https://cloudfunctions.googleapis.com/v1/operations/eC1uZXdzLWtvcmVhLWYxODMwL3VzLWNlbnRyYWwxL2dldFNlY3JldHNGdW5jdGlvbi83djBocmd6ck0xcw 200
[debug] [2024-09-02T15:41:21.641Z] <<< [apiv2][body] GET https://cloudfunctions.googleapis.com/v1/operations/eC1uZXdzLWtvcmVhLWYxODMwL3VzLWNlbnRyYWwxL2dldFNlY3JldHNGdW5jdGlvbi83djBocmd6ck0xcw {"name":"operations/eC1uZXdzLWtvcmVhLWYxODMwL3VzLWNlbnRyYWwxL2dldFNlY3JldHNGdW5jdGlvbi83djBocmd6ck0xcw","metadata":{"@type":"type.googleapis.com/google.cloud.functions.v1.OperationMetadataV1","target":"projects/x-news-korea-f1830/locations/us-central1/functions/getSecretsFunction","type":"CREATE_FUNCTION","request":{"@type":"type.googleapis.com/google.cloud.functions.v1.CloudFunction","name":"projects/x-news-korea-f1830/locations/us-central1/functions/getSecretsFunction","httpsTrigger":{"securityLevel":"SECURE_ALWAYS"},"entryPoint":"getSecretsFunction","labels":{"deployment-tool":"cli-firebase","deployment-callable":"true","firebase-functions-hash":"e3afc5174c6eaac425dbcb72f73748bb92d6f24f"},"sourceUploadUrl":"https://storage.googleapis.com/uploads-993892563940.us-central1.cloudfunctions.appspot.com/5b41733c-4695-491e-9f18-7b7ff8f1548a.zip?GoogleAccessId=service-459934345714@gcf-admin-robot.iam.gserviceaccount.com&Expires=1725293464&Signature=mmm4yjqmVX0nFPJPWRyN2B%2FNZZSrnbJOikeL8hmW9UoNcofDrlpljRb9P0CaY26aPNblpeYsrodCIZN%2BBwbyE5XZSKMeJjBS0HZybQResR6VN38JSSbsjlOyJX1D6Xbd%2FHV1H0yeCl35teivzy%2FmuFVYzHXwYSJrquIuypvS%2F0v0DNELqSAGBJ0hcOW0EbqLN81yNDRxAf3vI8fxNpXcdTDrVybGfu%2F1UvUAk7TIPr9NjsRs%2Ftw6olOQuGEaqcNM7%2BBUaAway9aBki6z%2BK83oVUE6FIZoVboWNuCICRhpCqelObtRRowki%2FtrF75bk97%2FwEF5%2Bqe9C4yKoJzUSE59w%3D%3D","environmentVariables":{"FIREBASE_CONFIG":"{\"projectId\":\"x-news-korea-f1830\",\"storageBucket\":\"x-news-korea-f1830.appspot.com\",\"locationId\":\"asia-northeast3\"}","GCLOUD_PROJECT":"x-news-korea-f1830","EVENTARC_CLOUD_EVENT_SOURCE":"projects/x-news-korea-f1830/locations/us-central1/functions/getSecretsFunction"},"runtime":"nodejs18","buildEnvironmentVariables":{"GOOGLE_NODE_RUN_SCRIPTS":""},"dockerRegistry":"ARTIFACT_REGISTRY"},"versionId":"1","updateTime":"2024-09-02T15:41:12Z"}}
[debug] [2024-09-02T15:41:29.642Z] [create-default-us-central1-getSecretsFunction] Retrying task index 0
[debug] [2024-09-02T15:41:29.643Z] >>> [apiv2][query] GET https://cloudfunctions.googleapis.com/v1/operations/eC1uZXdzLWtvcmVhLWYxODMwL3VzLWNlbnRyYWwxL2dldFNlY3JldHNGdW5jdGlvbi83djBocmd6ck0xcw [none]
[debug] [2024-09-02T15:41:30.309Z] <<< [apiv2][status] GET https://cloudfunctions.googleapis.com/v1/operations/eC1uZXdzLWtvcmVhLWYxODMwL3VzLWNlbnRyYWwxL2dldFNlY3JldHNGdW5jdGlvbi83djBocmd6ck0xcw 200
[debug] [2024-09-02T15:41:30.309Z] <<< [apiv2][body] GET https://cloudfunctions.googleapis.com/v1/operations/eC1uZXdzLWtvcmVhLWYxODMwL3VzLWNlbnRyYWwxL2dldFNlY3JldHNGdW5jdGlvbi83djBocmd6ck0xcw {"name":"operations/eC1uZXdzLWtvcmVhLWYxODMwL3VzLWNlbnRyYWwxL2dldFNlY3JldHNGdW5jdGlvbi83djBocmd6ck0xcw","metadata":{"@type":"type.googleapis.com/google.cloud.functions.v1.OperationMetadataV1","target":"projects/x-news-korea-f1830/locations/us-central1/functions/getSecretsFunction","type":"CREATE_FUNCTION","request":{"@type":"type.googleapis.com/google.cloud.functions.v1.CloudFunction","name":"projects/x-news-korea-f1830/locations/us-central1/functions/getSecretsFunction","httpsTrigger":{"securityLevel":"SECURE_ALWAYS"},"entryPoint":"getSecretsFunction","labels":{"deployment-tool":"cli-firebase","deployment-callable":"true","firebase-functions-hash":"e3afc5174c6eaac425dbcb72f73748bb92d6f24f"},"sourceUploadUrl":"https://storage.googleapis.com/uploads-993892563940.us-central1.cloudfunctions.appspot.com/5b41733c-4695-491e-9f18-7b7ff8f1548a.zip?GoogleAccessId=service-459934345714@gcf-admin-robot.iam.gserviceaccount.com&Expires=1725293464&Signature=mmm4yjqmVX0nFPJPWRyN2B%2FNZZSrnbJOikeL8hmW9UoNcofDrlpljRb9P0CaY26aPNblpeYsrodCIZN%2BBwbyE5XZSKMeJjBS0HZybQResR6VN38JSSbsjlOyJX1D6Xbd%2FHV1H0yeCl35teivzy%2FmuFVYzHXwYSJrquIuypvS%2F0v0DNELqSAGBJ0hcOW0EbqLN81yNDRxAf3vI8fxNpXcdTDrVybGfu%2F1UvUAk7TIPr9NjsRs%2Ftw6olOQuGEaqcNM7%2BBUaAway9aBki6z%2BK83oVUE6FIZoVboWNuCICRhpCqelObtRRowki%2FtrF75bk97%2FwEF5%2Bqe9C4yKoJzUSE59w%3D%3D","environmentVariables":{"FIREBASE_CONFIG":"{\"projectId\":\"x-news-korea-f1830\",\"storageBucket\":\"x-news-korea-f1830.appspot.com\",\"locationId\":\"asia-northeast3\"}","GCLOUD_PROJECT":"x-news-korea-f1830","EVENTARC_CLOUD_EVENT_SOURCE":"projects/x-news-korea-f1830/locations/us-central1/functions/getSecretsFunction"},"runtime":"nodejs18","buildEnvironmentVariables":{"GOOGLE_NODE_RUN_SCRIPTS":""},"dockerRegistry":"ARTIFACT_REGISTRY"},"versionId":"1","updateTime":"2024-09-02T15:41:12Z","buildId":"53de5e54-04ce-4d93-b69b-d9e090ed736e","buildName":"projects/459934345714/locations/us-central1/builds/53de5e54-04ce-4d93-b69b-d9e090ed736e"}}
[debug] [2024-09-02T15:41:40.311Z] [create-default-us-central1-getSecretsFunction] Retrying task index 0
[debug] [2024-09-02T15:41:40.312Z] >>> [apiv2][query] GET https://cloudfunctions.googleapis.com/v1/operations/eC1uZXdzLWtvcmVhLWYxODMwL3VzLWNlbnRyYWwxL2dldFNlY3JldHNGdW5jdGlvbi83djBocmd6ck0xcw [none]
[debug] [2024-09-02T15:41:40.929Z] <<< [apiv2][status] GET https://cloudfunctions.googleapis.com/v1/operations/eC1uZXdzLWtvcmVhLWYxODMwL3VzLWNlbnRyYWwxL2dldFNlY3JldHNGdW5jdGlvbi83djBocmd6ck0xcw 200
[debug] [2024-09-02T15:41:40.929Z] <<< [apiv2][body] GET https://cloudfunctions.googleapis.com/v1/operations/eC1uZXdzLWtvcmVhLWYxODMwL3VzLWNlbnRyYWwxL2dldFNlY3JldHNGdW5jdGlvbi83djBocmd6ck0xcw {"name":"operations/eC1uZXdzLWtvcmVhLWYxODMwL3VzLWNlbnRyYWwxL2dldFNlY3JldHNGdW5jdGlvbi83djBocmd6ck0xcw","metadata":{"@type":"type.googleapis.com/google.cloud.functions.v1.OperationMetadataV1","target":"projects/x-news-korea-f1830/locations/us-central1/functions/getSecretsFunction","type":"CREATE_FUNCTION","request":{"@type":"type.googleapis.com/google.cloud.functions.v1.CloudFunction","name":"projects/x-news-korea-f1830/locations/us-central1/functions/getSecretsFunction","httpsTrigger":{"securityLevel":"SECURE_ALWAYS"},"entryPoint":"getSecretsFunction","labels":{"deployment-tool":"cli-firebase","deployment-callable":"true","firebase-functions-hash":"e3afc5174c6eaac425dbcb72f73748bb92d6f24f"},"sourceUploadUrl":"https://storage.googleapis.com/uploads-993892563940.us-central1.cloudfunctions.appspot.com/5b41733c-4695-491e-9f18-7b7ff8f1548a.zip?GoogleAccessId=service-459934345714@gcf-admin-robot.iam.gserviceaccount.com&Expires=1725293464&Signature=mmm4yjqmVX0nFPJPWRyN2B%2FNZZSrnbJOikeL8hmW9UoNcofDrlpljRb9P0CaY26aPNblpeYsrodCIZN%2BBwbyE5XZSKMeJjBS0HZybQResR6VN38JSSbsjlOyJX1D6Xbd%2FHV1H0yeCl35teivzy%2FmuFVYzHXwYSJrquIuypvS%2F0v0DNELqSAGBJ0hcOW0EbqLN81yNDRxAf3vI8fxNpXcdTDrVybGfu%2F1UvUAk7TIPr9NjsRs%2Ftw6olOQuGEaqcNM7%2BBUaAway9aBki6z%2BK83oVUE6FIZoVboWNuCICRhpCqelObtRRowki%2FtrF75bk97%2FwEF5%2Bqe9C4yKoJzUSE59w%3D%3D","environmentVariables":{"FIREBASE_CONFIG":"{\"projectId\":\"x-news-korea-f1830\",\"storageBucket\":\"x-news-korea-f1830.appspot.com\",\"locationId\":\"asia-northeast3\"}","GCLOUD_PROJECT":"x-news-korea-f1830","EVENTARC_CLOUD_EVENT_SOURCE":"projects/x-news-korea-f1830/locations/us-central1/functions/getSecretsFunction"},"runtime":"nodejs18","buildEnvironmentVariables":{"GOOGLE_NODE_RUN_SCRIPTS":""},"dockerRegistry":"ARTIFACT_REGISTRY"},"versionId":"1","updateTime":"2024-09-02T15:41:12Z","buildId":"53de5e54-04ce-4d93-b69b-d9e090ed736e","buildName":"projects/459934345714/locations/us-central1/builds/53de5e54-04ce-4d93-b69b-d9e090ed736e"}}
[debug] [2024-09-02T15:41:50.929Z] [create-default-us-central1-getSecretsFunction] Retrying task index 0
[debug] [2024-09-02T15:41:50.930Z] >>> [apiv2][query] GET https://cloudfunctions.googleapis.com/v1/operations/eC1uZXdzLWtvcmVhLWYxODMwL3VzLWNlbnRyYWwxL2dldFNlY3JldHNGdW5jdGlvbi83djBocmd6ck0xcw [none]
[debug] [2024-09-02T15:41:51.534Z] <<< [apiv2][status] GET https://cloudfunctions.googleapis.com/v1/operations/eC1uZXdzLWtvcmVhLWYxODMwL3VzLWNlbnRyYWwxL2dldFNlY3JldHNGdW5jdGlvbi83djBocmd6ck0xcw 200
[debug] [2024-09-02T15:41:51.534Z] <<< [apiv2][body] GET https://cloudfunctions.googleapis.com/v1/operations/eC1uZXdzLWtvcmVhLWYxODMwL3VzLWNlbnRyYWwxL2dldFNlY3JldHNGdW5jdGlvbi83djBocmd6ck0xcw {"name":"operations/eC1uZXdzLWtvcmVhLWYxODMwL3VzLWNlbnRyYWwxL2dldFNlY3JldHNGdW5jdGlvbi83djBocmd6ck0xcw","metadata":{"@type":"type.googleapis.com/google.cloud.functions.v1.OperationMetadataV1","target":"projects/x-news-korea-f1830/locations/us-central1/functions/getSecretsFunction","type":"CREATE_FUNCTION","request":{"@type":"type.googleapis.com/google.cloud.functions.v1.CloudFunction","name":"projects/x-news-korea-f1830/locations/us-central1/functions/getSecretsFunction","httpsTrigger":{"securityLevel":"SECURE_ALWAYS"},"entryPoint":"getSecretsFunction","labels":{"deployment-tool":"cli-firebase","deployment-callable":"true","firebase-functions-hash":"e3afc5174c6eaac425dbcb72f73748bb92d6f24f"},"sourceUploadUrl":"https://storage.googleapis.com/uploads-993892563940.us-central1.cloudfunctions.appspot.com/5b41733c-4695-491e-9f18-7b7ff8f1548a.zip?GoogleAccessId=service-459934345714@gcf-admin-robot.iam.gserviceaccount.com&Expires=1725293464&Signature=mmm4yjqmVX0nFPJPWRyN2B%2FNZZSrnbJOikeL8hmW9UoNcofDrlpljRb9P0CaY26aPNblpeYsrodCIZN%2BBwbyE5XZSKMeJjBS0HZybQResR6VN38JSSbsjlOyJX1D6Xbd%2FHV1H0yeCl35teivzy%2FmuFVYzHXwYSJrquIuypvS%2F0v0DNELqSAGBJ0hcOW0EbqLN81yNDRxAf3vI8fxNpXcdTDrVybGfu%2F1UvUAk7TIPr9NjsRs%2Ftw6olOQuGEaqcNM7%2BBUaAway9aBki6z%2BK83oVUE6FIZoVboWNuCICRhpCqelObtRRowki%2FtrF75bk97%2FwEF5%2Bqe9C4yKoJzUSE59w%3D%3D","environmentVariables":{"FIREBASE_CONFIG":"{\"projectId\":\"x-news-korea-f1830\",\"storageBucket\":\"x-news-korea-f1830.appspot.com\",\"locationId\":\"asia-northeast3\"}","GCLOUD_PROJECT":"x-news-korea-f1830","EVENTARC_CLOUD_EVENT_SOURCE":"projects/x-news-korea-f1830/locations/us-central1/functions/getSecretsFunction"},"runtime":"nodejs18","buildEnvironmentVariables":{"GOOGLE_NODE_RUN_SCRIPTS":""},"dockerRegistry":"ARTIFACT_REGISTRY"},"versionId":"1","updateTime":"2024-09-02T15:41:12Z","buildId":"53de5e54-04ce-4d93-b69b-d9e090ed736e","buildName":"projects/459934345714/locations/us-central1/builds/53de5e54-04ce-4d93-b69b-d9e090ed736e"}}
[debug] [2024-09-02T15:42:01.536Z] [create-default-us-central1-getSecretsFunction] Retrying task index 0
[debug] [2024-09-02T15:42:01.537Z] >>> [apiv2][query] GET https://cloudfunctions.googleapis.com/v1/operations/eC1uZXdzLWtvcmVhLWYxODMwL3VzLWNlbnRyYWwxL2dldFNlY3JldHNGdW5jdGlvbi83djBocmd6ck0xcw [none]
[debug] [2024-09-02T15:42:02.205Z] <<< [apiv2][status] GET https://cloudfunctions.googleapis.com/v1/operations/eC1uZXdzLWtvcmVhLWYxODMwL3VzLWNlbnRyYWwxL2dldFNlY3JldHNGdW5jdGlvbi83djBocmd6ck0xcw 200
[debug] [2024-09-02T15:42:02.206Z] <<< [apiv2][body] GET https://cloudfunctions.googleapis.com/v1/operations/eC1uZXdzLWtvcmVhLWYxODMwL3VzLWNlbnRyYWwxL2dldFNlY3JldHNGdW5jdGlvbi83djBocmd6ck0xcw {"name":"operations/eC1uZXdzLWtvcmVhLWYxODMwL3VzLWNlbnRyYWwxL2dldFNlY3JldHNGdW5jdGlvbi83djBocmd6ck0xcw","metadata":{"@type":"type.googleapis.com/google.cloud.functions.v1.OperationMetadataV1","target":"projects/x-news-korea-f1830/locations/us-central1/functions/getSecretsFunction","type":"CREATE_FUNCTION","request":{"@type":"type.googleapis.com/google.cloud.functions.v1.CloudFunction","name":"projects/x-news-korea-f1830/locations/us-central1/functions/getSecretsFunction","httpsTrigger":{"securityLevel":"SECURE_ALWAYS"},"entryPoint":"getSecretsFunction","labels":{"deployment-tool":"cli-firebase","deployment-callable":"true","firebase-functions-hash":"e3afc5174c6eaac425dbcb72f73748bb92d6f24f"},"sourceUploadUrl":"https://storage.googleapis.com/uploads-993892563940.us-central1.cloudfunctions.appspot.com/5b41733c-4695-491e-9f18-7b7ff8f1548a.zip?GoogleAccessId=service-459934345714@gcf-admin-robot.iam.gserviceaccount.com&Expires=1725293464&Signature=mmm4yjqmVX0nFPJPWRyN2B%2FNZZSrnbJOikeL8hmW9UoNcofDrlpljRb9P0CaY26aPNblpeYsrodCIZN%2BBwbyE5XZSKMeJjBS0HZybQResR6VN38JSSbsjlOyJX1D6Xbd%2FHV1H0yeCl35teivzy%2FmuFVYzHXwYSJrquIuypvS%2F0v0DNELqSAGBJ0hcOW0EbqLN81yNDRxAf3vI8fxNpXcdTDrVybGfu%2F1UvUAk7TIPr9NjsRs%2Ftw6olOQuGEaqcNM7%2BBUaAway9aBki6z%2BK83oVUE6FIZoVboWNuCICRhpCqelObtRRowki%2FtrF75bk97%2FwEF5%2Bqe9C4yKoJzUSE59w%3D%3D","environmentVariables":{"FIREBASE_CONFIG":"{\"projectId\":\"x-news-korea-f1830\",\"storageBucket\":\"x-news-korea-f1830.appspot.com\",\"locationId\":\"asia-northeast3\"}","GCLOUD_PROJECT":"x-news-korea-f1830","EVENTARC_CLOUD_EVENT_SOURCE":"projects/x-news-korea-f1830/locations/us-central1/functions/getSecretsFunction"},"runtime":"nodejs18","buildEnvironmentVariables":{"GOOGLE_NODE_RUN_SCRIPTS":""},"dockerRegistry":"ARTIFACT_REGISTRY"},"versionId":"1","updateTime":"2024-09-02T15:41:12Z","buildId":"53de5e54-04ce-4d93-b69b-d9e090ed736e","buildName":"projects/459934345714/locations/us-central1/builds/53de5e54-04ce-4d93-b69b-d9e090ed736e"}}
[debug] [2024-09-02T15:42:12.207Z] [create-default-us-central1-getSecretsFunction] Retrying task index 0
[debug] [2024-09-02T15:42:12.208Z] >>> [apiv2][query] GET https://cloudfunctions.googleapis.com/v1/operations/eC1uZXdzLWtvcmVhLWYxODMwL3VzLWNlbnRyYWwxL2dldFNlY3JldHNGdW5jdGlvbi83djBocmd6ck0xcw [none]
[debug] [2024-09-02T15:42:12.830Z] <<< [apiv2][status] GET https://cloudfunctions.googleapis.com/v1/operations/eC1uZXdzLWtvcmVhLWYxODMwL3VzLWNlbnRyYWwxL2dldFNlY3JldHNGdW5jdGlvbi83djBocmd6ck0xcw 200
[debug] [2024-09-02T15:42:12.831Z] <<< [apiv2][body] GET https://cloudfunctions.googleapis.com/v1/operations/eC1uZXdzLWtvcmVhLWYxODMwL3VzLWNlbnRyYWwxL2dldFNlY3JldHNGdW5jdGlvbi83djBocmd6ck0xcw {"name":"operations/eC1uZXdzLWtvcmVhLWYxODMwL3VzLWNlbnRyYWwxL2dldFNlY3JldHNGdW5jdGlvbi83djBocmd6ck0xcw","metadata":{"@type":"type.googleapis.com/google.cloud.functions.v1.OperationMetadataV1","target":"projects/x-news-korea-f1830/locations/us-central1/functions/getSecretsFunction","type":"CREATE_FUNCTION","request":{"@type":"type.googleapis.com/google.cloud.functions.v1.CloudFunction","name":"projects/x-news-korea-f1830/locations/us-central1/functions/getSecretsFunction","httpsTrigger":{"securityLevel":"SECURE_ALWAYS"},"entryPoint":"getSecretsFunction","labels":{"deployment-tool":"cli-firebase","deployment-callable":"true","firebase-functions-hash":"e3afc5174c6eaac425dbcb72f73748bb92d6f24f"},"sourceUploadUrl":"https://storage.googleapis.com/uploads-993892563940.us-central1.cloudfunctions.appspot.com/5b41733c-4695-491e-9f18-7b7ff8f1548a.zip?GoogleAccessId=service-459934345714@gcf-admin-robot.iam.gserviceaccount.com&Expires=1725293464&Signature=mmm4yjqmVX0nFPJPWRyN2B%2FNZZSrnbJOikeL8hmW9UoNcofDrlpljRb9P0CaY26aPNblpeYsrodCIZN%2BBwbyE5XZSKMeJjBS0HZybQResR6VN38JSSbsjlOyJX1D6Xbd%2FHV1H0yeCl35teivzy%2FmuFVYzHXwYSJrquIuypvS%2F0v0DNELqSAGBJ0hcOW0EbqLN81yNDRxAf3vI8fxNpXcdTDrVybGfu%2F1UvUAk7TIPr9NjsRs%2Ftw6olOQuGEaqcNM7%2BBUaAway9aBki6z%2BK83oVUE6FIZoVboWNuCICRhpCqelObtRRowki%2FtrF75bk97%2FwEF5%2Bqe9C4yKoJzUSE59w%3D%3D","environmentVariables":{"FIREBASE_CONFIG":"{\"projectId\":\"x-news-korea-f1830\",\"storageBucket\":\"x-news-korea-f1830.appspot.com\",\"locationId\":\"asia-northeast3\"}","GCLOUD_PROJECT":"x-news-korea-f1830","EVENTARC_CLOUD_EVENT_SOURCE":"projects/x-news-korea-f1830/locations/us-central1/functions/getSecretsFunction"},"runtime":"nodejs18","buildEnvironmentVariables":{"GOOGLE_NODE_RUN_SCRIPTS":""},"dockerRegistry":"ARTIFACT_REGISTRY"},"versionId":"1","updateTime":"2024-09-02T15:41:12Z","buildId":"53de5e54-04ce-4d93-b69b-d9e090ed736e","buildName":"projects/459934345714/locations/us-central1/builds/53de5e54-04ce-4d93-b69b-d9e090ed736e"}}
[debug] [2024-09-02T15:42:22.831Z] [create-default-us-central1-getSecretsFunction] Retrying task index 0
[debug] [2024-09-02T15:42:22.832Z] >>> [apiv2][query] GET https://cloudfunctions.googleapis.com/v1/operations/eC1uZXdzLWtvcmVhLWYxODMwL3VzLWNlbnRyYWwxL2dldFNlY3JldHNGdW5jdGlvbi83djBocmd6ck0xcw [none]
[debug] [2024-09-02T15:42:23.450Z] <<< [apiv2][status] GET https://cloudfunctions.googleapis.com/v1/operations/eC1uZXdzLWtvcmVhLWYxODMwL3VzLWNlbnRyYWwxL2dldFNlY3JldHNGdW5jdGlvbi83djBocmd6ck0xcw 200
[debug] [2024-09-02T15:42:23.451Z] <<< [apiv2][body] GET https://cloudfunctions.googleapis.com/v1/operations/eC1uZXdzLWtvcmVhLWYxODMwL3VzLWNlbnRyYWwxL2dldFNlY3JldHNGdW5jdGlvbi83djBocmd6ck0xcw {"name":"operations/eC1uZXdzLWtvcmVhLWYxODMwL3VzLWNlbnRyYWwxL2dldFNlY3JldHNGdW5jdGlvbi83djBocmd6ck0xcw","metadata":{"@type":"type.googleapis.com/google.cloud.functions.v1.OperationMetadataV1","target":"projects/x-news-korea-f1830/locations/us-central1/functions/getSecretsFunction","type":"CREATE_FUNCTION","request":{"@type":"type.googleapis.com/google.cloud.functions.v1.CloudFunction","name":"projects/x-news-korea-f1830/locations/us-central1/functions/getSecretsFunction","httpsTrigger":{"securityLevel":"SECURE_ALWAYS"},"entryPoint":"getSecretsFunction","labels":{"deployment-tool":"cli-firebase","deployment-callable":"true","firebase-functions-hash":"e3afc5174c6eaac425dbcb72f73748bb92d6f24f"},"sourceUploadUrl":"https://storage.googleapis.com/uploads-993892563940.us-central1.cloudfunctions.appspot.com/5b41733c-4695-491e-9f18-7b7ff8f1548a.zip?GoogleAccessId=service-459934345714@gcf-admin-robot.iam.gserviceaccount.com&Expires=1725293464&Signature=mmm4yjqmVX0nFPJPWRyN2B%2FNZZSrnbJOikeL8hmW9UoNcofDrlpljRb9P0CaY26aPNblpeYsrodCIZN%2BBwbyE5XZSKMeJjBS0HZybQResR6VN38JSSbsjlOyJX1D6Xbd%2FHV1H0yeCl35teivzy%2FmuFVYzHXwYSJrquIuypvS%2F0v0DNELqSAGBJ0hcOW0EbqLN81yNDRxAf3vI8fxNpXcdTDrVybGfu%2F1UvUAk7TIPr9NjsRs%2Ftw6olOQuGEaqcNM7%2BBUaAway9aBki6z%2BK83oVUE6FIZoVboWNuCICRhpCqelObtRRowki%2FtrF75bk97%2FwEF5%2Bqe9C4yKoJzUSE59w%3D%3D","environmentVariables":{"FIREBASE_CONFIG":"{\"projectId\":\"x-news-korea-f1830\",\"storageBucket\":\"x-news-korea-f1830.appspot.com\",\"locationId\":\"asia-northeast3\"}","GCLOUD_PROJECT":"x-news-korea-f1830","EVENTARC_CLOUD_EVENT_SOURCE":"projects/x-news-korea-f1830/locations/us-central1/functions/getSecretsFunction"},"runtime":"nodejs18","buildEnvironmentVariables":{"GOOGLE_NODE_RUN_SCRIPTS":""},"dockerRegistry":"ARTIFACT_REGISTRY"},"versionId":"1","updateTime":"2024-09-02T15:41:12Z","buildId":"53de5e54-04ce-4d93-b69b-d9e090ed736e","sourceToken":"aaa0acd0-eac6-41ad-ba51-89ed6f22f781","buildName":"projects/459934345714/locations/us-central1/builds/53de5e54-04ce-4d93-b69b-d9e090ed736e"}}
[debug] [2024-09-02T15:42:23.451Z] Got source token aaa0acd0-eac6-41ad-ba51-89ed6f22f781 for region us-central1
[debug] [2024-09-02T15:42:33.452Z] [create-default-us-central1-getSecretsFunction] Retrying task index 0
[debug] [2024-09-02T15:42:33.452Z] >>> [apiv2][query] GET https://cloudfunctions.googleapis.com/v1/operations/eC1uZXdzLWtvcmVhLWYxODMwL3VzLWNlbnRyYWwxL2dldFNlY3JldHNGdW5jdGlvbi83djBocmd6ck0xcw [none]
[debug] [2024-09-02T15:42:34.120Z] <<< [apiv2][status] GET https://cloudfunctions.googleapis.com/v1/operations/eC1uZXdzLWtvcmVhLWYxODMwL3VzLWNlbnRyYWwxL2dldFNlY3JldHNGdW5jdGlvbi83djBocmd6ck0xcw 200
[debug] [2024-09-02T15:42:34.120Z] <<< [apiv2][body] GET https://cloudfunctions.googleapis.com/v1/operations/eC1uZXdzLWtvcmVhLWYxODMwL3VzLWNlbnRyYWwxL2dldFNlY3JldHNGdW5jdGlvbi83djBocmd6ck0xcw {"name":"operations/eC1uZXdzLWtvcmVhLWYxODMwL3VzLWNlbnRyYWwxL2dldFNlY3JldHNGdW5jdGlvbi83djBocmd6ck0xcw","metadata":{"@type":"type.googleapis.com/google.cloud.functions.v1.OperationMetadataV1","target":"projects/x-news-korea-f1830/locations/us-central1/functions/getSecretsFunction","type":"CREATE_FUNCTION","request":{"@type":"type.googleapis.com/google.cloud.functions.v1.CloudFunction","name":"projects/x-news-korea-f1830/locations/us-central1/functions/getSecretsFunction","httpsTrigger":{"securityLevel":"SECURE_ALWAYS"},"entryPoint":"getSecretsFunction","labels":{"deployment-tool":"cli-firebase","deployment-callable":"true","firebase-functions-hash":"e3afc5174c6eaac425dbcb72f73748bb92d6f24f"},"sourceUploadUrl":"https://storage.googleapis.com/uploads-993892563940.us-central1.cloudfunctions.appspot.com/5b41733c-4695-491e-9f18-7b7ff8f1548a.zip?GoogleAccessId=service-459934345714@gcf-admin-robot.iam.gserviceaccount.com&Expires=1725293464&Signature=mmm4yjqmVX0nFPJPWRyN2B%2FNZZSrnbJOikeL8hmW9UoNcofDrlpljRb9P0CaY26aPNblpeYsrodCIZN%2BBwbyE5XZSKMeJjBS0HZybQResR6VN38JSSbsjlOyJX1D6Xbd%2FHV1H0yeCl35teivzy%2FmuFVYzHXwYSJrquIuypvS%2F0v0DNELqSAGBJ0hcOW0EbqLN81yNDRxAf3vI8fxNpXcdTDrVybGfu%2F1UvUAk7TIPr9NjsRs%2Ftw6olOQuGEaqcNM7%2BBUaAway9aBki6z%2BK83oVUE6FIZoVboWNuCICRhpCqelObtRRowki%2FtrF75bk97%2FwEF5%2Bqe9C4yKoJzUSE59w%3D%3D","environmentVariables":{"FIREBASE_CONFIG":"{\"projectId\":\"x-news-korea-f1830\",\"storageBucket\":\"x-news-korea-f1830.appspot.com\",\"locationId\":\"asia-northeast3\"}","GCLOUD_PROJECT":"x-news-korea-f1830","EVENTARC_CLOUD_EVENT_SOURCE":"projects/x-news-korea-f1830/locations/us-central1/functions/getSecretsFunction"},"runtime":"nodejs18","buildEnvironmentVariables":{"GOOGLE_NODE_RUN_SCRIPTS":""},"dockerRegistry":"ARTIFACT_REGISTRY"},"versionId":"1","updateTime":"2024-09-02T15:41:12Z","buildId":"53de5e54-04ce-4d93-b69b-d9e090ed736e","sourceToken":"aaa0acd0-eac6-41ad-ba51-89ed6f22f781","buildName":"projects/459934345714/locations/us-central1/builds/53de5e54-04ce-4d93-b69b-d9e090ed736e"}}
[debug] [2024-09-02T15:42:34.121Z] Got source token aaa0acd0-eac6-41ad-ba51-89ed6f22f781 for region us-central1
[debug] [2024-09-02T15:42:44.122Z] [create-default-us-central1-getSecretsFunction] Retrying task index 0
[debug] [2024-09-02T15:42:44.123Z] >>> [apiv2][query] GET https://cloudfunctions.googleapis.com/v1/operations/eC1uZXdzLWtvcmVhLWYxODMwL3VzLWNlbnRyYWwxL2dldFNlY3JldHNGdW5jdGlvbi83djBocmd6ck0xcw [none]
[debug] [2024-09-02T15:42:44.752Z] <<< [apiv2][status] GET https://cloudfunctions.googleapis.com/v1/operations/eC1uZXdzLWtvcmVhLWYxODMwL3VzLWNlbnRyYWwxL2dldFNlY3JldHNGdW5jdGlvbi83djBocmd6ck0xcw 200
[debug] [2024-09-02T15:42:44.753Z] <<< [apiv2][body] GET https://cloudfunctions.googleapis.com/v1/operations/eC1uZXdzLWtvcmVhLWYxODMwL3VzLWNlbnRyYWwxL2dldFNlY3JldHNGdW5jdGlvbi83djBocmd6ck0xcw {"name":"operations/eC1uZXdzLWtvcmVhLWYxODMwL3VzLWNlbnRyYWwxL2dldFNlY3JldHNGdW5jdGlvbi83djBocmd6ck0xcw","metadata":{"@type":"type.googleapis.com/google.cloud.functions.v1.OperationMetadataV1","target":"projects/x-news-korea-f1830/locations/us-central1/functions/getSecretsFunction","type":"CREATE_FUNCTION","request":{"@type":"type.googleapis.com/google.cloud.functions.v1.CloudFunction","name":"projects/x-news-korea-f1830/locations/us-central1/functions/getSecretsFunction","httpsTrigger":{"securityLevel":"SECURE_ALWAYS"},"entryPoint":"getSecretsFunction","labels":{"deployment-tool":"cli-firebase","deployment-callable":"true","firebase-functions-hash":"e3afc5174c6eaac425dbcb72f73748bb92d6f24f"},"sourceUploadUrl":"https://storage.googleapis.com/uploads-993892563940.us-central1.cloudfunctions.appspot.com/5b41733c-4695-491e-9f18-7b7ff8f1548a.zip?GoogleAccessId=service-459934345714@gcf-admin-robot.iam.gserviceaccount.com&Expires=1725293464&Signature=mmm4yjqmVX0nFPJPWRyN2B%2FNZZSrnbJOikeL8hmW9UoNcofDrlpljRb9P0CaY26aPNblpeYsrodCIZN%2BBwbyE5XZSKMeJjBS0HZybQResR6VN38JSSbsjlOyJX1D6Xbd%2FHV1H0yeCl35teivzy%2FmuFVYzHXwYSJrquIuypvS%2F0v0DNELqSAGBJ0hcOW0EbqLN81yNDRxAf3vI8fxNpXcdTDrVybGfu%2F1UvUAk7TIPr9NjsRs%2Ftw6olOQuGEaqcNM7%2BBUaAway9aBki6z%2BK83oVUE6FIZoVboWNuCICRhpCqelObtRRowki%2FtrF75bk97%2FwEF5%2Bqe9C4yKoJzUSE59w%3D%3D","environmentVariables":{"FIREBASE_CONFIG":"{\"projectId\":\"x-news-korea-f1830\",\"storageBucket\":\"x-news-korea-f1830.appspot.com\",\"locationId\":\"asia-northeast3\"}","GCLOUD_PROJECT":"x-news-korea-f1830","EVENTARC_CLOUD_EVENT_SOURCE":"projects/x-news-korea-f1830/locations/us-central1/functions/getSecretsFunction"},"runtime":"nodejs18","buildEnvironmentVariables":{"GOOGLE_NODE_RUN_SCRIPTS":""},"dockerRegistry":"ARTIFACT_REGISTRY"},"versionId":"1","updateTime":"2024-09-02T15:42:36Z","buildId":"53de5e54-04ce-4d93-b69b-d9e090ed736e","sourceToken":"aaa0acd0-eac6-41ad-ba51-89ed6f22f781","buildName":"projects/459934345714/locations/us-central1/builds/53de5e54-04ce-4d93-b69b-d9e090ed736e"},"done":true,"error":{"code":3,"message":"Function failed on loading user code. This is likely due to a bug in the user code. Error message: Provided module can't be loaded.\nDid you list all required modules in the package.json dependencies?\nDetailed stack trace: Error: Cannot find module '@google-cloud/secret-manager'\nRequire stack:\n- /workspace/index.js\n- /layers/google.nodejs.functions-framework/functions-framework/node_modules/@google-cloud/functions-framework/build/src/loader.js\n- /layers/google.nodejs.functions-framework/functions-framework/node_modules/@google-cloud/functions-framework/build/src/main.js\n    at Module._resolveFilename (node:internal/modules/cjs/loader:1140:15)\n    at Module._load (node:internal/modules/cjs/loader:981:27)\n    at Module.require (node:internal/modules/cjs/loader:1231:19)\n    at require (node:internal/modules/helpers:177:18)\n    at Object.<anonymous> (/workspace/index.js:2:38)\n    at Module._compile (node:internal/modules/cjs/loader:1364:14)\n    at Module._extensions..js (node:internal/modules/cjs/loader:1422:10)\n    at Module.load (node:internal/modules/cjs/loader:1203:32)\n    at Module._load (node:internal/modules/cjs/loader:1019:12)\n    at Module.require (node:internal/modules/cjs/loader:1231:19)\nCould not load the function, shutting down.. Please visit https://cloud.google.com/functions/docs/troubleshooting for in-depth troubleshooting documentation."}}
[debug] [2024-09-02T15:42:44.753Z] Got source token aaa0acd0-eac6-41ad-ba51-89ed6f22f781 for region us-central1
[error] Function failed on loading user code. This is likely due to a bug in the user code. Error message: Provided module can't be loaded.
Did you list all required modules in the package.json dependencies?
Detailed stack trace: Error: Cannot find module '@google-cloud/secret-manager'
Require stack:
- /workspace/index.js
- /layers/google.nodejs.functions-framework/functions-framework/node_modules/@google-cloud/functions-framework/build/src/loader.js
- /layers/google.nodejs.functions-framework/functions-framework/node_modules/@google-cloud/functions-framework/build/src/main.js
    at Module._resolveFilename (node:internal/modules/cjs/loader:1140:15)
    at Module._load (node:internal/modules/cjs/loader:981:27)
    at Module.require (node:internal/modules/cjs/loader:1231:19)
    at require (node:internal/modules/helpers:177:18)
    at Object.<anonymous> (/workspace/index.js:2:38)
    at Module._compile (node:internal/modules/cjs/loader:1364:14)
    at Module._extensions..js (node:internal/modules/cjs/loader:1422:10)
    at Module.load (node:internal/modules/cjs/loader:1203:32)
    at Module._load (node:internal/modules/cjs/loader:1019:12)
    at Module.require (node:internal/modules/cjs/loader:1231:19)
Could not load the function, shutting down.. Please visit https://cloud.google.com/functions/docs/troubleshooting for in-depth troubleshooting documentation.
[debug] [2024-09-02T15:42:44.755Z] Total Function Deployment time: 93191
[debug] [2024-09-02T15:42:44.755Z] 1 Functions Deployed
[debug] [2024-09-02T15:42:44.756Z] 1 Functions Errored
[debug] [2024-09-02T15:42:44.756Z] 0 Function Deployments Aborted
[debug] [2024-09-02T15:42:44.756Z] Average Function Deployment time: 93190
[info] 
[info] Functions deploy had errors with the following functions:
	getSecretsFunction(us-central1)
[info] i  functions: cleaning up build files... 
[debug] [2024-09-02T15:42:44.758Z] >>> [apiv2][query] DELETE https://artifactregistry.googleapis.com/v1beta2/projects/x-news-korea-f1830/locations/us-central1/repositories/gcf-artifacts/packages/get_secrets_function [none]
[debug] [2024-09-02T15:42:44.760Z] >>> [apiv2][query] GET https://us.gcr.io/v2/x-news-korea-f1830/gcf/us-central1/tags/list [none]
[debug] [2024-09-02T15:42:45.714Z] <<< [apiv2][status] DELETE https://artifactregistry.googleapis.com/v1beta2/projects/x-news-korea-f1830/locations/us-central1/repositories/gcf-artifacts/packages/get_secrets_function 200
[debug] [2024-09-02T15:42:45.714Z] <<< [apiv2][body] DELETE https://artifactregistry.googleapis.com/v1beta2/projects/x-news-korea-f1830/locations/us-central1/repositories/gcf-artifacts/packages/get_secrets_function {"name":"projects/x-news-korea-f1830/locations/us-central1/operations/21a18267-dac8-4a99-bce8-f7d82e8d8614","metadata":{"@type":"type.googleapis.com/google.devtools.artifactregistry.v1beta2.OperationMetadata"}}
[debug] [2024-09-02T15:42:45.715Z] >>> [apiv2][query] GET https://artifactregistry.googleapis.com/v1beta2/projects/x-news-korea-f1830/locations/us-central1/operations/21a18267-dac8-4a99-bce8-f7d82e8d8614 [none]
[debug] [2024-09-02T15:42:45.824Z] <<< [apiv2][status] GET https://us.gcr.io/v2/x-news-korea-f1830/gcf/us-central1/tags/list 404
[debug] [2024-09-02T15:42:45.824Z] <<< [apiv2][body] GET https://us.gcr.io/v2/x-news-korea-f1830/gcf/us-central1/tags/list {"errors":[{"code":"NAME_UNKNOWN","message":"Repository \"us.gcr.io\" not found"}]}
[debug] [2024-09-02T15:42:45.825Z] Failed docker command with error  HTTP Error: 404, Not Found {"name":"FirebaseError","children":[],"context":{"body":{"errors":[{"code":"NAME_UNKNOWN","message":"Repository \"us.gcr.io\" not found"}],"error":{"message":"Not Found"}},"response":{"statusCode":404}},"exit":1,"message":"HTTP Error: 404, Not Found","status":404}
[debug] [2024-09-02T15:42:45.827Z] >>> [apiv2][query] GET https://us.gcr.io/v2/x-news-korea-f1830/gcf/us-central1/tags/list [none]
[debug] [2024-09-02T15:42:46.124Z] <<< [apiv2][status] GET https://artifactregistry.googleapis.com/v1beta2/projects/x-news-korea-f1830/locations/us-central1/operations/21a18267-dac8-4a99-bce8-f7d82e8d8614 200
[debug] [2024-09-02T15:42:46.125Z] <<< [apiv2][body] GET https://artifactregistry.googleapis.com/v1beta2/projects/x-news-korea-f1830/locations/us-central1/operations/21a18267-dac8-4a99-bce8-f7d82e8d8614 {"name":"projects/x-news-korea-f1830/locations/us-central1/operations/21a18267-dac8-4a99-bce8-f7d82e8d8614","metadata":{"@type":"type.googleapis.com/google.devtools.artifactregistry.v1beta2.OperationMetadata"},"done":true,"response":{"@type":"type.googleapis.com/google.protobuf.Empty"}}
[debug] [2024-09-02T15:42:46.137Z] <<< [apiv2][status] GET https://us.gcr.io/v2/x-news-korea-f1830/gcf/us-central1/tags/list 404
[debug] [2024-09-02T15:42:46.137Z] <<< [apiv2][body] GET https://us.gcr.io/v2/x-news-korea-f1830/gcf/us-central1/tags/list {"errors":[{"code":"NAME_UNKNOWN","message":"Repository \"us.gcr.io\" not found"}]}
[debug] [2024-09-02T15:42:46.137Z] Failed docker command with error  HTTP Error: 404, Not Found {"name":"FirebaseError","children":[],"context":{"body":{"errors":[{"code":"NAME_UNKNOWN","message":"Repository \"us.gcr.io\" not found"}],"error":{"message":"Not Found"}},"response":{"statusCode":404}},"exit":1,"message":"HTTP Error: 404, Not Found","status":404}
[debug] [2024-09-02T15:42:46.239Z] >>> [apiv2][query] GET https://us.gcr.io/v2/x-news-korea-f1830/gcf/us-central1/tags/list [none]
[debug] [2024-09-02T15:42:46.559Z] <<< [apiv2][status] GET https://us.gcr.io/v2/x-news-korea-f1830/gcf/us-central1/tags/list 404
[debug] [2024-09-02T15:42:46.559Z] <<< [apiv2][body] GET https://us.gcr.io/v2/x-news-korea-f1830/gcf/us-central1/tags/list {"errors":[{"code":"NAME_UNKNOWN","message":"Repository \"us.gcr.io\" not found"}]}
[debug] [2024-09-02T15:42:46.560Z] Failed docker command with error  HTTP Error: 404, Not Found {"name":"FirebaseError","children":[],"context":{"body":{"errors":[{"code":"NAME_UNKNOWN","message":"Repository \"us.gcr.io\" not found"}],"error":{"message":"Not Found"}},"response":{"statusCode":404}},"exit":1,"message":"HTTP Error: 404, Not Found","status":404}
[warn] ⚠  functions: Unhandled error cleaning up build images. This could result in a small monthly bill if not corrected. You can attempt to delete these images by redeploying or you can delete them manually at https://console.cloud.google.com/gcr/images/x-news-korea-f1830/us/gcf 
[debug] [2024-09-02T15:42:46.560Z] Functions deploy failed.
[debug] [2024-09-02T15:42:46.560Z] {
  "endpoint": {
    "id": "getSecretsFunction",
    "project": "x-news-korea-f1830",
    "region": "us-central1",
    "entryPoint": "getSecretsFunction",
    "platform": "gcfv1",
    "runtime": "nodejs18",
    "callableTrigger": {},
    "labels": {
      "deployment-tool": "cli-firebase"
    },
    "ingressSettings": null,
    "availableMemoryMb": null,
    "serviceAccount": null,
    "timeoutSeconds": null,
    "maxInstances": null,
    "minInstances": null,
    "vpc": null,
    "environmentVariables": {
      "FIREBASE_CONFIG": "{\"projectId\":\"x-news-korea-f1830\",\"storageBucket\":\"x-news-korea-f1830.appspot.com\",\"locationId\":\"asia-northeast3\"}",
      "GCLOUD_PROJECT": "x-news-korea-f1830",
      "EVENTARC_CLOUD_EVENT_SOURCE": "projects/x-news-korea-f1830/locations/us-central1/functions/getSecretsFunction"
    },
    "codebase": "default",
    "targetedByOnly": false,
    "hash": "e3afc5174c6eaac425dbcb72f73748bb92d6f24f"
  },
  "op": "create",
  "original": {
    "name": "FirebaseError",
    "children": [],
    "exit": 1,
    "message": "Function failed on loading user code. This is likely due to a bug in the user code. Error message: Provided module can't be loaded.\nDid you list all required modules in the package.json dependencies?\nDetailed stack trace: Error: Cannot find module '@google-cloud/secret-manager'\nRequire stack:\n- /workspace/index.js\n- /layers/google.nodejs.functions-framework/functions-framework/node_modules/@google-cloud/functions-framework/build/src/loader.js\n- /layers/google.nodejs.functions-framework/functions-framework/node_modules/@google-cloud/functions-framework/build/src/main.js\n    at Module._resolveFilename (node:internal/modules/cjs/loader:1140:15)\n    at Module._load (node:internal/modules/cjs/loader:981:27)\n    at Module.require (node:internal/modules/cjs/loader:1231:19)\n    at require (node:internal/modules/helpers:177:18)\n    at Object.<anonymous> (/workspace/index.js:2:38)\n    at Module._compile (node:internal/modules/cjs/loader:1364:14)\n    at Module._extensions..js (node:internal/modules/cjs/loader:1422:10)\n    at Module.load (node:internal/modules/cjs/loader:1203:32)\n    at Module._load (node:internal/modules/cjs/loader:1019:12)\n    at Module.require (node:internal/modules/cjs/loader:1231:19)\nCould not load the function, shutting down.. Please visit https://cloud.google.com/functions/docs/troubleshooting for in-depth troubleshooting documentation.",
    "original": {
      "code": 3,
      "message": "Function failed on loading user code. This is likely due to a bug in the user code. Error message: Provided module can't be loaded.\nDid you list all required modules in the package.json dependencies?\nDetailed stack trace: Error: Cannot find module '@google-cloud/secret-manager'\nRequire stack:\n- /workspace/index.js\n- /layers/google.nodejs.functions-framework/functions-framework/node_modules/@google-cloud/functions-framework/build/src/loader.js\n- /layers/google.nodejs.functions-framework/functions-framework/node_modules/@google-cloud/functions-framework/build/src/main.js\n    at Module._resolveFilename (node:internal/modules/cjs/loader:1140:15)\n    at Module._load (node:internal/modules/cjs/loader:981:27)\n    at Module.require (node:internal/modules/cjs/loader:1231:19)\n    at require (node:internal/modules/helpers:177:18)\n    at Object.<anonymous> (/workspace/index.js:2:38)\n    at Module._compile (node:internal/modules/cjs/loader:1364:14)\n    at Module._extensions..js (node:internal/modules/cjs/loader:1422:10)\n    at Module.load (node:internal/modules/cjs/loader:1203:32)\n    at Module._load (node:internal/modules/cjs/loader:1019:12)\n    at Module.require (node:internal/modules/cjs/loader:1231:19)\nCould not load the function, shutting down.. Please visit https://cloud.google.com/functions/docs/troubleshooting for in-depth troubleshooting documentation."
    },
    "status": 3,
    "code": 3
  }
}
[debug] [2024-09-02T15:42:46.561Z] Error: Failed to create function getSecretsFunction in region us-central1
    at /usr/local/lib/node_modules/firebase-tools/lib/deploy/functions/release/fabricator.js:52:11
    at process.processTicksAndRejections (node:internal/process/task_queues:95:5)
    at async Fabricator.createV1Function (/usr/local/lib/node_modules/firebase-tools/lib/deploy/functions/release/fabricator.js:182:32)
    at async Fabricator.createEndpoint (/usr/local/lib/node_modules/firebase-tools/lib/deploy/functions/release/fabricator.js:134:13)
    at async handle (/usr/local/lib/node_modules/firebase-tools/lib/deploy/functions/release/fabricator.js:89:17)
[error] 
[error] Error: There was an error deploying functions
